[1.470s] Invoking command in '/home/ubuntu/gcamp_ros2_ws/build/py_action_pkg': CMAKE_PREFIX_PATH=/home/ubuntu/gcamp_ros2_ws/install/custom_interfaces:/home/ubuntu/gcamp_ros2_ws/install/gcamp_gazebo:/home/ubuntu/gcamp_ros2_ws/install/cpp_service_pkg:/home/ubuntu/gcamp_ros2_ws/install/cpp_action_pkg:/home/ubuntu/gcamp_ros2_ws/install/cpp_topic_pkg:/home/ubuntu/gcamp_ros2_ws/install/cpp_service_tutorial:/home/ubuntu/gcamp_ros2_ws/install/cpp_param_pkg:/home/ubuntu/gcamp_ros2_ws/install/cpp_first_pkg PYTHONPATH=/home/ubuntu/gcamp_ros2_ws/install/py_action_pkg/lib/python3.8/site-packages:/home/ubuntu/gcamp_ros2_ws/install/custom_interfaces/lib/python3.8/site-packages:/home/ubuntu/gcamp_ros2_ws/build/py_topic_pkg:/home/ubuntu/gcamp_ros2_ws/install/py_topic_pkg/lib/python3.8/site-packages:/home/ubuntu/gcamp_ros2_ws/build/py_service_pkg:/home/ubuntu/gcamp_ros2_ws/install/py_service_pkg/lib/python3.8/site-packages:/home/ubuntu/gcamp_ros2_ws/build/py_first_pkg:/home/ubuntu/gcamp_ros2_ws/install/py_first_pkg/lib/python3.8/site-packages:/home/ubuntu/gcamp_ros2_ws/build/py_action_pkg:/home/ubuntu/gcamp_ros2_ws/install/py_action_pkg/lib/python3.8/site-packages:/opt/ros/foxy/lib/python3.8/site-packages /usr/bin/python3 setup.py develop --prefix /home/ubuntu/gcamp_ros2_ws/install/py_action_pkg --editable --build-directory /home/ubuntu/gcamp_ros2_ws/build/py_action_pkg/build --no-deps install_data --install-dir /home/ubuntu/gcamp_ros2_ws/install/py_action_pkg
[1.981s] running develop
[2.295s] running egg_info
[2.295s] writing py_action_pkg.egg-info/PKG-INFO
[2.295s] writing dependency_links to py_action_pkg.egg-info/dependency_links.txt
[2.296s] writing entry points to py_action_pkg.egg-info/entry_points.txt
[2.296s] writing requirements to py_action_pkg.egg-info/requires.txt
[2.297s] writing top-level names to py_action_pkg.egg-info/top_level.txt
[2.382s] reading manifest file 'py_action_pkg.egg-info/SOURCES.txt'
[2.384s] writing manifest file 'py_action_pkg.egg-info/SOURCES.txt'
[2.473s] running build_ext
[2.474s] Creating /home/ubuntu/gcamp_ros2_ws/install/py_action_pkg/lib/python3.8/site-packages/py-action-pkg.egg-link (link to .)
[2.476s] Installing fibonacci_action_client script to /home/ubuntu/gcamp_ros2_ws/install/py_action_pkg/lib/py_action_pkg
[2.477s] Installing fibonacci_action_client_cancel script to /home/ubuntu/gcamp_ros2_ws/install/py_action_pkg/lib/py_action_pkg
[2.477s] Installing fibonacci_action_server script to /home/ubuntu/gcamp_ros2_ws/install/py_action_pkg/lib/py_action_pkg
[2.478s] Installing fibonacci_action_server_cancel script to /home/ubuntu/gcamp_ros2_ws/install/py_action_pkg/lib/py_action_pkg
[2.479s] Installing img_subscriber_node script to /home/ubuntu/gcamp_ros2_ws/install/py_action_pkg/lib/py_action_pkg
[2.479s] Installing maze_action_client script to /home/ubuntu/gcamp_ros2_ws/install/py_action_pkg/lib/py_action_pkg
[2.480s] Installing maze_action_server script to /home/ubuntu/gcamp_ros2_ws/install/py_action_pkg/lib/py_action_pkg
[2.480s] Installing odom_sub_node script to /home/ubuntu/gcamp_ros2_ws/install/py_action_pkg/lib/py_action_pkg
[2.481s] Installing robot_controller script to /home/ubuntu/gcamp_ros2_ws/install/py_action_pkg/lib/py_action_pkg
[2.482s] 
[2.482s] Installed /home/ubuntu/gcamp_ros2_ws/build/py_action_pkg
[2.482s] running install_data
[2.548s] Invoked command in '/home/ubuntu/gcamp_ros2_ws/build/py_action_pkg' returned '0': CMAKE_PREFIX_PATH=/home/ubuntu/gcamp_ros2_ws/install/custom_interfaces:/home/ubuntu/gcamp_ros2_ws/install/gcamp_gazebo:/home/ubuntu/gcamp_ros2_ws/install/cpp_service_pkg:/home/ubuntu/gcamp_ros2_ws/install/cpp_action_pkg:/home/ubuntu/gcamp_ros2_ws/install/cpp_topic_pkg:/home/ubuntu/gcamp_ros2_ws/install/cpp_service_tutorial:/home/ubuntu/gcamp_ros2_ws/install/cpp_param_pkg:/home/ubuntu/gcamp_ros2_ws/install/cpp_first_pkg PYTHONPATH=/home/ubuntu/gcamp_ros2_ws/install/py_action_pkg/lib/python3.8/site-packages:/home/ubuntu/gcamp_ros2_ws/install/custom_interfaces/lib/python3.8/site-packages:/home/ubuntu/gcamp_ros2_ws/build/py_topic_pkg:/home/ubuntu/gcamp_ros2_ws/install/py_topic_pkg/lib/python3.8/site-packages:/home/ubuntu/gcamp_ros2_ws/build/py_service_pkg:/home/ubuntu/gcamp_ros2_ws/install/py_service_pkg/lib/python3.8/site-packages:/home/ubuntu/gcamp_ros2_ws/build/py_first_pkg:/home/ubuntu/gcamp_ros2_ws/install/py_first_pkg/lib/python3.8/site-packages:/home/ubuntu/gcamp_ros2_ws/build/py_action_pkg:/home/ubuntu/gcamp_ros2_ws/install/py_action_pkg/lib/python3.8/site-packages:/opt/ros/foxy/lib/python3.8/site-packages /usr/bin/python3 setup.py develop --prefix /home/ubuntu/gcamp_ros2_ws/install/py_action_pkg --editable --build-directory /home/ubuntu/gcamp_ros2_ws/build/py_action_pkg/build --no-deps install_data --install-dir /home/ubuntu/gcamp_ros2_ws/install/py_action_pkg
