[0.155s] DEBUG:colcon:Command line arguments: ['/usr/bin/colcon', 'build', '--symlink-install', '--packages-select', 'custom_interfaces']
[0.156s] DEBUG:colcon:Parsed command line arguments: Namespace(allow_overriding=[], ament_cmake_args=None, base_paths=['.'], build_base='build', catkin_cmake_args=None, catkin_skip_building_tests=False, cmake_args=None, cmake_clean_cache=False, cmake_clean_first=False, cmake_force_configure=False, cmake_target=None, cmake_target_skip_unavailable=False, continue_on_error=False, event_handlers=None, executor='parallel', ignore_user_meta=False, install_base='install', log_base=None, log_level=None, main=<bound method BuildVerb.main of <colcon_core.verb.build.BuildVerb object at 0x7f3daa7aa9a0>>, merge_install=False, metas=['./colcon.meta'], packages_above=None, packages_above_and_dependencies=None, packages_above_depth=None, packages_end=None, packages_ignore=None, packages_ignore_regex=None, packages_select=['custom_interfaces'], packages_select_build_failed=False, packages_select_by_dep=None, packages_select_regex=None, packages_select_test_failures=False, packages_skip=None, packages_skip_build_finished=False, packages_skip_by_dep=None, packages_skip_regex=None, packages_skip_test_passed=False, packages_skip_up_to=None, packages_start=None, packages_up_to=None, packages_up_to_regex=None, parallel_workers=12, paths=None, symlink_install=True, test_result_base=None, verb_extension=<colcon_core.verb.build.BuildVerb object at 0x7f3daa7aa9a0>, verb_name='build', verb_parser=<colcon_defaults.argument_parser.defaults.DefaultArgumentsDecorator object at 0x7f3daa7aaf10>)
[0.196s] Level 1:colcon.colcon_core.package_discovery:discover_packages(colcon_meta) check parameters
[0.196s] Level 1:colcon.colcon_core.package_discovery:discover_packages(recursive) check parameters
[0.196s] Level 1:colcon.colcon_core.package_discovery:discover_packages(ignore) check parameters
[0.196s] Level 1:colcon.colcon_core.package_discovery:discover_packages(path) check parameters
[0.196s] Level 1:colcon.colcon_core.package_discovery:discover_packages(colcon_meta) discover
[0.197s] Level 1:colcon.colcon_core.package_discovery:discover_packages(recursive) discover
[0.197s] INFO:colcon.colcon_core.package_discovery:Crawling recursively for packages in '/home/ubuntu/gcamp_ros2_ws'
[0.197s] Level 1:colcon.colcon_core.package_identification:_identify(.) by extensions ['ignore', 'ignore_ament_install']
[0.197s] Level 1:colcon.colcon_core.package_identification:_identify(.) by extension 'ignore'
[0.197s] Level 1:colcon.colcon_core.package_identification:_identify(.) by extension 'ignore_ament_install'
[0.197s] Level 1:colcon.colcon_core.package_identification:_identify(.) by extensions ['colcon_pkg']
[0.197s] Level 1:colcon.colcon_core.package_identification:_identify(.) by extension 'colcon_pkg'
[0.197s] Level 1:colcon.colcon_core.package_identification:_identify(.) by extensions ['colcon_meta']
[0.197s] Level 1:colcon.colcon_core.package_identification:_identify(.) by extension 'colcon_meta'
[0.197s] Level 1:colcon.colcon_core.package_identification:_identify(.) by extensions ['ros']
[0.197s] Level 1:colcon.colcon_core.package_identification:_identify(.) by extension 'ros'
[0.215s] Level 1:colcon.colcon_core.package_identification:_identify(.) by extensions ['cmake', 'python']
[0.215s] Level 1:colcon.colcon_core.package_identification:_identify(.) by extension 'cmake'
[0.215s] Level 1:colcon.colcon_core.package_identification:_identify(.) by extension 'python'
[0.215s] Level 1:colcon.colcon_core.package_identification:_identify(.) by extensions ['python_setup_py']
[0.216s] Level 1:colcon.colcon_core.package_identification:_identify(.) by extension 'python_setup_py'
[0.216s] Level 1:colcon.colcon_core.package_identification:_identify(build) by extensions ['ignore', 'ignore_ament_install']
[0.216s] Level 1:colcon.colcon_core.package_identification:_identify(build) by extension 'ignore'
[0.216s] Level 1:colcon.colcon_core.package_identification:_identify(build) ignored
[0.217s] Level 1:colcon.colcon_core.package_identification:_identify(install) by extensions ['ignore', 'ignore_ament_install']
[0.217s] Level 1:colcon.colcon_core.package_identification:_identify(install) by extension 'ignore'
[0.217s] Level 1:colcon.colcon_core.package_identification:_identify(install) ignored
[0.217s] Level 1:colcon.colcon_core.package_identification:_identify(log) by extensions ['ignore', 'ignore_ament_install']
[0.217s] Level 1:colcon.colcon_core.package_identification:_identify(log) by extension 'ignore'
[0.217s] Level 1:colcon.colcon_core.package_identification:_identify(log) ignored
[0.218s] Level 1:colcon.colcon_core.package_identification:_identify(src) by extensions ['ignore', 'ignore_ament_install']
[0.218s] Level 1:colcon.colcon_core.package_identification:_identify(src) by extension 'ignore'
[0.218s] Level 1:colcon.colcon_core.package_identification:_identify(src) by extension 'ignore_ament_install'
[0.218s] Level 1:colcon.colcon_core.package_identification:_identify(src) by extensions ['colcon_pkg']
[0.218s] Level 1:colcon.colcon_core.package_identification:_identify(src) by extension 'colcon_pkg'
[0.218s] Level 1:colcon.colcon_core.package_identification:_identify(src) by extensions ['colcon_meta']
[0.218s] Level 1:colcon.colcon_core.package_identification:_identify(src) by extension 'colcon_meta'
[0.218s] Level 1:colcon.colcon_core.package_identification:_identify(src) by extensions ['ros']
[0.218s] Level 1:colcon.colcon_core.package_identification:_identify(src) by extension 'ros'
[0.218s] Level 1:colcon.colcon_core.package_identification:_identify(src) by extensions ['cmake', 'python']
[0.219s] Level 1:colcon.colcon_core.package_identification:_identify(src) by extension 'cmake'
[0.219s] Level 1:colcon.colcon_core.package_identification:_identify(src) by extension 'python'
[0.219s] Level 1:colcon.colcon_core.package_identification:_identify(src) by extensions ['python_setup_py']
[0.219s] Level 1:colcon.colcon_core.package_identification:_identify(src) by extension 'python_setup_py'
[0.219s] Level 1:colcon.colcon_core.package_identification:_identify(src/gcamp_ros2_basic) by extensions ['ignore', 'ignore_ament_install']
[0.219s] Level 1:colcon.colcon_core.package_identification:_identify(src/gcamp_ros2_basic) by extension 'ignore'
[0.219s] Level 1:colcon.colcon_core.package_identification:_identify(src/gcamp_ros2_basic) by extension 'ignore_ament_install'
[0.219s] Level 1:colcon.colcon_core.package_identification:_identify(src/gcamp_ros2_basic) by extensions ['colcon_pkg']
[0.219s] Level 1:colcon.colcon_core.package_identification:_identify(src/gcamp_ros2_basic) by extension 'colcon_pkg'
[0.219s] Level 1:colcon.colcon_core.package_identification:_identify(src/gcamp_ros2_basic) by extensions ['colcon_meta']
[0.219s] Level 1:colcon.colcon_core.package_identification:_identify(src/gcamp_ros2_basic) by extension 'colcon_meta'
[0.220s] Level 1:colcon.colcon_core.package_identification:_identify(src/gcamp_ros2_basic) by extensions ['ros']
[0.220s] Level 1:colcon.colcon_core.package_identification:_identify(src/gcamp_ros2_basic) by extension 'ros'
[0.220s] Level 1:colcon.colcon_core.package_identification:_identify(src/gcamp_ros2_basic) by extensions ['cmake', 'python']
[0.220s] Level 1:colcon.colcon_core.package_identification:_identify(src/gcamp_ros2_basic) by extension 'cmake'
[0.220s] Level 1:colcon.colcon_core.package_identification:_identify(src/gcamp_ros2_basic) by extension 'python'
[0.220s] Level 1:colcon.colcon_core.package_identification:_identify(src/gcamp_ros2_basic) by extensions ['python_setup_py']
[0.220s] Level 1:colcon.colcon_core.package_identification:_identify(src/gcamp_ros2_basic) by extension 'python_setup_py'
[0.220s] Level 1:colcon.colcon_core.package_identification:_identify(src/gcamp_ros2_basic/cpp_action_pkg) by extensions ['ignore', 'ignore_ament_install']
[0.220s] Level 1:colcon.colcon_core.package_identification:_identify(src/gcamp_ros2_basic/cpp_action_pkg) by extension 'ignore'
[0.220s] Level 1:colcon.colcon_core.package_identification:_identify(src/gcamp_ros2_basic/cpp_action_pkg) by extension 'ignore_ament_install'
[0.221s] Level 1:colcon.colcon_core.package_identification:_identify(src/gcamp_ros2_basic/cpp_action_pkg) by extensions ['colcon_pkg']
[0.221s] Level 1:colcon.colcon_core.package_identification:_identify(src/gcamp_ros2_basic/cpp_action_pkg) by extension 'colcon_pkg'
[0.221s] Level 1:colcon.colcon_core.package_identification:_identify(src/gcamp_ros2_basic/cpp_action_pkg) by extensions ['colcon_meta']
[0.221s] Level 1:colcon.colcon_core.package_identification:_identify(src/gcamp_ros2_basic/cpp_action_pkg) by extension 'colcon_meta'
[0.221s] Level 1:colcon.colcon_core.package_identification:_identify(src/gcamp_ros2_basic/cpp_action_pkg) by extensions ['ros']
[0.221s] Level 1:colcon.colcon_core.package_identification:_identify(src/gcamp_ros2_basic/cpp_action_pkg) by extension 'ros'
[0.225s] DEBUG:colcon.colcon_core.package_identification:Package 'src/gcamp_ros2_basic/cpp_action_pkg' with type 'ros.ament_cmake' and name 'cpp_action_pkg'
[0.226s] Level 1:colcon.colcon_core.package_identification:_identify(src/gcamp_ros2_basic/cpp_first_pkg) by extensions ['ignore', 'ignore_ament_install']
[0.226s] Level 1:colcon.colcon_core.package_identification:_identify(src/gcamp_ros2_basic/cpp_first_pkg) by extension 'ignore'
[0.226s] Level 1:colcon.colcon_core.package_identification:_identify(src/gcamp_ros2_basic/cpp_first_pkg) by extension 'ignore_ament_install'
[0.226s] Level 1:colcon.colcon_core.package_identification:_identify(src/gcamp_ros2_basic/cpp_first_pkg) by extensions ['colcon_pkg']
[0.226s] Level 1:colcon.colcon_core.package_identification:_identify(src/gcamp_ros2_basic/cpp_first_pkg) by extension 'colcon_pkg'
[0.226s] Level 1:colcon.colcon_core.package_identification:_identify(src/gcamp_ros2_basic/cpp_first_pkg) by extensions ['colcon_meta']
[0.226s] Level 1:colcon.colcon_core.package_identification:_identify(src/gcamp_ros2_basic/cpp_first_pkg) by extension 'colcon_meta'
[0.227s] Level 1:colcon.colcon_core.package_identification:_identify(src/gcamp_ros2_basic/cpp_first_pkg) by extensions ['ros']
[0.227s] Level 1:colcon.colcon_core.package_identification:_identify(src/gcamp_ros2_basic/cpp_first_pkg) by extension 'ros'
[0.227s] DEBUG:colcon.colcon_core.package_identification:Package 'src/gcamp_ros2_basic/cpp_first_pkg' with type 'ros.ament_cmake' and name 'cpp_first_pkg'
[0.228s] Level 1:colcon.colcon_core.package_identification:_identify(src/gcamp_ros2_basic/cpp_param_pkg) by extensions ['ignore', 'ignore_ament_install']
[0.228s] Level 1:colcon.colcon_core.package_identification:_identify(src/gcamp_ros2_basic/cpp_param_pkg) by extension 'ignore'
[0.228s] Level 1:colcon.colcon_core.package_identification:_identify(src/gcamp_ros2_basic/cpp_param_pkg) by extension 'ignore_ament_install'
[0.228s] Level 1:colcon.colcon_core.package_identification:_identify(src/gcamp_ros2_basic/cpp_param_pkg) by extensions ['colcon_pkg']
[0.228s] Level 1:colcon.colcon_core.package_identification:_identify(src/gcamp_ros2_basic/cpp_param_pkg) by extension 'colcon_pkg'
[0.228s] Level 1:colcon.colcon_core.package_identification:_identify(src/gcamp_ros2_basic/cpp_param_pkg) by extensions ['colcon_meta']
[0.228s] Level 1:colcon.colcon_core.package_identification:_identify(src/gcamp_ros2_basic/cpp_param_pkg) by extension 'colcon_meta'
[0.228s] Level 1:colcon.colcon_core.package_identification:_identify(src/gcamp_ros2_basic/cpp_param_pkg) by extensions ['ros']
[0.228s] Level 1:colcon.colcon_core.package_identification:_identify(src/gcamp_ros2_basic/cpp_param_pkg) by extension 'ros'
[0.229s] DEBUG:colcon.colcon_core.package_identification:Package 'src/gcamp_ros2_basic/cpp_param_pkg' with type 'ros.ament_cmake' and name 'cpp_param_pkg'
[0.229s] Level 1:colcon.colcon_core.package_identification:_identify(src/gcamp_ros2_basic/cpp_service_pkg) by extensions ['ignore', 'ignore_ament_install']
[0.229s] Level 1:colcon.colcon_core.package_identification:_identify(src/gcamp_ros2_basic/cpp_service_pkg) by extension 'ignore'
[0.230s] Level 1:colcon.colcon_core.package_identification:_identify(src/gcamp_ros2_basic/cpp_service_pkg) by extension 'ignore_ament_install'
[0.230s] Level 1:colcon.colcon_core.package_identification:_identify(src/gcamp_ros2_basic/cpp_service_pkg) by extensions ['colcon_pkg']
[0.230s] Level 1:colcon.colcon_core.package_identification:_identify(src/gcamp_ros2_basic/cpp_service_pkg) by extension 'colcon_pkg'
[0.230s] Level 1:colcon.colcon_core.package_identification:_identify(src/gcamp_ros2_basic/cpp_service_pkg) by extensions ['colcon_meta']
[0.230s] Level 1:colcon.colcon_core.package_identification:_identify(src/gcamp_ros2_basic/cpp_service_pkg) by extension 'colcon_meta'
[0.230s] Level 1:colcon.colcon_core.package_identification:_identify(src/gcamp_ros2_basic/cpp_service_pkg) by extensions ['ros']
[0.230s] Level 1:colcon.colcon_core.package_identification:_identify(src/gcamp_ros2_basic/cpp_service_pkg) by extension 'ros'
[0.231s] DEBUG:colcon.colcon_core.package_identification:Package 'src/gcamp_ros2_basic/cpp_service_pkg' with type 'ros.ament_cmake' and name 'cpp_service_pkg'
[0.232s] Level 1:colcon.colcon_core.package_identification:_identify(src/gcamp_ros2_basic/cpp_service_tutorial) by extensions ['ignore', 'ignore_ament_install']
[0.232s] Level 1:colcon.colcon_core.package_identification:_identify(src/gcamp_ros2_basic/cpp_service_tutorial) by extension 'ignore'
[0.232s] Level 1:colcon.colcon_core.package_identification:_identify(src/gcamp_ros2_basic/cpp_service_tutorial) by extension 'ignore_ament_install'
[0.232s] Level 1:colcon.colcon_core.package_identification:_identify(src/gcamp_ros2_basic/cpp_service_tutorial) by extensions ['colcon_pkg']
[0.232s] Level 1:colcon.colcon_core.package_identification:_identify(src/gcamp_ros2_basic/cpp_service_tutorial) by extension 'colcon_pkg'
[0.232s] Level 1:colcon.colcon_core.package_identification:_identify(src/gcamp_ros2_basic/cpp_service_tutorial) by extensions ['colcon_meta']
[0.233s] Level 1:colcon.colcon_core.package_identification:_identify(src/gcamp_ros2_basic/cpp_service_tutorial) by extension 'colcon_meta'
[0.233s] Level 1:colcon.colcon_core.package_identification:_identify(src/gcamp_ros2_basic/cpp_service_tutorial) by extensions ['ros']
[0.233s] Level 1:colcon.colcon_core.package_identification:_identify(src/gcamp_ros2_basic/cpp_service_tutorial) by extension 'ros'
[0.234s] DEBUG:colcon.colcon_core.package_identification:Package 'src/gcamp_ros2_basic/cpp_service_tutorial' with type 'ros.ament_cmake' and name 'cpp_service_tutorial'
[0.234s] Level 1:colcon.colcon_core.package_identification:_identify(src/gcamp_ros2_basic/cpp_topic_pkg) by extensions ['ignore', 'ignore_ament_install']
[0.235s] Level 1:colcon.colcon_core.package_identification:_identify(src/gcamp_ros2_basic/cpp_topic_pkg) by extension 'ignore'
[0.235s] Level 1:colcon.colcon_core.package_identification:_identify(src/gcamp_ros2_basic/cpp_topic_pkg) by extension 'ignore_ament_install'
[0.235s] Level 1:colcon.colcon_core.package_identification:_identify(src/gcamp_ros2_basic/cpp_topic_pkg) by extensions ['colcon_pkg']
[0.235s] Level 1:colcon.colcon_core.package_identification:_identify(src/gcamp_ros2_basic/cpp_topic_pkg) by extension 'colcon_pkg'
[0.235s] Level 1:colcon.colcon_core.package_identification:_identify(src/gcamp_ros2_basic/cpp_topic_pkg) by extensions ['colcon_meta']
[0.235s] Level 1:colcon.colcon_core.package_identification:_identify(src/gcamp_ros2_basic/cpp_topic_pkg) by extension 'colcon_meta'
[0.235s] Level 1:colcon.colcon_core.package_identification:_identify(src/gcamp_ros2_basic/cpp_topic_pkg) by extensions ['ros']
[0.235s] Level 1:colcon.colcon_core.package_identification:_identify(src/gcamp_ros2_basic/cpp_topic_pkg) by extension 'ros'
[0.238s] DEBUG:colcon.colcon_core.package_identification:Package 'src/gcamp_ros2_basic/cpp_topic_pkg' with type 'ros.ament_cmake' and name 'cpp_topic_pkg'
[0.238s] Level 1:colcon.colcon_core.package_identification:_identify(src/gcamp_ros2_basic/custom_interfaces) by extensions ['ignore', 'ignore_ament_install']
[0.238s] Level 1:colcon.colcon_core.package_identification:_identify(src/gcamp_ros2_basic/custom_interfaces) by extension 'ignore'
[0.238s] Level 1:colcon.colcon_core.package_identification:_identify(src/gcamp_ros2_basic/custom_interfaces) by extension 'ignore_ament_install'
[0.238s] Level 1:colcon.colcon_core.package_identification:_identify(src/gcamp_ros2_basic/custom_interfaces) by extensions ['colcon_pkg']
[0.238s] Level 1:colcon.colcon_core.package_identification:_identify(src/gcamp_ros2_basic/custom_interfaces) by extension 'colcon_pkg'
[0.238s] Level 1:colcon.colcon_core.package_identification:_identify(src/gcamp_ros2_basic/custom_interfaces) by extensions ['colcon_meta']
[0.238s] Level 1:colcon.colcon_core.package_identification:_identify(src/gcamp_ros2_basic/custom_interfaces) by extension 'colcon_meta'
[0.239s] Level 1:colcon.colcon_core.package_identification:_identify(src/gcamp_ros2_basic/custom_interfaces) by extensions ['ros']
[0.239s] Level 1:colcon.colcon_core.package_identification:_identify(src/gcamp_ros2_basic/custom_interfaces) by extension 'ros'
[0.240s] DEBUG:colcon.colcon_core.package_identification:Package 'src/gcamp_ros2_basic/custom_interfaces' with type 'ros.ament_cmake' and name 'custom_interfaces'
[0.240s] Level 1:colcon.colcon_core.package_identification:_identify(src/gcamp_ros2_basic/gcamp_gazebo) by extensions ['ignore', 'ignore_ament_install']
[0.240s] Level 1:colcon.colcon_core.package_identification:_identify(src/gcamp_ros2_basic/gcamp_gazebo) by extension 'ignore'
[0.240s] Level 1:colcon.colcon_core.package_identification:_identify(src/gcamp_ros2_basic/gcamp_gazebo) by extension 'ignore_ament_install'
[0.240s] Level 1:colcon.colcon_core.package_identification:_identify(src/gcamp_ros2_basic/gcamp_gazebo) by extensions ['colcon_pkg']
[0.240s] Level 1:colcon.colcon_core.package_identification:_identify(src/gcamp_ros2_basic/gcamp_gazebo) by extension 'colcon_pkg'
[0.241s] Level 1:colcon.colcon_core.package_identification:_identify(src/gcamp_ros2_basic/gcamp_gazebo) by extensions ['colcon_meta']
[0.241s] Level 1:colcon.colcon_core.package_identification:_identify(src/gcamp_ros2_basic/gcamp_gazebo) by extension 'colcon_meta'
[0.241s] Level 1:colcon.colcon_core.package_identification:_identify(src/gcamp_ros2_basic/gcamp_gazebo) by extensions ['ros']
[0.241s] Level 1:colcon.colcon_core.package_identification:_identify(src/gcamp_ros2_basic/gcamp_gazebo) by extension 'ros'
[0.242s] DEBUG:colcon.colcon_core.package_identification:Package 'src/gcamp_ros2_basic/gcamp_gazebo' with type 'ros.ament_cmake' and name 'gcamp_gazebo'
[0.242s] Level 1:colcon.colcon_core.package_identification:_identify(src/gcamp_ros2_basic/image) by extensions ['ignore', 'ignore_ament_install']
[0.242s] Level 1:colcon.colcon_core.package_identification:_identify(src/gcamp_ros2_basic/image) by extension 'ignore'
[0.243s] Level 1:colcon.colcon_core.package_identification:_identify(src/gcamp_ros2_basic/image) by extension 'ignore_ament_install'
[0.243s] Level 1:colcon.colcon_core.package_identification:_identify(src/gcamp_ros2_basic/image) by extensions ['colcon_pkg']
[0.243s] Level 1:colcon.colcon_core.package_identification:_identify(src/gcamp_ros2_basic/image) by extension 'colcon_pkg'
[0.243s] Level 1:colcon.colcon_core.package_identification:_identify(src/gcamp_ros2_basic/image) by extensions ['colcon_meta']
[0.243s] Level 1:colcon.colcon_core.package_identification:_identify(src/gcamp_ros2_basic/image) by extension 'colcon_meta'
[0.243s] Level 1:colcon.colcon_core.package_identification:_identify(src/gcamp_ros2_basic/image) by extensions ['ros']
[0.243s] Level 1:colcon.colcon_core.package_identification:_identify(src/gcamp_ros2_basic/image) by extension 'ros'
[0.243s] Level 1:colcon.colcon_core.package_identification:_identify(src/gcamp_ros2_basic/image) by extensions ['cmake', 'python']
[0.243s] Level 1:colcon.colcon_core.package_identification:_identify(src/gcamp_ros2_basic/image) by extension 'cmake'
[0.243s] Level 1:colcon.colcon_core.package_identification:_identify(src/gcamp_ros2_basic/image) by extension 'python'
[0.244s] Level 1:colcon.colcon_core.package_identification:_identify(src/gcamp_ros2_basic/image) by extensions ['python_setup_py']
[0.244s] Level 1:colcon.colcon_core.package_identification:_identify(src/gcamp_ros2_basic/image) by extension 'python_setup_py'
[0.244s] Level 1:colcon.colcon_core.package_identification:_identify(src/gcamp_ros2_basic/py_action_pkg) by extensions ['ignore', 'ignore_ament_install']
[0.244s] Level 1:colcon.colcon_core.package_identification:_identify(src/gcamp_ros2_basic/py_action_pkg) by extension 'ignore'
[0.244s] Level 1:colcon.colcon_core.package_identification:_identify(src/gcamp_ros2_basic/py_action_pkg) by extension 'ignore_ament_install'
[0.244s] Level 1:colcon.colcon_core.package_identification:_identify(src/gcamp_ros2_basic/py_action_pkg) by extensions ['colcon_pkg']
[0.244s] Level 1:colcon.colcon_core.package_identification:_identify(src/gcamp_ros2_basic/py_action_pkg) by extension 'colcon_pkg'
[0.244s] Level 1:colcon.colcon_core.package_identification:_identify(src/gcamp_ros2_basic/py_action_pkg) by extensions ['colcon_meta']
[0.244s] Level 1:colcon.colcon_core.package_identification:_identify(src/gcamp_ros2_basic/py_action_pkg) by extension 'colcon_meta'
[0.245s] Level 1:colcon.colcon_core.package_identification:_identify(src/gcamp_ros2_basic/py_action_pkg) by extensions ['ros']
[0.245s] Level 1:colcon.colcon_core.package_identification:_identify(src/gcamp_ros2_basic/py_action_pkg) by extension 'ros'
[0.246s] DEBUG:colcon.colcon_core.package_identification:Package 'src/gcamp_ros2_basic/py_action_pkg' with type 'ros.ament_python' and name 'py_action_pkg'
[0.246s] Level 1:colcon.colcon_core.package_identification:_identify(src/gcamp_ros2_basic/py_first_pkg) by extensions ['ignore', 'ignore_ament_install']
[0.247s] Level 1:colcon.colcon_core.package_identification:_identify(src/gcamp_ros2_basic/py_first_pkg) by extension 'ignore'
[0.247s] Level 1:colcon.colcon_core.package_identification:_identify(src/gcamp_ros2_basic/py_first_pkg) by extension 'ignore_ament_install'
[0.247s] Level 1:colcon.colcon_core.package_identification:_identify(src/gcamp_ros2_basic/py_first_pkg) by extensions ['colcon_pkg']
[0.247s] Level 1:colcon.colcon_core.package_identification:_identify(src/gcamp_ros2_basic/py_first_pkg) by extension 'colcon_pkg'
[0.247s] Level 1:colcon.colcon_core.package_identification:_identify(src/gcamp_ros2_basic/py_first_pkg) by extensions ['colcon_meta']
[0.247s] Level 1:colcon.colcon_core.package_identification:_identify(src/gcamp_ros2_basic/py_first_pkg) by extension 'colcon_meta'
[0.247s] Level 1:colcon.colcon_core.package_identification:_identify(src/gcamp_ros2_basic/py_first_pkg) by extensions ['ros']
[0.247s] Level 1:colcon.colcon_core.package_identification:_identify(src/gcamp_ros2_basic/py_first_pkg) by extension 'ros'
[0.248s] DEBUG:colcon.colcon_core.package_identification:Package 'src/gcamp_ros2_basic/py_first_pkg' with type 'ros.ament_python' and name 'py_first_pkg'
[0.248s] Level 1:colcon.colcon_core.package_identification:_identify(src/gcamp_ros2_basic/py_service_pkg) by extensions ['ignore', 'ignore_ament_install']
[0.248s] Level 1:colcon.colcon_core.package_identification:_identify(src/gcamp_ros2_basic/py_service_pkg) by extension 'ignore'
[0.249s] Level 1:colcon.colcon_core.package_identification:_identify(src/gcamp_ros2_basic/py_service_pkg) by extension 'ignore_ament_install'
[0.249s] Level 1:colcon.colcon_core.package_identification:_identify(src/gcamp_ros2_basic/py_service_pkg) by extensions ['colcon_pkg']
[0.249s] Level 1:colcon.colcon_core.package_identification:_identify(src/gcamp_ros2_basic/py_service_pkg) by extension 'colcon_pkg'
[0.249s] Level 1:colcon.colcon_core.package_identification:_identify(src/gcamp_ros2_basic/py_service_pkg) by extensions ['colcon_meta']
[0.249s] Level 1:colcon.colcon_core.package_identification:_identify(src/gcamp_ros2_basic/py_service_pkg) by extension 'colcon_meta'
[0.249s] Level 1:colcon.colcon_core.package_identification:_identify(src/gcamp_ros2_basic/py_service_pkg) by extensions ['ros']
[0.249s] Level 1:colcon.colcon_core.package_identification:_identify(src/gcamp_ros2_basic/py_service_pkg) by extension 'ros'
[0.251s] DEBUG:colcon.colcon_core.package_identification:Package 'src/gcamp_ros2_basic/py_service_pkg' with type 'ros.ament_python' and name 'py_service_pkg'
[0.251s] Level 1:colcon.colcon_core.package_identification:_identify(src/gcamp_ros2_basic/py_topic_pkg) by extensions ['ignore', 'ignore_ament_install']
[0.251s] Level 1:colcon.colcon_core.package_identification:_identify(src/gcamp_ros2_basic/py_topic_pkg) by extension 'ignore'
[0.251s] Level 1:colcon.colcon_core.package_identification:_identify(src/gcamp_ros2_basic/py_topic_pkg) by extension 'ignore_ament_install'
[0.252s] Level 1:colcon.colcon_core.package_identification:_identify(src/gcamp_ros2_basic/py_topic_pkg) by extensions ['colcon_pkg']
[0.252s] Level 1:colcon.colcon_core.package_identification:_identify(src/gcamp_ros2_basic/py_topic_pkg) by extension 'colcon_pkg'
[0.252s] Level 1:colcon.colcon_core.package_identification:_identify(src/gcamp_ros2_basic/py_topic_pkg) by extensions ['colcon_meta']
[0.252s] Level 1:colcon.colcon_core.package_identification:_identify(src/gcamp_ros2_basic/py_topic_pkg) by extension 'colcon_meta'
[0.252s] Level 1:colcon.colcon_core.package_identification:_identify(src/gcamp_ros2_basic/py_topic_pkg) by extensions ['ros']
[0.252s] Level 1:colcon.colcon_core.package_identification:_identify(src/gcamp_ros2_basic/py_topic_pkg) by extension 'ros'
[0.253s] DEBUG:colcon.colcon_core.package_identification:Package 'src/gcamp_ros2_basic/py_topic_pkg' with type 'ros.ament_python' and name 'py_topic_pkg'
[0.253s] Level 1:colcon.colcon_core.package_discovery:discover_packages(recursive) using defaults
[0.253s] Level 1:colcon.colcon_core.package_discovery:discover_packages(ignore) discover
[0.254s] Level 1:colcon.colcon_core.package_discovery:discover_packages(ignore) using defaults
[0.254s] Level 1:colcon.colcon_core.package_discovery:discover_packages(path) discover
[0.254s] Level 1:colcon.colcon_core.package_discovery:discover_packages(path) using defaults
[0.281s] INFO:colcon.colcon_core.package_selection:Skipping not selected package 'cpp_first_pkg' in 'src/gcamp_ros2_basic/cpp_first_pkg'
[0.281s] INFO:colcon.colcon_core.package_selection:Skipping not selected package 'cpp_param_pkg' in 'src/gcamp_ros2_basic/cpp_param_pkg'
[0.281s] INFO:colcon.colcon_core.package_selection:Skipping not selected package 'cpp_service_tutorial' in 'src/gcamp_ros2_basic/cpp_service_tutorial'
[0.282s] INFO:colcon.colcon_core.package_selection:Skipping not selected package 'cpp_topic_pkg' in 'src/gcamp_ros2_basic/cpp_topic_pkg'
[0.282s] INFO:colcon.colcon_core.package_selection:Skipping not selected package 'gcamp_gazebo' in 'src/gcamp_ros2_basic/gcamp_gazebo'
[0.282s] INFO:colcon.colcon_core.package_selection:Skipping not selected package 'py_first_pkg' in 'src/gcamp_ros2_basic/py_first_pkg'
[0.282s] INFO:colcon.colcon_core.package_selection:Skipping not selected package 'py_topic_pkg' in 'src/gcamp_ros2_basic/py_topic_pkg'
[0.282s] INFO:colcon.colcon_core.package_selection:Skipping not selected package 'cpp_action_pkg' in 'src/gcamp_ros2_basic/cpp_action_pkg'
[0.282s] INFO:colcon.colcon_core.package_selection:Skipping not selected package 'cpp_service_pkg' in 'src/gcamp_ros2_basic/cpp_service_pkg'
[0.282s] INFO:colcon.colcon_core.package_selection:Skipping not selected package 'py_action_pkg' in 'src/gcamp_ros2_basic/py_action_pkg'
[0.282s] INFO:colcon.colcon_core.package_selection:Skipping not selected package 'py_service_pkg' in 'src/gcamp_ros2_basic/py_service_pkg'
[0.283s] Level 1:colcon.colcon_core.package_discovery:discover_packages(prefix_path) check parameters
[0.283s] Level 1:colcon.colcon_core.package_discovery:discover_packages(prefix_path) discover
[0.286s] DEBUG:colcon.colcon_installed_package_information.package_discovery:Found 1 installed packages in /home/ubuntu/gcamp_ros2_ws/install
[0.289s] DEBUG:colcon.colcon_installed_package_information.package_discovery:Found 274 installed packages in /opt/ros/foxy
[0.292s] Level 1:colcon.colcon_core.package_discovery:discover_packages(prefix_path) using defaults
[0.459s] Level 5:colcon.colcon_core.verb:set package 'custom_interfaces' build argument 'cmake_args' from command line to 'None'
[0.459s] Level 5:colcon.colcon_core.verb:set package 'custom_interfaces' build argument 'cmake_target' from command line to 'None'
[0.459s] Level 5:colcon.colcon_core.verb:set package 'custom_interfaces' build argument 'cmake_target_skip_unavailable' from command line to 'False'
[0.459s] Level 5:colcon.colcon_core.verb:set package 'custom_interfaces' build argument 'cmake_clean_cache' from command line to 'False'
[0.460s] Level 5:colcon.colcon_core.verb:set package 'custom_interfaces' build argument 'cmake_clean_first' from command line to 'False'
[0.460s] Level 5:colcon.colcon_core.verb:set package 'custom_interfaces' build argument 'cmake_force_configure' from command line to 'False'
[0.460s] Level 5:colcon.colcon_core.verb:set package 'custom_interfaces' build argument 'ament_cmake_args' from command line to 'None'
[0.460s] Level 5:colcon.colcon_core.verb:set package 'custom_interfaces' build argument 'catkin_cmake_args' from command line to 'None'
[0.460s] Level 5:colcon.colcon_core.verb:set package 'custom_interfaces' build argument 'catkin_skip_building_tests' from command line to 'False'
[0.460s] DEBUG:colcon.colcon_core.verb:Building package 'custom_interfaces' with the following arguments: {'ament_cmake_args': None, 'build_base': '/home/ubuntu/gcamp_ros2_ws/build/custom_interfaces', 'catkin_cmake_args': None, 'catkin_skip_building_tests': False, 'cmake_args': None, 'cmake_clean_cache': False, 'cmake_clean_first': False, 'cmake_force_configure': False, 'cmake_target': None, 'cmake_target_skip_unavailable': False, 'install_base': '/home/ubuntu/gcamp_ros2_ws/install/custom_interfaces', 'merge_install': False, 'path': '/home/ubuntu/gcamp_ros2_ws/src/gcamp_ros2_basic/custom_interfaces', 'symlink_install': True, 'test_result_base': None}
[0.460s] INFO:colcon.colcon_core.executor:Executing jobs using 'parallel' executor
[0.464s] DEBUG:colcon.colcon_parallel_executor.executor.parallel:run_until_complete
[0.464s] INFO:colcon.colcon_ros.task.ament_cmake.build:Building ROS package in '/home/ubuntu/gcamp_ros2_ws/src/gcamp_ros2_basic/custom_interfaces' with build type 'ament_cmake'
[0.465s] INFO:colcon.colcon_cmake.task.cmake.build:Building CMake package in '/home/ubuntu/gcamp_ros2_ws/src/gcamp_ros2_basic/custom_interfaces'
[0.475s] INFO:colcon.colcon_core.plugin_system:Skipping extension 'colcon_core.shell.bat': Not used on non-Windows systems
[0.476s] INFO:colcon.colcon_core.shell:Skip shell extension 'powershell' for command environment: Not usable outside of PowerShell
[0.476s] DEBUG:colcon.colcon_core.shell:Skip shell extension 'dsv' for command environment
[0.508s] DEBUG:colcon.colcon_core.event_handler.log_command:Invoking command in '/home/ubuntu/gcamp_ros2_ws/build/custom_interfaces': CMAKE_PREFIX_PATH=${CMAKE_PREFIX_PATH}:/opt/ros/foxy /usr/bin/cmake --build /home/ubuntu/gcamp_ros2_ws/build/custom_interfaces -- -j12 -l12
[0.920s] DEBUG:colcon.colcon_core.event_handler.log_command:Invoked command in '/home/ubuntu/gcamp_ros2_ws/build/custom_interfaces' returned '0': CMAKE_PREFIX_PATH=${CMAKE_PREFIX_PATH}:/opt/ros/foxy /usr/bin/cmake --build /home/ubuntu/gcamp_ros2_ws/build/custom_interfaces -- -j12 -l12
[1.197s] DEBUG:colcon.colcon_core.event_handler.log_command:Invoking command in '/home/ubuntu/gcamp_ros2_ws/build/custom_interfaces': CMAKE_PREFIX_PATH=${CMAKE_PREFIX_PATH}:/opt/ros/foxy /usr/bin/cmake --install /home/ubuntu/gcamp_ros2_ws/build/custom_interfaces
[1.356s] Level 1:colcon.colcon_core.environment:create_environment_scripts_only(custom_interfaces)
[1.359s] DEBUG:colcon.colcon_core.event_handler.log_command:Invoked command in '/home/ubuntu/gcamp_ros2_ws/build/custom_interfaces' returned '0': CMAKE_PREFIX_PATH=${CMAKE_PREFIX_PATH}:/opt/ros/foxy /usr/bin/cmake --install /home/ubuntu/gcamp_ros2_ws/build/custom_interfaces
[1.364s] Level 1:colcon.colcon_core.environment:checking '/home/ubuntu/gcamp_ros2_ws/install/custom_interfaces' for CMake module files
[1.365s] Level 1:colcon.colcon_core.environment:checking '/home/ubuntu/gcamp_ros2_ws/install/custom_interfaces' for CMake config files
[1.367s] Level 1:colcon.colcon_core.shell:create_environment_hook('custom_interfaces', 'cmake_prefix_path')
[1.368s] INFO:colcon.colcon_core.shell:Creating environment hook '/home/ubuntu/gcamp_ros2_ws/install/custom_interfaces/share/custom_interfaces/hook/cmake_prefix_path.ps1'
[1.369s] INFO:colcon.colcon_core.shell:Creating environment descriptor '/home/ubuntu/gcamp_ros2_ws/install/custom_interfaces/share/custom_interfaces/hook/cmake_prefix_path.dsv'
[1.371s] INFO:colcon.colcon_core.shell:Creating environment hook '/home/ubuntu/gcamp_ros2_ws/install/custom_interfaces/share/custom_interfaces/hook/cmake_prefix_path.sh'
[1.372s] Level 1:colcon.colcon_core.environment:checking '/home/ubuntu/gcamp_ros2_ws/install/custom_interfaces/lib'
[1.373s] Level 1:colcon.colcon_core.shell:create_environment_hook('custom_interfaces', 'ld_library_path_lib')
[1.374s] INFO:colcon.colcon_core.shell:Creating environment hook '/home/ubuntu/gcamp_ros2_ws/install/custom_interfaces/share/custom_interfaces/hook/ld_library_path_lib.ps1'
[1.374s] INFO:colcon.colcon_core.shell:Creating environment descriptor '/home/ubuntu/gcamp_ros2_ws/install/custom_interfaces/share/custom_interfaces/hook/ld_library_path_lib.dsv'
[1.375s] INFO:colcon.colcon_core.shell:Creating environment hook '/home/ubuntu/gcamp_ros2_ws/install/custom_interfaces/share/custom_interfaces/hook/ld_library_path_lib.sh'
[1.375s] Level 1:colcon.colcon_core.environment:checking '/home/ubuntu/gcamp_ros2_ws/install/custom_interfaces/bin'
[1.376s] Level 1:colcon.colcon_core.environment:checking '/home/ubuntu/gcamp_ros2_ws/install/custom_interfaces/lib/pkgconfig/custom_interfaces.pc'
[1.376s] Level 1:colcon.colcon_core.environment:checking '/home/ubuntu/gcamp_ros2_ws/install/custom_interfaces/lib/python3.8/site-packages'
[1.376s] Level 1:colcon.colcon_core.shell:create_environment_hook('custom_interfaces', 'pythonpath')
[1.377s] INFO:colcon.colcon_core.shell:Creating environment hook '/home/ubuntu/gcamp_ros2_ws/install/custom_interfaces/share/custom_interfaces/hook/pythonpath.ps1'
[1.377s] INFO:colcon.colcon_core.shell:Creating environment descriptor '/home/ubuntu/gcamp_ros2_ws/install/custom_interfaces/share/custom_interfaces/hook/pythonpath.dsv'
[1.378s] INFO:colcon.colcon_core.shell:Creating environment hook '/home/ubuntu/gcamp_ros2_ws/install/custom_interfaces/share/custom_interfaces/hook/pythonpath.sh'
[1.379s] Level 1:colcon.colcon_core.environment:checking '/home/ubuntu/gcamp_ros2_ws/install/custom_interfaces/bin'
[1.380s] INFO:colcon.colcon_core.shell:Creating package script '/home/ubuntu/gcamp_ros2_ws/install/custom_interfaces/share/custom_interfaces/package.ps1'
[1.381s] INFO:colcon.colcon_core.shell:Creating package descriptor '/home/ubuntu/gcamp_ros2_ws/install/custom_interfaces/share/custom_interfaces/package.dsv'
[1.382s] INFO:colcon.colcon_core.shell:Creating package script '/home/ubuntu/gcamp_ros2_ws/install/custom_interfaces/share/custom_interfaces/package.sh'
[1.383s] INFO:colcon.colcon_core.shell:Creating package script '/home/ubuntu/gcamp_ros2_ws/install/custom_interfaces/share/custom_interfaces/package.bash'
[1.384s] INFO:colcon.colcon_core.shell:Creating package script '/home/ubuntu/gcamp_ros2_ws/install/custom_interfaces/share/custom_interfaces/package.zsh'
[1.385s] Level 1:colcon.colcon_core.environment:create_file_with_runtime_dependencies(/home/ubuntu/gcamp_ros2_ws/install/custom_interfaces/share/colcon-core/packages/custom_interfaces)
[1.577s] Level 1:colcon.colcon_core.environment:create_environment_scripts_only(custom_interfaces)
[1.578s] Level 1:colcon.colcon_core.environment:checking '/home/ubuntu/gcamp_ros2_ws/install/custom_interfaces' for CMake module files
[1.579s] Level 1:colcon.colcon_core.environment:checking '/home/ubuntu/gcamp_ros2_ws/install/custom_interfaces' for CMake config files
[1.581s] Level 1:colcon.colcon_core.shell:create_environment_hook('custom_interfaces', 'cmake_prefix_path')
[1.582s] INFO:colcon.colcon_core.shell:Creating environment hook '/home/ubuntu/gcamp_ros2_ws/install/custom_interfaces/share/custom_interfaces/hook/cmake_prefix_path.ps1'
[1.582s] INFO:colcon.colcon_core.shell:Creating environment descriptor '/home/ubuntu/gcamp_ros2_ws/install/custom_interfaces/share/custom_interfaces/hook/cmake_prefix_path.dsv'
[1.583s] INFO:colcon.colcon_core.shell:Creating environment hook '/home/ubuntu/gcamp_ros2_ws/install/custom_interfaces/share/custom_interfaces/hook/cmake_prefix_path.sh'
[1.584s] Level 1:colcon.colcon_core.environment:checking '/home/ubuntu/gcamp_ros2_ws/install/custom_interfaces/lib'
[1.584s] Level 1:colcon.colcon_core.shell:create_environment_hook('custom_interfaces', 'ld_library_path_lib')
[1.585s] INFO:colcon.colcon_core.shell:Creating environment hook '/home/ubuntu/gcamp_ros2_ws/install/custom_interfaces/share/custom_interfaces/hook/ld_library_path_lib.ps1'
[1.585s] INFO:colcon.colcon_core.shell:Creating environment descriptor '/home/ubuntu/gcamp_ros2_ws/install/custom_interfaces/share/custom_interfaces/hook/ld_library_path_lib.dsv'
[1.586s] INFO:colcon.colcon_core.shell:Creating environment hook '/home/ubuntu/gcamp_ros2_ws/install/custom_interfaces/share/custom_interfaces/hook/ld_library_path_lib.sh'
[1.586s] Level 1:colcon.colcon_core.environment:checking '/home/ubuntu/gcamp_ros2_ws/install/custom_interfaces/bin'
[1.587s] Level 1:colcon.colcon_core.environment:checking '/home/ubuntu/gcamp_ros2_ws/install/custom_interfaces/lib/pkgconfig/custom_interfaces.pc'
[1.587s] Level 1:colcon.colcon_core.environment:checking '/home/ubuntu/gcamp_ros2_ws/install/custom_interfaces/lib/python3.8/site-packages'
[1.587s] Level 1:colcon.colcon_core.shell:create_environment_hook('custom_interfaces', 'pythonpath')
[1.588s] INFO:colcon.colcon_core.shell:Creating environment hook '/home/ubuntu/gcamp_ros2_ws/install/custom_interfaces/share/custom_interfaces/hook/pythonpath.ps1'
[1.589s] INFO:colcon.colcon_core.shell:Creating environment descriptor '/home/ubuntu/gcamp_ros2_ws/install/custom_interfaces/share/custom_interfaces/hook/pythonpath.dsv'
[1.589s] INFO:colcon.colcon_core.shell:Creating environment hook '/home/ubuntu/gcamp_ros2_ws/install/custom_interfaces/share/custom_interfaces/hook/pythonpath.sh'
[1.590s] Level 1:colcon.colcon_core.environment:checking '/home/ubuntu/gcamp_ros2_ws/install/custom_interfaces/bin'
[1.591s] INFO:colcon.colcon_core.shell:Creating package script '/home/ubuntu/gcamp_ros2_ws/install/custom_interfaces/share/custom_interfaces/package.ps1'
[1.592s] INFO:colcon.colcon_core.shell:Creating package descriptor '/home/ubuntu/gcamp_ros2_ws/install/custom_interfaces/share/custom_interfaces/package.dsv'
[1.593s] INFO:colcon.colcon_core.shell:Creating package script '/home/ubuntu/gcamp_ros2_ws/install/custom_interfaces/share/custom_interfaces/package.sh'
[1.593s] INFO:colcon.colcon_core.shell:Creating package script '/home/ubuntu/gcamp_ros2_ws/install/custom_interfaces/share/custom_interfaces/package.bash'
[1.594s] INFO:colcon.colcon_core.shell:Creating package script '/home/ubuntu/gcamp_ros2_ws/install/custom_interfaces/share/custom_interfaces/package.zsh'
[1.595s] Level 1:colcon.colcon_core.environment:create_file_with_runtime_dependencies(/home/ubuntu/gcamp_ros2_ws/install/custom_interfaces/share/colcon-core/packages/custom_interfaces)
[1.595s] DEBUG:colcon.colcon_parallel_executor.executor.parallel:closing loop
[1.596s] DEBUG:colcon.colcon_parallel_executor.executor.parallel:loop closed
[1.596s] DEBUG:colcon.colcon_parallel_executor.executor.parallel:run_until_complete finished with '0'
[1.597s] DEBUG:colcon.colcon_core.event_reactor:joining thread
[1.607s] INFO:colcon.colcon_core.plugin_system:Skipping extension 'colcon_notification.desktop_notification.notify_send': Could not find 'notify-send'
[1.607s] INFO:colcon.colcon_core.plugin_system:Skipping extension 'colcon_notification.desktop_notification.terminal_notifier': Not used on non-Darwin systems
[1.607s] INFO:colcon.colcon_core.plugin_system:Skipping extension 'colcon_notification.desktop_notification.win32': Not used on non-Windows systems
[1.607s] INFO:colcon.colcon_notification.desktop_notification:Sending desktop notification using 'notify2'
[1.619s] DEBUG:colcon.colcon_notification.desktop_notification.notify2:Failed to initialize notify2: org.freedesktop.DBus.Error.ServiceUnknown: The name org.freedesktop.Notifications was not provided by any .service files
[1.619s] DEBUG:colcon.colcon_core.event_reactor:joined thread
[1.621s] INFO:colcon.colcon_core.shell:Creating prefix script '/home/ubuntu/gcamp_ros2_ws/install/local_setup.ps1'
[1.623s] INFO:colcon.colcon_core.shell:Creating prefix util module '/home/ubuntu/gcamp_ros2_ws/install/_local_setup_util_ps1.py'
[1.626s] INFO:colcon.colcon_core.shell:Creating prefix chain script '/home/ubuntu/gcamp_ros2_ws/install/setup.ps1'
[1.628s] INFO:colcon.colcon_core.shell:Creating prefix script '/home/ubuntu/gcamp_ros2_ws/install/local_setup.sh'
[1.629s] INFO:colcon.colcon_core.shell:Creating prefix util module '/home/ubuntu/gcamp_ros2_ws/install/_local_setup_util_sh.py'
[1.630s] INFO:colcon.colcon_core.shell:Creating prefix chain script '/home/ubuntu/gcamp_ros2_ws/install/setup.sh'
[1.632s] INFO:colcon.colcon_core.shell:Creating prefix script '/home/ubuntu/gcamp_ros2_ws/install/local_setup.bash'
[1.633s] INFO:colcon.colcon_core.shell:Creating prefix chain script '/home/ubuntu/gcamp_ros2_ws/install/setup.bash'
[1.635s] INFO:colcon.colcon_core.shell:Creating prefix script '/home/ubuntu/gcamp_ros2_ws/install/local_setup.zsh'
[1.636s] INFO:colcon.colcon_core.shell:Creating prefix chain script '/home/ubuntu/gcamp_ros2_ws/install/setup.zsh'
