[0.039s] Invoking command in '/home/ubuntu/gcamp_ros2_ws/build/cpp_first_pkg': CMAKE_PREFIX_PATH=${CMAKE_PREFIX_PATH}:/home/ubuntu/gcamp_ros2_ws/install/py_topic_pkg:/home/ubuntu/gcamp_ros2_ws/install/py_service_pkg:/home/ubuntu/gcamp_ros2_ws/install/py_first_pkg:/home/ubuntu/gcamp_ros2_ws/install/py_action_pkg:/opt/ros/foxy /usr/bin/cmake --build /home/ubuntu/gcamp_ros2_ws/build/cpp_first_pkg -- -j6 -l6
[0.260s] [ 40%] Built target simple_loop_node
[0.260s] [ 40%] Built target simple_without_oop_node
[0.263s] [ 60%] Built target lifecycle_node
[0.275s] [ 80%] Built target simple_node
[0.277s] [100%] Built target simple_oop_node
[0.301s] Invoked command in '/home/ubuntu/gcamp_ros2_ws/build/cpp_first_pkg' returned '0': CMAKE_PREFIX_PATH=${CMAKE_PREFIX_PATH}:/home/ubuntu/gcamp_ros2_ws/install/py_topic_pkg:/home/ubuntu/gcamp_ros2_ws/install/py_service_pkg:/home/ubuntu/gcamp_ros2_ws/install/py_first_pkg:/home/ubuntu/gcamp_ros2_ws/install/py_action_pkg:/opt/ros/foxy /usr/bin/cmake --build /home/ubuntu/gcamp_ros2_ws/build/cpp_first_pkg -- -j6 -l6
[0.399s] Invoking command in '/home/ubuntu/gcamp_ros2_ws/build/cpp_first_pkg': CMAKE_PREFIX_PATH=${CMAKE_PREFIX_PATH}:/home/ubuntu/gcamp_ros2_ws/install/py_topic_pkg:/home/ubuntu/gcamp_ros2_ws/install/py_service_pkg:/home/ubuntu/gcamp_ros2_ws/install/py_first_pkg:/home/ubuntu/gcamp_ros2_ws/install/py_action_pkg:/opt/ros/foxy /usr/bin/cmake --install /home/ubuntu/gcamp_ros2_ws/build/cpp_first_pkg
[0.421s] -- Install configuration: ""
[0.423s] -- Execute custom install script
[0.425s] -- Up-to-date symlink: /home/ubuntu/gcamp_ros2_ws/install/cpp_first_pkg/lib/cpp_first_pkg/lifecycle_node
[0.427s] -- Up-to-date symlink: /home/ubuntu/gcamp_ros2_ws/install/cpp_first_pkg/lib/cpp_first_pkg/simple_loop_node
[0.429s] -- Up-to-date symlink: /home/ubuntu/gcamp_ros2_ws/install/cpp_first_pkg/lib/cpp_first_pkg/simple_oop_node
[0.432s] -- Up-to-date symlink: /home/ubuntu/gcamp_ros2_ws/install/cpp_first_pkg/lib/cpp_first_pkg/simple_without_oop_node
[0.433s] -- Up-to-date symlink: /home/ubuntu/gcamp_ros2_ws/install/cpp_first_pkg/lib/cpp_first_pkg/simple_node
[0.434s] -- Up-to-date symlink: /home/ubuntu/gcamp_ros2_ws/install/cpp_first_pkg/share/ament_index/resource_index/package_run_dependencies/cpp_first_pkg
[0.437s] -- Up-to-date symlink: /home/ubuntu/gcamp_ros2_ws/install/cpp_first_pkg/share/ament_index/resource_index/parent_prefix_path/cpp_first_pkg
[0.439s] -- Up-to-date symlink: /home/ubuntu/gcamp_ros2_ws/install/cpp_first_pkg/share/cpp_first_pkg/environment/ament_prefix_path.sh
[0.440s] -- Up-to-date symlink: /home/ubuntu/gcamp_ros2_ws/install/cpp_first_pkg/share/cpp_first_pkg/environment/ament_prefix_path.dsv
[0.441s] -- Up-to-date symlink: /home/ubuntu/gcamp_ros2_ws/install/cpp_first_pkg/share/cpp_first_pkg/environment/path.sh
[0.442s] -- Up-to-date symlink: /home/ubuntu/gcamp_ros2_ws/install/cpp_first_pkg/share/cpp_first_pkg/environment/path.dsv
[0.443s] -- Up-to-date symlink: /home/ubuntu/gcamp_ros2_ws/install/cpp_first_pkg/share/cpp_first_pkg/local_setup.bash
[0.444s] -- Up-to-date symlink: /home/ubuntu/gcamp_ros2_ws/install/cpp_first_pkg/share/cpp_first_pkg/local_setup.sh
[0.445s] -- Up-to-date symlink: /home/ubuntu/gcamp_ros2_ws/install/cpp_first_pkg/share/cpp_first_pkg/local_setup.zsh
[0.446s] -- Up-to-date symlink: /home/ubuntu/gcamp_ros2_ws/install/cpp_first_pkg/share/cpp_first_pkg/local_setup.dsv
[0.447s] -- Symlinking: /home/ubuntu/gcamp_ros2_ws/install/cpp_first_pkg/share/cpp_first_pkg/package.dsv
[0.464s] -- Up-to-date symlink: /home/ubuntu/gcamp_ros2_ws/install/cpp_first_pkg/share/ament_index/resource_index/packages/cpp_first_pkg
[0.465s] -- Up-to-date symlink: /home/ubuntu/gcamp_ros2_ws/install/cpp_first_pkg/share/cpp_first_pkg/cmake/cpp_first_pkgConfig.cmake
[0.466s] -- Up-to-date symlink: /home/ubuntu/gcamp_ros2_ws/install/cpp_first_pkg/share/cpp_first_pkg/cmake/cpp_first_pkgConfig-version.cmake
[0.466s] -- Up-to-date symlink: /home/ubuntu/gcamp_ros2_ws/install/cpp_first_pkg/share/cpp_first_pkg/package.xml
[0.468s] -- Up-to-date symlink: /home/ubuntu/gcamp_ros2_ws/install/cpp_first_pkg/share/cpp_first_pkg//launch/simple_node.launch.py
[0.472s] Invoked command in '/home/ubuntu/gcamp_ros2_ws/build/cpp_first_pkg' returned '0': CMAKE_PREFIX_PATH=${CMAKE_PREFIX_PATH}:/home/ubuntu/gcamp_ros2_ws/install/py_topic_pkg:/home/ubuntu/gcamp_ros2_ws/install/py_service_pkg:/home/ubuntu/gcamp_ros2_ws/install/py_first_pkg:/home/ubuntu/gcamp_ros2_ws/install/py_action_pkg:/opt/ros/foxy /usr/bin/cmake --install /home/ubuntu/gcamp_ros2_ws/build/cpp_first_pkg
