[0.334s] DEBUG:colcon:Command line arguments: ['/usr/bin/colcon', 'build', '--symlink-install', '--packages-select', 'py_service_pkg']
[0.335s] DEBUG:colcon:Parsed command line arguments: Namespace(allow_overriding=[], ament_cmake_args=None, base_paths=['.'], build_base='build', catkin_cmake_args=None, catkin_skip_building_tests=False, cmake_args=None, cmake_clean_cache=False, cmake_clean_first=False, cmake_force_configure=False, cmake_target=None, cmake_target_skip_unavailable=False, continue_on_error=False, event_handlers=None, executor='parallel', ignore_user_meta=False, install_base='install', log_base=None, log_level=None, main=<bound method BuildVerb.main of <colcon_core.verb.build.BuildVerb object at 0x7f439f3b1b80>>, merge_install=False, metas=['./colcon.meta'], packages_above=None, packages_above_and_dependencies=None, packages_above_depth=None, packages_end=None, packages_ignore=None, packages_ignore_regex=None, packages_select=['py_service_pkg'], packages_select_build_failed=False, packages_select_by_dep=None, packages_select_regex=None, packages_select_test_failures=False, packages_skip=None, packages_skip_build_finished=False, packages_skip_by_dep=None, packages_skip_regex=None, packages_skip_test_passed=False, packages_skip_up_to=None, packages_start=None, packages_up_to=None, packages_up_to_regex=None, parallel_workers=6, paths=None, symlink_install=True, test_result_base=None, verb_extension=<colcon_core.verb.build.BuildVerb object at 0x7f439f3b1b80>, verb_name='build', verb_parser=<colcon_defaults.argument_parser.defaults.DefaultArgumentsDecorator object at 0x7f439f3bc130>)
[0.394s] Level 1:colcon.colcon_core.package_discovery:discover_packages(colcon_meta) check parameters
[0.394s] Level 1:colcon.colcon_core.package_discovery:discover_packages(recursive) check parameters
[0.395s] Level 1:colcon.colcon_core.package_discovery:discover_packages(ignore) check parameters
[0.395s] Level 1:colcon.colcon_core.package_discovery:discover_packages(path) check parameters
[0.395s] Level 1:colcon.colcon_core.package_discovery:discover_packages(colcon_meta) discover
[0.395s] Level 1:colcon.colcon_core.package_discovery:discover_packages(recursive) discover
[0.396s] INFO:colcon.colcon_core.package_discovery:Crawling recursively for packages in '/home/ubuntu/gcamp_ros2_ws'
[0.396s] Level 1:colcon.colcon_core.package_identification:_identify(.) by extensions ['ignore', 'ignore_ament_install']
[0.396s] Level 1:colcon.colcon_core.package_identification:_identify(.) by extension 'ignore'
[0.397s] Level 1:colcon.colcon_core.package_identification:_identify(.) by extension 'ignore_ament_install'
[0.399s] Level 1:colcon.colcon_core.package_identification:_identify(.) by extensions ['colcon_pkg']
[0.399s] Level 1:colcon.colcon_core.package_identification:_identify(.) by extension 'colcon_pkg'
[0.399s] Level 1:colcon.colcon_core.package_identification:_identify(.) by extensions ['colcon_meta']
[0.399s] Level 1:colcon.colcon_core.package_identification:_identify(.) by extension 'colcon_meta'
[0.400s] Level 1:colcon.colcon_core.package_identification:_identify(.) by extensions ['ros']
[0.400s] Level 1:colcon.colcon_core.package_identification:_identify(.) by extension 'ros'
[0.426s] Level 1:colcon.colcon_core.package_identification:_identify(.) by extensions ['cmake', 'python']
[0.426s] Level 1:colcon.colcon_core.package_identification:_identify(.) by extension 'cmake'
[0.426s] Level 1:colcon.colcon_core.package_identification:_identify(.) by extension 'python'
[0.427s] Level 1:colcon.colcon_core.package_identification:_identify(.) by extensions ['python_setup_py']
[0.427s] Level 1:colcon.colcon_core.package_identification:_identify(.) by extension 'python_setup_py'
[0.428s] Level 1:colcon.colcon_core.package_identification:_identify(build) by extensions ['ignore', 'ignore_ament_install']
[0.428s] Level 1:colcon.colcon_core.package_identification:_identify(build) by extension 'ignore'
[0.429s] Level 1:colcon.colcon_core.package_identification:_identify(build) ignored
[0.430s] Level 1:colcon.colcon_core.package_identification:_identify(install) by extensions ['ignore', 'ignore_ament_install']
[0.430s] Level 1:colcon.colcon_core.package_identification:_identify(install) by extension 'ignore'
[0.430s] Level 1:colcon.colcon_core.package_identification:_identify(install) ignored
[0.431s] Level 1:colcon.colcon_core.package_identification:_identify(log) by extensions ['ignore', 'ignore_ament_install']
[0.431s] Level 1:colcon.colcon_core.package_identification:_identify(log) by extension 'ignore'
[0.431s] Level 1:colcon.colcon_core.package_identification:_identify(log) ignored
[0.431s] Level 1:colcon.colcon_core.package_identification:_identify(ros2-seminar-examples) by extensions ['ignore', 'ignore_ament_install']
[0.432s] Level 1:colcon.colcon_core.package_identification:_identify(ros2-seminar-examples) by extension 'ignore'
[0.432s] Level 1:colcon.colcon_core.package_identification:_identify(ros2-seminar-examples) by extension 'ignore_ament_install'
[0.432s] Level 1:colcon.colcon_core.package_identification:_identify(ros2-seminar-examples) by extensions ['colcon_pkg']
[0.432s] Level 1:colcon.colcon_core.package_identification:_identify(ros2-seminar-examples) by extension 'colcon_pkg'
[0.432s] Level 1:colcon.colcon_core.package_identification:_identify(ros2-seminar-examples) by extensions ['colcon_meta']
[0.433s] Level 1:colcon.colcon_core.package_identification:_identify(ros2-seminar-examples) by extension 'colcon_meta'
[0.433s] Level 1:colcon.colcon_core.package_identification:_identify(ros2-seminar-examples) by extensions ['ros']
[0.434s] Level 1:colcon.colcon_core.package_identification:_identify(ros2-seminar-examples) by extension 'ros'
[0.434s] Level 1:colcon.colcon_core.package_identification:_identify(ros2-seminar-examples) by extensions ['cmake', 'python']
[0.434s] Level 1:colcon.colcon_core.package_identification:_identify(ros2-seminar-examples) by extension 'cmake'
[0.434s] Level 1:colcon.colcon_core.package_identification:_identify(ros2-seminar-examples) by extension 'python'
[0.434s] Level 1:colcon.colcon_core.package_identification:_identify(ros2-seminar-examples) by extensions ['python_setup_py']
[0.435s] Level 1:colcon.colcon_core.package_identification:_identify(ros2-seminar-examples) by extension 'python_setup_py'
[0.435s] Level 1:colcon.colcon_core.package_identification:_identify(ros2-seminar-examples/logging_rclpy_example) by extensions ['ignore', 'ignore_ament_install']
[0.435s] Level 1:colcon.colcon_core.package_identification:_identify(ros2-seminar-examples/logging_rclpy_example) by extension 'ignore'
[0.436s] Level 1:colcon.colcon_core.package_identification:_identify(ros2-seminar-examples/logging_rclpy_example) by extension 'ignore_ament_install'
[0.436s] Level 1:colcon.colcon_core.package_identification:_identify(ros2-seminar-examples/logging_rclpy_example) by extensions ['colcon_pkg']
[0.436s] Level 1:colcon.colcon_core.package_identification:_identify(ros2-seminar-examples/logging_rclpy_example) by extension 'colcon_pkg'
[0.436s] Level 1:colcon.colcon_core.package_identification:_identify(ros2-seminar-examples/logging_rclpy_example) by extensions ['colcon_meta']
[0.436s] Level 1:colcon.colcon_core.package_identification:_identify(ros2-seminar-examples/logging_rclpy_example) by extension 'colcon_meta'
[0.436s] Level 1:colcon.colcon_core.package_identification:_identify(ros2-seminar-examples/logging_rclpy_example) by extensions ['ros']
[0.437s] Level 1:colcon.colcon_core.package_identification:_identify(ros2-seminar-examples/logging_rclpy_example) by extension 'ros'
[0.445s] DEBUG:colcon.colcon_core.package_identification:Package 'ros2-seminar-examples/logging_rclpy_example' with type 'ros.ament_python' and name 'logging_rclpy_example'
[0.445s] Level 1:colcon.colcon_core.package_identification:_identify(ros2-seminar-examples/msg_srv_action_interface_example) by extensions ['ignore', 'ignore_ament_install']
[0.445s] Level 1:colcon.colcon_core.package_identification:_identify(ros2-seminar-examples/msg_srv_action_interface_example) by extension 'ignore'
[0.445s] Level 1:colcon.colcon_core.package_identification:_identify(ros2-seminar-examples/msg_srv_action_interface_example) by extension 'ignore_ament_install'
[0.446s] Level 1:colcon.colcon_core.package_identification:_identify(ros2-seminar-examples/msg_srv_action_interface_example) by extensions ['colcon_pkg']
[0.446s] Level 1:colcon.colcon_core.package_identification:_identify(ros2-seminar-examples/msg_srv_action_interface_example) by extension 'colcon_pkg'
[0.446s] Level 1:colcon.colcon_core.package_identification:_identify(ros2-seminar-examples/msg_srv_action_interface_example) by extensions ['colcon_meta']
[0.446s] Level 1:colcon.colcon_core.package_identification:_identify(ros2-seminar-examples/msg_srv_action_interface_example) by extension 'colcon_meta'
[0.446s] Level 1:colcon.colcon_core.package_identification:_identify(ros2-seminar-examples/msg_srv_action_interface_example) by extensions ['ros']
[0.446s] Level 1:colcon.colcon_core.package_identification:_identify(ros2-seminar-examples/msg_srv_action_interface_example) by extension 'ros'
[0.448s] DEBUG:colcon.colcon_core.package_identification:Package 'ros2-seminar-examples/msg_srv_action_interface_example' with type 'ros.ament_cmake' and name 'msg_srv_action_interface_example'
[0.448s] Level 1:colcon.colcon_core.package_identification:_identify(ros2-seminar-examples/my_first_ros_rclcpp_pkg) by extensions ['ignore', 'ignore_ament_install']
[0.449s] Level 1:colcon.colcon_core.package_identification:_identify(ros2-seminar-examples/my_first_ros_rclcpp_pkg) by extension 'ignore'
[0.449s] Level 1:colcon.colcon_core.package_identification:_identify(ros2-seminar-examples/my_first_ros_rclcpp_pkg) by extension 'ignore_ament_install'
[0.449s] Level 1:colcon.colcon_core.package_identification:_identify(ros2-seminar-examples/my_first_ros_rclcpp_pkg) by extensions ['colcon_pkg']
[0.449s] Level 1:colcon.colcon_core.package_identification:_identify(ros2-seminar-examples/my_first_ros_rclcpp_pkg) by extension 'colcon_pkg'
[0.450s] Level 1:colcon.colcon_core.package_identification:_identify(ros2-seminar-examples/my_first_ros_rclcpp_pkg) by extensions ['colcon_meta']
[0.450s] Level 1:colcon.colcon_core.package_identification:_identify(ros2-seminar-examples/my_first_ros_rclcpp_pkg) by extension 'colcon_meta'
[0.450s] Level 1:colcon.colcon_core.package_identification:_identify(ros2-seminar-examples/my_first_ros_rclcpp_pkg) by extensions ['ros']
[0.450s] Level 1:colcon.colcon_core.package_identification:_identify(ros2-seminar-examples/my_first_ros_rclcpp_pkg) by extension 'ros'
[0.452s] DEBUG:colcon.colcon_core.package_identification:Package 'ros2-seminar-examples/my_first_ros_rclcpp_pkg' with type 'ros.ament_cmake' and name 'my_first_ros_rclcpp_pkg'
[0.452s] Level 1:colcon.colcon_core.package_identification:_identify(ros2-seminar-examples/my_first_ros_rclpy_pkg) by extensions ['ignore', 'ignore_ament_install']
[0.452s] Level 1:colcon.colcon_core.package_identification:_identify(ros2-seminar-examples/my_first_ros_rclpy_pkg) by extension 'ignore'
[0.452s] Level 1:colcon.colcon_core.package_identification:_identify(ros2-seminar-examples/my_first_ros_rclpy_pkg) by extension 'ignore_ament_install'
[0.453s] Level 1:colcon.colcon_core.package_identification:_identify(ros2-seminar-examples/my_first_ros_rclpy_pkg) by extensions ['colcon_pkg']
[0.453s] Level 1:colcon.colcon_core.package_identification:_identify(ros2-seminar-examples/my_first_ros_rclpy_pkg) by extension 'colcon_pkg'
[0.453s] Level 1:colcon.colcon_core.package_identification:_identify(ros2-seminar-examples/my_first_ros_rclpy_pkg) by extensions ['colcon_meta']
[0.453s] Level 1:colcon.colcon_core.package_identification:_identify(ros2-seminar-examples/my_first_ros_rclpy_pkg) by extension 'colcon_meta'
[0.453s] Level 1:colcon.colcon_core.package_identification:_identify(ros2-seminar-examples/my_first_ros_rclpy_pkg) by extensions ['ros']
[0.453s] Level 1:colcon.colcon_core.package_identification:_identify(ros2-seminar-examples/my_first_ros_rclpy_pkg) by extension 'ros'
[0.455s] DEBUG:colcon.colcon_core.package_identification:Package 'ros2-seminar-examples/my_first_ros_rclpy_pkg' with type 'ros.ament_python' and name 'my_first_ros_rclpy_pkg'
[0.455s] Level 1:colcon.colcon_core.package_identification:_identify(ros2-seminar-examples/ros2env) by extensions ['ignore', 'ignore_ament_install']
[0.455s] Level 1:colcon.colcon_core.package_identification:_identify(ros2-seminar-examples/ros2env) by extension 'ignore'
[0.455s] Level 1:colcon.colcon_core.package_identification:_identify(ros2-seminar-examples/ros2env) by extension 'ignore_ament_install'
[0.456s] Level 1:colcon.colcon_core.package_identification:_identify(ros2-seminar-examples/ros2env) by extensions ['colcon_pkg']
[0.456s] Level 1:colcon.colcon_core.package_identification:_identify(ros2-seminar-examples/ros2env) by extension 'colcon_pkg'
[0.456s] Level 1:colcon.colcon_core.package_identification:_identify(ros2-seminar-examples/ros2env) by extensions ['colcon_meta']
[0.456s] Level 1:colcon.colcon_core.package_identification:_identify(ros2-seminar-examples/ros2env) by extension 'colcon_meta'
[0.456s] Level 1:colcon.colcon_core.package_identification:_identify(ros2-seminar-examples/ros2env) by extensions ['ros']
[0.457s] Level 1:colcon.colcon_core.package_identification:_identify(ros2-seminar-examples/ros2env) by extension 'ros'
[0.458s] DEBUG:colcon.colcon_core.package_identification:Package 'ros2-seminar-examples/ros2env' with type 'ros.ament_python' and name 'ros2env'
[0.458s] Level 1:colcon.colcon_core.package_identification:_identify(ros2-seminar-examples/rqt_example) by extensions ['ignore', 'ignore_ament_install']
[0.459s] Level 1:colcon.colcon_core.package_identification:_identify(ros2-seminar-examples/rqt_example) by extension 'ignore'
[0.459s] Level 1:colcon.colcon_core.package_identification:_identify(ros2-seminar-examples/rqt_example) by extension 'ignore_ament_install'
[0.459s] Level 1:colcon.colcon_core.package_identification:_identify(ros2-seminar-examples/rqt_example) by extensions ['colcon_pkg']
[0.459s] Level 1:colcon.colcon_core.package_identification:_identify(ros2-seminar-examples/rqt_example) by extension 'colcon_pkg'
[0.459s] Level 1:colcon.colcon_core.package_identification:_identify(ros2-seminar-examples/rqt_example) by extensions ['colcon_meta']
[0.460s] Level 1:colcon.colcon_core.package_identification:_identify(ros2-seminar-examples/rqt_example) by extension 'colcon_meta'
[0.460s] Level 1:colcon.colcon_core.package_identification:_identify(ros2-seminar-examples/rqt_example) by extensions ['ros']
[0.460s] Level 1:colcon.colcon_core.package_identification:_identify(ros2-seminar-examples/rqt_example) by extension 'ros'
[0.461s] DEBUG:colcon.colcon_core.package_identification:Package 'ros2-seminar-examples/rqt_example' with type 'ros.ament_cmake' and name 'rqt_example'
[0.462s] Level 1:colcon.colcon_core.package_identification:_identify(ros2-seminar-examples/testbot_description) by extensions ['ignore', 'ignore_ament_install']
[0.462s] Level 1:colcon.colcon_core.package_identification:_identify(ros2-seminar-examples/testbot_description) by extension 'ignore'
[0.462s] Level 1:colcon.colcon_core.package_identification:_identify(ros2-seminar-examples/testbot_description) by extension 'ignore_ament_install'
[0.462s] Level 1:colcon.colcon_core.package_identification:_identify(ros2-seminar-examples/testbot_description) by extensions ['colcon_pkg']
[0.463s] Level 1:colcon.colcon_core.package_identification:_identify(ros2-seminar-examples/testbot_description) by extension 'colcon_pkg'
[0.463s] Level 1:colcon.colcon_core.package_identification:_identify(ros2-seminar-examples/testbot_description) by extensions ['colcon_meta']
[0.464s] Level 1:colcon.colcon_core.package_identification:_identify(ros2-seminar-examples/testbot_description) by extension 'colcon_meta'
[0.464s] Level 1:colcon.colcon_core.package_identification:_identify(ros2-seminar-examples/testbot_description) by extensions ['ros']
[0.464s] Level 1:colcon.colcon_core.package_identification:_identify(ros2-seminar-examples/testbot_description) by extension 'ros'
[0.465s] DEBUG:colcon.colcon_core.package_identification:Package 'ros2-seminar-examples/testbot_description' with type 'ros.ament_cmake' and name 'testbot_description'
[0.466s] Level 1:colcon.colcon_core.package_identification:_identify(ros2-seminar-examples/tf2_rclcpp_example) by extensions ['ignore', 'ignore_ament_install']
[0.466s] Level 1:colcon.colcon_core.package_identification:_identify(ros2-seminar-examples/tf2_rclcpp_example) by extension 'ignore'
[0.466s] Level 1:colcon.colcon_core.package_identification:_identify(ros2-seminar-examples/tf2_rclcpp_example) by extension 'ignore_ament_install'
[0.467s] Level 1:colcon.colcon_core.package_identification:_identify(ros2-seminar-examples/tf2_rclcpp_example) by extensions ['colcon_pkg']
[0.467s] Level 1:colcon.colcon_core.package_identification:_identify(ros2-seminar-examples/tf2_rclcpp_example) by extension 'colcon_pkg'
[0.467s] Level 1:colcon.colcon_core.package_identification:_identify(ros2-seminar-examples/tf2_rclcpp_example) by extensions ['colcon_meta']
[0.467s] Level 1:colcon.colcon_core.package_identification:_identify(ros2-seminar-examples/tf2_rclcpp_example) by extension 'colcon_meta'
[0.467s] Level 1:colcon.colcon_core.package_identification:_identify(ros2-seminar-examples/tf2_rclcpp_example) by extensions ['ros']
[0.468s] Level 1:colcon.colcon_core.package_identification:_identify(ros2-seminar-examples/tf2_rclcpp_example) by extension 'ros'
[0.470s] DEBUG:colcon.colcon_core.package_identification:Package 'ros2-seminar-examples/tf2_rclcpp_example' with type 'ros.ament_cmake' and name 'tf2_rclcpp_example'
[0.470s] Level 1:colcon.colcon_core.package_identification:_identify(ros2-seminar-examples/tf2_rclpy_example) by extensions ['ignore', 'ignore_ament_install']
[0.470s] Level 1:colcon.colcon_core.package_identification:_identify(ros2-seminar-examples/tf2_rclpy_example) by extension 'ignore'
[0.470s] Level 1:colcon.colcon_core.package_identification:_identify(ros2-seminar-examples/tf2_rclpy_example) by extension 'ignore_ament_install'
[0.470s] Level 1:colcon.colcon_core.package_identification:_identify(ros2-seminar-examples/tf2_rclpy_example) by extensions ['colcon_pkg']
[0.471s] Level 1:colcon.colcon_core.package_identification:_identify(ros2-seminar-examples/tf2_rclpy_example) by extension 'colcon_pkg'
[0.471s] Level 1:colcon.colcon_core.package_identification:_identify(ros2-seminar-examples/tf2_rclpy_example) by extensions ['colcon_meta']
[0.471s] Level 1:colcon.colcon_core.package_identification:_identify(ros2-seminar-examples/tf2_rclpy_example) by extension 'colcon_meta'
[0.471s] Level 1:colcon.colcon_core.package_identification:_identify(ros2-seminar-examples/tf2_rclpy_example) by extensions ['ros']
[0.471s] Level 1:colcon.colcon_core.package_identification:_identify(ros2-seminar-examples/tf2_rclpy_example) by extension 'ros'
[0.473s] DEBUG:colcon.colcon_core.package_identification:Package 'ros2-seminar-examples/tf2_rclpy_example' with type 'ros.ament_python' and name 'tf2_rclpy_example'
[0.473s] Level 1:colcon.colcon_core.package_identification:_identify(ros2-seminar-examples/time_rclcpp_example) by extensions ['ignore', 'ignore_ament_install']
[0.473s] Level 1:colcon.colcon_core.package_identification:_identify(ros2-seminar-examples/time_rclcpp_example) by extension 'ignore'
[0.473s] Level 1:colcon.colcon_core.package_identification:_identify(ros2-seminar-examples/time_rclcpp_example) by extension 'ignore_ament_install'
[0.474s] Level 1:colcon.colcon_core.package_identification:_identify(ros2-seminar-examples/time_rclcpp_example) by extensions ['colcon_pkg']
[0.474s] Level 1:colcon.colcon_core.package_identification:_identify(ros2-seminar-examples/time_rclcpp_example) by extension 'colcon_pkg'
[0.474s] Level 1:colcon.colcon_core.package_identification:_identify(ros2-seminar-examples/time_rclcpp_example) by extensions ['colcon_meta']
[0.474s] Level 1:colcon.colcon_core.package_identification:_identify(ros2-seminar-examples/time_rclcpp_example) by extension 'colcon_meta'
[0.474s] Level 1:colcon.colcon_core.package_identification:_identify(ros2-seminar-examples/time_rclcpp_example) by extensions ['ros']
[0.474s] Level 1:colcon.colcon_core.package_identification:_identify(ros2-seminar-examples/time_rclcpp_example) by extension 'ros'
[0.476s] DEBUG:colcon.colcon_core.package_identification:Package 'ros2-seminar-examples/time_rclcpp_example' with type 'ros.ament_cmake' and name 'time_rclcpp_example'
[0.476s] Level 1:colcon.colcon_core.package_identification:_identify(ros2-seminar-examples/time_rclpy_example) by extensions ['ignore', 'ignore_ament_install']
[0.476s] Level 1:colcon.colcon_core.package_identification:_identify(ros2-seminar-examples/time_rclpy_example) by extension 'ignore'
[0.476s] Level 1:colcon.colcon_core.package_identification:_identify(ros2-seminar-examples/time_rclpy_example) by extension 'ignore_ament_install'
[0.477s] Level 1:colcon.colcon_core.package_identification:_identify(ros2-seminar-examples/time_rclpy_example) by extensions ['colcon_pkg']
[0.477s] Level 1:colcon.colcon_core.package_identification:_identify(ros2-seminar-examples/time_rclpy_example) by extension 'colcon_pkg'
[0.477s] Level 1:colcon.colcon_core.package_identification:_identify(ros2-seminar-examples/time_rclpy_example) by extensions ['colcon_meta']
[0.477s] Level 1:colcon.colcon_core.package_identification:_identify(ros2-seminar-examples/time_rclpy_example) by extension 'colcon_meta'
[0.477s] Level 1:colcon.colcon_core.package_identification:_identify(ros2-seminar-examples/time_rclpy_example) by extensions ['ros']
[0.477s] Level 1:colcon.colcon_core.package_identification:_identify(ros2-seminar-examples/time_rclpy_example) by extension 'ros'
[0.479s] DEBUG:colcon.colcon_core.package_identification:Package 'ros2-seminar-examples/time_rclpy_example' with type 'ros.ament_python' and name 'time_rclpy_example'
[0.479s] Level 1:colcon.colcon_core.package_identification:_identify(ros2-seminar-examples/topic_service_action_rclcpp_example) by extensions ['ignore', 'ignore_ament_install']
[0.479s] Level 1:colcon.colcon_core.package_identification:_identify(ros2-seminar-examples/topic_service_action_rclcpp_example) by extension 'ignore'
[0.479s] Level 1:colcon.colcon_core.package_identification:_identify(ros2-seminar-examples/topic_service_action_rclcpp_example) by extension 'ignore_ament_install'
[0.480s] Level 1:colcon.colcon_core.package_identification:_identify(ros2-seminar-examples/topic_service_action_rclcpp_example) by extensions ['colcon_pkg']
[0.480s] Level 1:colcon.colcon_core.package_identification:_identify(ros2-seminar-examples/topic_service_action_rclcpp_example) by extension 'colcon_pkg'
[0.480s] Level 1:colcon.colcon_core.package_identification:_identify(ros2-seminar-examples/topic_service_action_rclcpp_example) by extensions ['colcon_meta']
[0.480s] Level 1:colcon.colcon_core.package_identification:_identify(ros2-seminar-examples/topic_service_action_rclcpp_example) by extension 'colcon_meta'
[0.480s] Level 1:colcon.colcon_core.package_identification:_identify(ros2-seminar-examples/topic_service_action_rclcpp_example) by extensions ['ros']
[0.480s] Level 1:colcon.colcon_core.package_identification:_identify(ros2-seminar-examples/topic_service_action_rclcpp_example) by extension 'ros'
[0.482s] DEBUG:colcon.colcon_core.package_identification:Package 'ros2-seminar-examples/topic_service_action_rclcpp_example' with type 'ros.ament_cmake' and name 'topic_service_action_rclcpp_example'
[0.482s] Level 1:colcon.colcon_core.package_identification:_identify(ros2-seminar-examples/topic_service_action_rclpy_example) by extensions ['ignore', 'ignore_ament_install']
[0.482s] Level 1:colcon.colcon_core.package_identification:_identify(ros2-seminar-examples/topic_service_action_rclpy_example) by extension 'ignore'
[0.483s] Level 1:colcon.colcon_core.package_identification:_identify(ros2-seminar-examples/topic_service_action_rclpy_example) by extension 'ignore_ament_install'
[0.483s] Level 1:colcon.colcon_core.package_identification:_identify(ros2-seminar-examples/topic_service_action_rclpy_example) by extensions ['colcon_pkg']
[0.483s] Level 1:colcon.colcon_core.package_identification:_identify(ros2-seminar-examples/topic_service_action_rclpy_example) by extension 'colcon_pkg'
[0.483s] Level 1:colcon.colcon_core.package_identification:_identify(ros2-seminar-examples/topic_service_action_rclpy_example) by extensions ['colcon_meta']
[0.483s] Level 1:colcon.colcon_core.package_identification:_identify(ros2-seminar-examples/topic_service_action_rclpy_example) by extension 'colcon_meta'
[0.483s] Level 1:colcon.colcon_core.package_identification:_identify(ros2-seminar-examples/topic_service_action_rclpy_example) by extensions ['ros']
[0.483s] Level 1:colcon.colcon_core.package_identification:_identify(ros2-seminar-examples/topic_service_action_rclpy_example) by extension 'ros'
[0.485s] DEBUG:colcon.colcon_core.package_identification:Package 'ros2-seminar-examples/topic_service_action_rclpy_example' with type 'ros.ament_python' and name 'topic_service_action_rclpy_example'
[0.485s] Level 1:colcon.colcon_core.package_identification:_identify(src) by extensions ['ignore', 'ignore_ament_install']
[0.485s] Level 1:colcon.colcon_core.package_identification:_identify(src) by extension 'ignore'
[0.486s] Level 1:colcon.colcon_core.package_identification:_identify(src) by extension 'ignore_ament_install'
[0.486s] Level 1:colcon.colcon_core.package_identification:_identify(src) by extensions ['colcon_pkg']
[0.486s] Level 1:colcon.colcon_core.package_identification:_identify(src) by extension 'colcon_pkg'
[0.486s] Level 1:colcon.colcon_core.package_identification:_identify(src) by extensions ['colcon_meta']
[0.486s] Level 1:colcon.colcon_core.package_identification:_identify(src) by extension 'colcon_meta'
[0.486s] Level 1:colcon.colcon_core.package_identification:_identify(src) by extensions ['ros']
[0.487s] Level 1:colcon.colcon_core.package_identification:_identify(src) by extension 'ros'
[0.487s] Level 1:colcon.colcon_core.package_identification:_identify(src) by extensions ['cmake', 'python']
[0.487s] Level 1:colcon.colcon_core.package_identification:_identify(src) by extension 'cmake'
[0.487s] Level 1:colcon.colcon_core.package_identification:_identify(src) by extension 'python'
[0.487s] Level 1:colcon.colcon_core.package_identification:_identify(src) by extensions ['python_setup_py']
[0.487s] Level 1:colcon.colcon_core.package_identification:_identify(src) by extension 'python_setup_py'
[0.488s] Level 1:colcon.colcon_core.package_identification:_identify(src/gcamp_ros2_basic) by extensions ['ignore', 'ignore_ament_install']
[0.489s] Level 1:colcon.colcon_core.package_identification:_identify(src/gcamp_ros2_basic) by extension 'ignore'
[0.489s] Level 1:colcon.colcon_core.package_identification:_identify(src/gcamp_ros2_basic) by extension 'ignore_ament_install'
[0.489s] Level 1:colcon.colcon_core.package_identification:_identify(src/gcamp_ros2_basic) by extensions ['colcon_pkg']
[0.489s] Level 1:colcon.colcon_core.package_identification:_identify(src/gcamp_ros2_basic) by extension 'colcon_pkg'
[0.490s] Level 1:colcon.colcon_core.package_identification:_identify(src/gcamp_ros2_basic) by extensions ['colcon_meta']
[0.490s] Level 1:colcon.colcon_core.package_identification:_identify(src/gcamp_ros2_basic) by extension 'colcon_meta'
[0.490s] Level 1:colcon.colcon_core.package_identification:_identify(src/gcamp_ros2_basic) by extensions ['ros']
[0.490s] Level 1:colcon.colcon_core.package_identification:_identify(src/gcamp_ros2_basic) by extension 'ros'
[0.490s] Level 1:colcon.colcon_core.package_identification:_identify(src/gcamp_ros2_basic) by extensions ['cmake', 'python']
[0.490s] Level 1:colcon.colcon_core.package_identification:_identify(src/gcamp_ros2_basic) by extension 'cmake'
[0.491s] Level 1:colcon.colcon_core.package_identification:_identify(src/gcamp_ros2_basic) by extension 'python'
[0.491s] Level 1:colcon.colcon_core.package_identification:_identify(src/gcamp_ros2_basic) by extensions ['python_setup_py']
[0.491s] Level 1:colcon.colcon_core.package_identification:_identify(src/gcamp_ros2_basic) by extension 'python_setup_py'
[0.491s] Level 1:colcon.colcon_core.package_identification:_identify(src/gcamp_ros2_basic/cpp_action_pkg) by extensions ['ignore', 'ignore_ament_install']
[0.492s] Level 1:colcon.colcon_core.package_identification:_identify(src/gcamp_ros2_basic/cpp_action_pkg) by extension 'ignore'
[0.492s] Level 1:colcon.colcon_core.package_identification:_identify(src/gcamp_ros2_basic/cpp_action_pkg) by extension 'ignore_ament_install'
[0.492s] Level 1:colcon.colcon_core.package_identification:_identify(src/gcamp_ros2_basic/cpp_action_pkg) by extensions ['colcon_pkg']
[0.492s] Level 1:colcon.colcon_core.package_identification:_identify(src/gcamp_ros2_basic/cpp_action_pkg) by extension 'colcon_pkg'
[0.492s] Level 1:colcon.colcon_core.package_identification:_identify(src/gcamp_ros2_basic/cpp_action_pkg) by extensions ['colcon_meta']
[0.493s] Level 1:colcon.colcon_core.package_identification:_identify(src/gcamp_ros2_basic/cpp_action_pkg) by extension 'colcon_meta'
[0.493s] Level 1:colcon.colcon_core.package_identification:_identify(src/gcamp_ros2_basic/cpp_action_pkg) by extensions ['ros']
[0.493s] Level 1:colcon.colcon_core.package_identification:_identify(src/gcamp_ros2_basic/cpp_action_pkg) by extension 'ros'
[0.495s] DEBUG:colcon.colcon_core.package_identification:Package 'src/gcamp_ros2_basic/cpp_action_pkg' with type 'ros.ament_cmake' and name 'cpp_action_pkg'
[0.495s] Level 1:colcon.colcon_core.package_identification:_identify(src/gcamp_ros2_basic/cpp_first_pkg) by extensions ['ignore', 'ignore_ament_install']
[0.496s] Level 1:colcon.colcon_core.package_identification:_identify(src/gcamp_ros2_basic/cpp_first_pkg) by extension 'ignore'
[0.496s] Level 1:colcon.colcon_core.package_identification:_identify(src/gcamp_ros2_basic/cpp_first_pkg) by extension 'ignore_ament_install'
[0.496s] Level 1:colcon.colcon_core.package_identification:_identify(src/gcamp_ros2_basic/cpp_first_pkg) by extensions ['colcon_pkg']
[0.496s] Level 1:colcon.colcon_core.package_identification:_identify(src/gcamp_ros2_basic/cpp_first_pkg) by extension 'colcon_pkg'
[0.496s] Level 1:colcon.colcon_core.package_identification:_identify(src/gcamp_ros2_basic/cpp_first_pkg) by extensions ['colcon_meta']
[0.496s] Level 1:colcon.colcon_core.package_identification:_identify(src/gcamp_ros2_basic/cpp_first_pkg) by extension 'colcon_meta'
[0.497s] Level 1:colcon.colcon_core.package_identification:_identify(src/gcamp_ros2_basic/cpp_first_pkg) by extensions ['ros']
[0.497s] Level 1:colcon.colcon_core.package_identification:_identify(src/gcamp_ros2_basic/cpp_first_pkg) by extension 'ros'
[0.498s] DEBUG:colcon.colcon_core.package_identification:Package 'src/gcamp_ros2_basic/cpp_first_pkg' with type 'ros.ament_cmake' and name 'cpp_first_pkg'
[0.498s] Level 1:colcon.colcon_core.package_identification:_identify(src/gcamp_ros2_basic/cpp_param_pkg) by extensions ['ignore', 'ignore_ament_install']
[0.498s] Level 1:colcon.colcon_core.package_identification:_identify(src/gcamp_ros2_basic/cpp_param_pkg) by extension 'ignore'
[0.499s] Level 1:colcon.colcon_core.package_identification:_identify(src/gcamp_ros2_basic/cpp_param_pkg) by extension 'ignore_ament_install'
[0.499s] Level 1:colcon.colcon_core.package_identification:_identify(src/gcamp_ros2_basic/cpp_param_pkg) by extensions ['colcon_pkg']
[0.499s] Level 1:colcon.colcon_core.package_identification:_identify(src/gcamp_ros2_basic/cpp_param_pkg) by extension 'colcon_pkg'
[0.499s] Level 1:colcon.colcon_core.package_identification:_identify(src/gcamp_ros2_basic/cpp_param_pkg) by extensions ['colcon_meta']
[0.500s] Level 1:colcon.colcon_core.package_identification:_identify(src/gcamp_ros2_basic/cpp_param_pkg) by extension 'colcon_meta'
[0.500s] Level 1:colcon.colcon_core.package_identification:_identify(src/gcamp_ros2_basic/cpp_param_pkg) by extensions ['ros']
[0.500s] Level 1:colcon.colcon_core.package_identification:_identify(src/gcamp_ros2_basic/cpp_param_pkg) by extension 'ros'
[0.501s] DEBUG:colcon.colcon_core.package_identification:Package 'src/gcamp_ros2_basic/cpp_param_pkg' with type 'ros.ament_cmake' and name 'cpp_param_pkg'
[0.501s] Level 1:colcon.colcon_core.package_identification:_identify(src/gcamp_ros2_basic/cpp_service_pkg) by extensions ['ignore', 'ignore_ament_install']
[0.502s] Level 1:colcon.colcon_core.package_identification:_identify(src/gcamp_ros2_basic/cpp_service_pkg) by extension 'ignore'
[0.502s] Level 1:colcon.colcon_core.package_identification:_identify(src/gcamp_ros2_basic/cpp_service_pkg) by extension 'ignore_ament_install'
[0.502s] Level 1:colcon.colcon_core.package_identification:_identify(src/gcamp_ros2_basic/cpp_service_pkg) by extensions ['colcon_pkg']
[0.502s] Level 1:colcon.colcon_core.package_identification:_identify(src/gcamp_ros2_basic/cpp_service_pkg) by extension 'colcon_pkg'
[0.502s] Level 1:colcon.colcon_core.package_identification:_identify(src/gcamp_ros2_basic/cpp_service_pkg) by extensions ['colcon_meta']
[0.502s] Level 1:colcon.colcon_core.package_identification:_identify(src/gcamp_ros2_basic/cpp_service_pkg) by extension 'colcon_meta'
[0.503s] Level 1:colcon.colcon_core.package_identification:_identify(src/gcamp_ros2_basic/cpp_service_pkg) by extensions ['ros']
[0.503s] Level 1:colcon.colcon_core.package_identification:_identify(src/gcamp_ros2_basic/cpp_service_pkg) by extension 'ros'
[0.504s] DEBUG:colcon.colcon_core.package_identification:Package 'src/gcamp_ros2_basic/cpp_service_pkg' with type 'ros.ament_cmake' and name 'cpp_service_pkg'
[0.505s] Level 1:colcon.colcon_core.package_identification:_identify(src/gcamp_ros2_basic/cpp_service_tutorial) by extensions ['ignore', 'ignore_ament_install']
[0.505s] Level 1:colcon.colcon_core.package_identification:_identify(src/gcamp_ros2_basic/cpp_service_tutorial) by extension 'ignore'
[0.505s] Level 1:colcon.colcon_core.package_identification:_identify(src/gcamp_ros2_basic/cpp_service_tutorial) by extension 'ignore_ament_install'
[0.505s] Level 1:colcon.colcon_core.package_identification:_identify(src/gcamp_ros2_basic/cpp_service_tutorial) by extensions ['colcon_pkg']
[0.506s] Level 1:colcon.colcon_core.package_identification:_identify(src/gcamp_ros2_basic/cpp_service_tutorial) by extension 'colcon_pkg'
[0.506s] Level 1:colcon.colcon_core.package_identification:_identify(src/gcamp_ros2_basic/cpp_service_tutorial) by extensions ['colcon_meta']
[0.506s] Level 1:colcon.colcon_core.package_identification:_identify(src/gcamp_ros2_basic/cpp_service_tutorial) by extension 'colcon_meta'
[0.506s] Level 1:colcon.colcon_core.package_identification:_identify(src/gcamp_ros2_basic/cpp_service_tutorial) by extensions ['ros']
[0.506s] Level 1:colcon.colcon_core.package_identification:_identify(src/gcamp_ros2_basic/cpp_service_tutorial) by extension 'ros'
[0.508s] DEBUG:colcon.colcon_core.package_identification:Package 'src/gcamp_ros2_basic/cpp_service_tutorial' with type 'ros.ament_cmake' and name 'cpp_service_tutorial'
[0.509s] Level 1:colcon.colcon_core.package_identification:_identify(src/gcamp_ros2_basic/cpp_topic_pkg) by extensions ['ignore', 'ignore_ament_install']
[0.509s] Level 1:colcon.colcon_core.package_identification:_identify(src/gcamp_ros2_basic/cpp_topic_pkg) by extension 'ignore'
[0.509s] Level 1:colcon.colcon_core.package_identification:_identify(src/gcamp_ros2_basic/cpp_topic_pkg) by extension 'ignore_ament_install'
[0.509s] Level 1:colcon.colcon_core.package_identification:_identify(src/gcamp_ros2_basic/cpp_topic_pkg) by extensions ['colcon_pkg']
[0.510s] Level 1:colcon.colcon_core.package_identification:_identify(src/gcamp_ros2_basic/cpp_topic_pkg) by extension 'colcon_pkg'
[0.510s] Level 1:colcon.colcon_core.package_identification:_identify(src/gcamp_ros2_basic/cpp_topic_pkg) by extensions ['colcon_meta']
[0.510s] Level 1:colcon.colcon_core.package_identification:_identify(src/gcamp_ros2_basic/cpp_topic_pkg) by extension 'colcon_meta'
[0.510s] Level 1:colcon.colcon_core.package_identification:_identify(src/gcamp_ros2_basic/cpp_topic_pkg) by extensions ['ros']
[0.510s] Level 1:colcon.colcon_core.package_identification:_identify(src/gcamp_ros2_basic/cpp_topic_pkg) by extension 'ros'
[0.512s] DEBUG:colcon.colcon_core.package_identification:Package 'src/gcamp_ros2_basic/cpp_topic_pkg' with type 'ros.ament_cmake' and name 'cpp_topic_pkg'
[0.512s] Level 1:colcon.colcon_core.package_identification:_identify(src/gcamp_ros2_basic/custom_interfaces) by extensions ['ignore', 'ignore_ament_install']
[0.513s] Level 1:colcon.colcon_core.package_identification:_identify(src/gcamp_ros2_basic/custom_interfaces) by extension 'ignore'
[0.513s] Level 1:colcon.colcon_core.package_identification:_identify(src/gcamp_ros2_basic/custom_interfaces) by extension 'ignore_ament_install'
[0.513s] Level 1:colcon.colcon_core.package_identification:_identify(src/gcamp_ros2_basic/custom_interfaces) by extensions ['colcon_pkg']
[0.513s] Level 1:colcon.colcon_core.package_identification:_identify(src/gcamp_ros2_basic/custom_interfaces) by extension 'colcon_pkg'
[0.513s] Level 1:colcon.colcon_core.package_identification:_identify(src/gcamp_ros2_basic/custom_interfaces) by extensions ['colcon_meta']
[0.513s] Level 1:colcon.colcon_core.package_identification:_identify(src/gcamp_ros2_basic/custom_interfaces) by extension 'colcon_meta'
[0.514s] Level 1:colcon.colcon_core.package_identification:_identify(src/gcamp_ros2_basic/custom_interfaces) by extensions ['ros']
[0.514s] Level 1:colcon.colcon_core.package_identification:_identify(src/gcamp_ros2_basic/custom_interfaces) by extension 'ros'
[0.515s] DEBUG:colcon.colcon_core.package_identification:Package 'src/gcamp_ros2_basic/custom_interfaces' with type 'ros.ament_cmake' and name 'custom_interfaces'
[0.515s] Level 1:colcon.colcon_core.package_identification:_identify(src/gcamp_ros2_basic/gcamp_gazebo) by extensions ['ignore', 'ignore_ament_install']
[0.515s] Level 1:colcon.colcon_core.package_identification:_identify(src/gcamp_ros2_basic/gcamp_gazebo) by extension 'ignore'
[0.516s] Level 1:colcon.colcon_core.package_identification:_identify(src/gcamp_ros2_basic/gcamp_gazebo) by extension 'ignore_ament_install'
[0.516s] Level 1:colcon.colcon_core.package_identification:_identify(src/gcamp_ros2_basic/gcamp_gazebo) by extensions ['colcon_pkg']
[0.516s] Level 1:colcon.colcon_core.package_identification:_identify(src/gcamp_ros2_basic/gcamp_gazebo) by extension 'colcon_pkg'
[0.516s] Level 1:colcon.colcon_core.package_identification:_identify(src/gcamp_ros2_basic/gcamp_gazebo) by extensions ['colcon_meta']
[0.516s] Level 1:colcon.colcon_core.package_identification:_identify(src/gcamp_ros2_basic/gcamp_gazebo) by extension 'colcon_meta'
[0.516s] Level 1:colcon.colcon_core.package_identification:_identify(src/gcamp_ros2_basic/gcamp_gazebo) by extensions ['ros']
[0.517s] Level 1:colcon.colcon_core.package_identification:_identify(src/gcamp_ros2_basic/gcamp_gazebo) by extension 'ros'
[0.518s] DEBUG:colcon.colcon_core.package_identification:Package 'src/gcamp_ros2_basic/gcamp_gazebo' with type 'ros.ament_cmake' and name 'gcamp_gazebo'
[0.518s] Level 1:colcon.colcon_core.package_identification:_identify(src/gcamp_ros2_basic/image) by extensions ['ignore', 'ignore_ament_install']
[0.519s] Level 1:colcon.colcon_core.package_identification:_identify(src/gcamp_ros2_basic/image) by extension 'ignore'
[0.519s] Level 1:colcon.colcon_core.package_identification:_identify(src/gcamp_ros2_basic/image) by extension 'ignore_ament_install'
[0.520s] Level 1:colcon.colcon_core.package_identification:_identify(src/gcamp_ros2_basic/image) by extensions ['colcon_pkg']
[0.520s] Level 1:colcon.colcon_core.package_identification:_identify(src/gcamp_ros2_basic/image) by extension 'colcon_pkg'
[0.520s] Level 1:colcon.colcon_core.package_identification:_identify(src/gcamp_ros2_basic/image) by extensions ['colcon_meta']
[0.520s] Level 1:colcon.colcon_core.package_identification:_identify(src/gcamp_ros2_basic/image) by extension 'colcon_meta'
[0.521s] Level 1:colcon.colcon_core.package_identification:_identify(src/gcamp_ros2_basic/image) by extensions ['ros']
[0.521s] Level 1:colcon.colcon_core.package_identification:_identify(src/gcamp_ros2_basic/image) by extension 'ros'
[0.521s] Level 1:colcon.colcon_core.package_identification:_identify(src/gcamp_ros2_basic/image) by extensions ['cmake', 'python']
[0.521s] Level 1:colcon.colcon_core.package_identification:_identify(src/gcamp_ros2_basic/image) by extension 'cmake'
[0.521s] Level 1:colcon.colcon_core.package_identification:_identify(src/gcamp_ros2_basic/image) by extension 'python'
[0.522s] Level 1:colcon.colcon_core.package_identification:_identify(src/gcamp_ros2_basic/image) by extensions ['python_setup_py']
[0.522s] Level 1:colcon.colcon_core.package_identification:_identify(src/gcamp_ros2_basic/image) by extension 'python_setup_py'
[0.522s] Level 1:colcon.colcon_core.package_identification:_identify(src/gcamp_ros2_basic/py_action_pkg) by extensions ['ignore', 'ignore_ament_install']
[0.523s] Level 1:colcon.colcon_core.package_identification:_identify(src/gcamp_ros2_basic/py_action_pkg) by extension 'ignore'
[0.523s] Level 1:colcon.colcon_core.package_identification:_identify(src/gcamp_ros2_basic/py_action_pkg) by extension 'ignore_ament_install'
[0.523s] Level 1:colcon.colcon_core.package_identification:_identify(src/gcamp_ros2_basic/py_action_pkg) by extensions ['colcon_pkg']
[0.523s] Level 1:colcon.colcon_core.package_identification:_identify(src/gcamp_ros2_basic/py_action_pkg) by extension 'colcon_pkg'
[0.524s] Level 1:colcon.colcon_core.package_identification:_identify(src/gcamp_ros2_basic/py_action_pkg) by extensions ['colcon_meta']
[0.524s] Level 1:colcon.colcon_core.package_identification:_identify(src/gcamp_ros2_basic/py_action_pkg) by extension 'colcon_meta'
[0.524s] Level 1:colcon.colcon_core.package_identification:_identify(src/gcamp_ros2_basic/py_action_pkg) by extensions ['ros']
[0.524s] Level 1:colcon.colcon_core.package_identification:_identify(src/gcamp_ros2_basic/py_action_pkg) by extension 'ros'
[0.526s] DEBUG:colcon.colcon_core.package_identification:Package 'src/gcamp_ros2_basic/py_action_pkg' with type 'ros.ament_python' and name 'py_action_pkg'
[0.526s] Level 1:colcon.colcon_core.package_identification:_identify(src/gcamp_ros2_basic/py_first_pkg) by extensions ['ignore', 'ignore_ament_install']
[0.527s] Level 1:colcon.colcon_core.package_identification:_identify(src/gcamp_ros2_basic/py_first_pkg) by extension 'ignore'
[0.527s] Level 1:colcon.colcon_core.package_identification:_identify(src/gcamp_ros2_basic/py_first_pkg) by extension 'ignore_ament_install'
[0.527s] Level 1:colcon.colcon_core.package_identification:_identify(src/gcamp_ros2_basic/py_first_pkg) by extensions ['colcon_pkg']
[0.527s] Level 1:colcon.colcon_core.package_identification:_identify(src/gcamp_ros2_basic/py_first_pkg) by extension 'colcon_pkg'
[0.527s] Level 1:colcon.colcon_core.package_identification:_identify(src/gcamp_ros2_basic/py_first_pkg) by extensions ['colcon_meta']
[0.527s] Level 1:colcon.colcon_core.package_identification:_identify(src/gcamp_ros2_basic/py_first_pkg) by extension 'colcon_meta'
[0.527s] Level 1:colcon.colcon_core.package_identification:_identify(src/gcamp_ros2_basic/py_first_pkg) by extensions ['ros']
[0.528s] Level 1:colcon.colcon_core.package_identification:_identify(src/gcamp_ros2_basic/py_first_pkg) by extension 'ros'
[0.529s] DEBUG:colcon.colcon_core.package_identification:Package 'src/gcamp_ros2_basic/py_first_pkg' with type 'ros.ament_python' and name 'py_first_pkg'
[0.529s] Level 1:colcon.colcon_core.package_identification:_identify(src/gcamp_ros2_basic/py_service_pkg) by extensions ['ignore', 'ignore_ament_install']
[0.530s] Level 1:colcon.colcon_core.package_identification:_identify(src/gcamp_ros2_basic/py_service_pkg) by extension 'ignore'
[0.530s] Level 1:colcon.colcon_core.package_identification:_identify(src/gcamp_ros2_basic/py_service_pkg) by extension 'ignore_ament_install'
[0.530s] Level 1:colcon.colcon_core.package_identification:_identify(src/gcamp_ros2_basic/py_service_pkg) by extensions ['colcon_pkg']
[0.530s] Level 1:colcon.colcon_core.package_identification:_identify(src/gcamp_ros2_basic/py_service_pkg) by extension 'colcon_pkg'
[0.530s] Level 1:colcon.colcon_core.package_identification:_identify(src/gcamp_ros2_basic/py_service_pkg) by extensions ['colcon_meta']
[0.530s] Level 1:colcon.colcon_core.package_identification:_identify(src/gcamp_ros2_basic/py_service_pkg) by extension 'colcon_meta'
[0.531s] Level 1:colcon.colcon_core.package_identification:_identify(src/gcamp_ros2_basic/py_service_pkg) by extensions ['ros']
[0.531s] Level 1:colcon.colcon_core.package_identification:_identify(src/gcamp_ros2_basic/py_service_pkg) by extension 'ros'
[0.532s] DEBUG:colcon.colcon_core.package_identification:Package 'src/gcamp_ros2_basic/py_service_pkg' with type 'ros.ament_python' and name 'py_service_pkg'
[0.533s] Level 1:colcon.colcon_core.package_identification:_identify(src/gcamp_ros2_basic/py_topic_pkg) by extensions ['ignore', 'ignore_ament_install']
[0.533s] Level 1:colcon.colcon_core.package_identification:_identify(src/gcamp_ros2_basic/py_topic_pkg) by extension 'ignore'
[0.533s] Level 1:colcon.colcon_core.package_identification:_identify(src/gcamp_ros2_basic/py_topic_pkg) by extension 'ignore_ament_install'
[0.533s] Level 1:colcon.colcon_core.package_identification:_identify(src/gcamp_ros2_basic/py_topic_pkg) by extensions ['colcon_pkg']
[0.534s] Level 1:colcon.colcon_core.package_identification:_identify(src/gcamp_ros2_basic/py_topic_pkg) by extension 'colcon_pkg'
[0.534s] Level 1:colcon.colcon_core.package_identification:_identify(src/gcamp_ros2_basic/py_topic_pkg) by extensions ['colcon_meta']
[0.534s] Level 1:colcon.colcon_core.package_identification:_identify(src/gcamp_ros2_basic/py_topic_pkg) by extension 'colcon_meta'
[0.534s] Level 1:colcon.colcon_core.package_identification:_identify(src/gcamp_ros2_basic/py_topic_pkg) by extensions ['ros']
[0.534s] Level 1:colcon.colcon_core.package_identification:_identify(src/gcamp_ros2_basic/py_topic_pkg) by extension 'ros'
[0.536s] DEBUG:colcon.colcon_core.package_identification:Package 'src/gcamp_ros2_basic/py_topic_pkg' with type 'ros.ament_python' and name 'py_topic_pkg'
[0.536s] Level 1:colcon.colcon_core.package_discovery:discover_packages(recursive) using defaults
[0.536s] Level 1:colcon.colcon_core.package_discovery:discover_packages(ignore) discover
[0.536s] Level 1:colcon.colcon_core.package_discovery:discover_packages(ignore) using defaults
[0.536s] Level 1:colcon.colcon_core.package_discovery:discover_packages(path) discover
[0.536s] Level 1:colcon.colcon_core.package_discovery:discover_packages(path) using defaults
[0.575s] INFO:colcon.colcon_core.package_selection:Skipping not selected package 'cpp_first_pkg' in 'src/gcamp_ros2_basic/cpp_first_pkg'
[0.575s] INFO:colcon.colcon_core.package_selection:Skipping not selected package 'cpp_param_pkg' in 'src/gcamp_ros2_basic/cpp_param_pkg'
[0.576s] INFO:colcon.colcon_core.package_selection:Skipping not selected package 'cpp_service_tutorial' in 'src/gcamp_ros2_basic/cpp_service_tutorial'
[0.576s] INFO:colcon.colcon_core.package_selection:Skipping not selected package 'cpp_topic_pkg' in 'src/gcamp_ros2_basic/cpp_topic_pkg'
[0.576s] INFO:colcon.colcon_core.package_selection:Skipping not selected package 'custom_interfaces' in 'src/gcamp_ros2_basic/custom_interfaces'
[0.576s] INFO:colcon.colcon_core.package_selection:Skipping not selected package 'gcamp_gazebo' in 'src/gcamp_ros2_basic/gcamp_gazebo'
[0.576s] INFO:colcon.colcon_core.package_selection:Skipping not selected package 'logging_rclpy_example' in 'ros2-seminar-examples/logging_rclpy_example'
[0.576s] INFO:colcon.colcon_core.package_selection:Skipping not selected package 'msg_srv_action_interface_example' in 'ros2-seminar-examples/msg_srv_action_interface_example'
[0.576s] INFO:colcon.colcon_core.package_selection:Skipping not selected package 'my_first_ros_rclcpp_pkg' in 'ros2-seminar-examples/my_first_ros_rclcpp_pkg'
[0.577s] INFO:colcon.colcon_core.package_selection:Skipping not selected package 'my_first_ros_rclpy_pkg' in 'ros2-seminar-examples/my_first_ros_rclpy_pkg'
[0.577s] INFO:colcon.colcon_core.package_selection:Skipping not selected package 'py_first_pkg' in 'src/gcamp_ros2_basic/py_first_pkg'
[0.577s] INFO:colcon.colcon_core.package_selection:Skipping not selected package 'py_topic_pkg' in 'src/gcamp_ros2_basic/py_topic_pkg'
[0.577s] INFO:colcon.colcon_core.package_selection:Skipping not selected package 'ros2env' in 'ros2-seminar-examples/ros2env'
[0.577s] INFO:colcon.colcon_core.package_selection:Skipping not selected package 'rqt_example' in 'ros2-seminar-examples/rqt_example'
[0.577s] INFO:colcon.colcon_core.package_selection:Skipping not selected package 'testbot_description' in 'ros2-seminar-examples/testbot_description'
[0.578s] INFO:colcon.colcon_core.package_selection:Skipping not selected package 'tf2_rclcpp_example' in 'ros2-seminar-examples/tf2_rclcpp_example'
[0.578s] INFO:colcon.colcon_core.package_selection:Skipping not selected package 'tf2_rclpy_example' in 'ros2-seminar-examples/tf2_rclpy_example'
[0.578s] INFO:colcon.colcon_core.package_selection:Skipping not selected package 'time_rclcpp_example' in 'ros2-seminar-examples/time_rclcpp_example'
[0.578s] INFO:colcon.colcon_core.package_selection:Skipping not selected package 'time_rclpy_example' in 'ros2-seminar-examples/time_rclpy_example'
[0.578s] INFO:colcon.colcon_core.package_selection:Skipping not selected package 'cpp_action_pkg' in 'src/gcamp_ros2_basic/cpp_action_pkg'
[0.578s] INFO:colcon.colcon_core.package_selection:Skipping not selected package 'cpp_service_pkg' in 'src/gcamp_ros2_basic/cpp_service_pkg'
[0.578s] INFO:colcon.colcon_core.package_selection:Skipping not selected package 'py_action_pkg' in 'src/gcamp_ros2_basic/py_action_pkg'
[0.578s] INFO:colcon.colcon_core.package_selection:Skipping not selected package 'topic_service_action_rclcpp_example' in 'ros2-seminar-examples/topic_service_action_rclcpp_example'
[0.579s] INFO:colcon.colcon_core.package_selection:Skipping not selected package 'topic_service_action_rclpy_example' in 'ros2-seminar-examples/topic_service_action_rclpy_example'
[0.580s] Level 1:colcon.colcon_core.package_discovery:discover_packages(prefix_path) check parameters
[0.580s] Level 1:colcon.colcon_core.package_discovery:discover_packages(prefix_path) discover
[0.586s] DEBUG:colcon.colcon_installed_package_information.package_discovery:Found 12 installed packages in /home/ubuntu/gcamp_ros2_ws/install
[0.589s] DEBUG:colcon.colcon_installed_package_information.package_discovery:Found 274 installed packages in /opt/ros/foxy
[0.610s] Level 1:colcon.colcon_core.package_discovery:discover_packages(prefix_path) using defaults
[0.793s] Level 5:colcon.colcon_core.verb:set package 'py_service_pkg' build argument 'cmake_args' from command line to 'None'
[0.793s] Level 5:colcon.colcon_core.verb:set package 'py_service_pkg' build argument 'cmake_target' from command line to 'None'
[0.794s] Level 5:colcon.colcon_core.verb:set package 'py_service_pkg' build argument 'cmake_target_skip_unavailable' from command line to 'False'
[0.794s] Level 5:colcon.colcon_core.verb:set package 'py_service_pkg' build argument 'cmake_clean_cache' from command line to 'False'
[0.795s] Level 5:colcon.colcon_core.verb:set package 'py_service_pkg' build argument 'cmake_clean_first' from command line to 'False'
[0.795s] Level 5:colcon.colcon_core.verb:set package 'py_service_pkg' build argument 'cmake_force_configure' from command line to 'False'
[0.795s] Level 5:colcon.colcon_core.verb:set package 'py_service_pkg' build argument 'ament_cmake_args' from command line to 'None'
[0.795s] Level 5:colcon.colcon_core.verb:set package 'py_service_pkg' build argument 'catkin_cmake_args' from command line to 'None'
[0.796s] Level 5:colcon.colcon_core.verb:set package 'py_service_pkg' build argument 'catkin_skip_building_tests' from command line to 'False'
[0.796s] DEBUG:colcon.colcon_core.verb:Building package 'py_service_pkg' with the following arguments: {'ament_cmake_args': None, 'build_base': '/home/ubuntu/gcamp_ros2_ws/build/py_service_pkg', 'catkin_cmake_args': None, 'catkin_skip_building_tests': False, 'cmake_args': None, 'cmake_clean_cache': False, 'cmake_clean_first': False, 'cmake_force_configure': False, 'cmake_target': None, 'cmake_target_skip_unavailable': False, 'install_base': '/home/ubuntu/gcamp_ros2_ws/install/py_service_pkg', 'merge_install': False, 'path': '/home/ubuntu/gcamp_ros2_ws/src/gcamp_ros2_basic/py_service_pkg', 'symlink_install': True, 'test_result_base': None}
[0.796s] INFO:colcon.colcon_core.executor:Executing jobs using 'parallel' executor
[0.801s] DEBUG:colcon.colcon_parallel_executor.executor.parallel:run_until_complete
[0.802s] INFO:colcon.colcon_ros.task.ament_python.build:Building ROS package in '/home/ubuntu/gcamp_ros2_ws/src/gcamp_ros2_basic/py_service_pkg' with build type 'ament_python'
[0.803s] Level 1:colcon.colcon_core.shell:create_environment_hook('py_service_pkg', 'ament_prefix_path')
[0.816s] INFO:colcon.colcon_core.plugin_system:Skipping extension 'colcon_core.shell.bat': Not used on non-Windows systems
[0.817s] INFO:colcon.colcon_core.shell:Creating environment hook '/home/ubuntu/gcamp_ros2_ws/install/py_service_pkg/share/py_service_pkg/hook/ament_prefix_path.ps1'
[0.818s] INFO:colcon.colcon_core.shell:Creating environment descriptor '/home/ubuntu/gcamp_ros2_ws/install/py_service_pkg/share/py_service_pkg/hook/ament_prefix_path.dsv'
[0.819s] INFO:colcon.colcon_core.shell:Creating environment hook '/home/ubuntu/gcamp_ros2_ws/install/py_service_pkg/share/py_service_pkg/hook/ament_prefix_path.sh'
[0.821s] INFO:colcon.colcon_core.shell:Skip shell extension 'powershell' for command environment: Not usable outside of PowerShell
[0.822s] DEBUG:colcon.colcon_core.shell:Skip shell extension 'dsv' for command environment
[1.322s] INFO:colcon.colcon_core.task.python.build:Building Python package in '/home/ubuntu/gcamp_ros2_ws/src/gcamp_ros2_basic/py_service_pkg'
[1.324s] INFO:colcon.colcon_core.shell:Skip shell extension 'powershell' for command environment: Not usable outside of PowerShell
[1.324s] DEBUG:colcon.colcon_core.shell:Skip shell extension 'dsv' for command environment
[2.289s] DEBUG:colcon.colcon_core.event_handler.log_command:Invoking command in '/home/ubuntu/gcamp_ros2_ws/build/py_service_pkg': CMAKE_PREFIX_PATH=/home/ubuntu/gcamp_ros2_ws/install/custom_interfaces:/home/ubuntu/gcamp_ros2_ws/install/gcamp_gazebo:/home/ubuntu/gcamp_ros2_ws/install/cpp_service_pkg:/home/ubuntu/gcamp_ros2_ws/install/cpp_action_pkg:/home/ubuntu/gcamp_ros2_ws/install/cpp_topic_pkg:/home/ubuntu/gcamp_ros2_ws/install/cpp_service_tutorial:/home/ubuntu/gcamp_ros2_ws/install/cpp_param_pkg:/home/ubuntu/gcamp_ros2_ws/install/cpp_first_pkg PYTHONPATH=/home/ubuntu/gcamp_ros2_ws/install/py_service_pkg/lib/python3.8/site-packages:/home/ubuntu/gcamp_ros2_ws/install/custom_interfaces/lib/python3.8/site-packages:/home/ubuntu/gcamp_ros2_ws/build/py_topic_pkg:/home/ubuntu/gcamp_ros2_ws/install/py_topic_pkg/lib/python3.8/site-packages:/home/ubuntu/gcamp_ros2_ws/build/py_service_pkg:/home/ubuntu/gcamp_ros2_ws/install/py_service_pkg/lib/python3.8/site-packages:/home/ubuntu/gcamp_ros2_ws/build/py_first_pkg:/home/ubuntu/gcamp_ros2_ws/install/py_first_pkg/lib/python3.8/site-packages:/home/ubuntu/gcamp_ros2_ws/build/py_action_pkg:/home/ubuntu/gcamp_ros2_ws/install/py_action_pkg/lib/python3.8/site-packages:/opt/ros/foxy/lib/python3.8/site-packages /usr/bin/python3 setup.py develop --prefix /home/ubuntu/gcamp_ros2_ws/install/py_service_pkg --editable --build-directory /home/ubuntu/gcamp_ros2_ws/build/py_service_pkg/build --no-deps install_data --install-dir /home/ubuntu/gcamp_ros2_ws/install/py_service_pkg
[3.343s] Level 1:colcon.colcon_core.shell:create_environment_hook('py_service_pkg', 'pythonpath_develop')
[3.345s] INFO:colcon.colcon_core.shell:Creating environment hook '/home/ubuntu/gcamp_ros2_ws/build/py_service_pkg/share/py_service_pkg/hook/pythonpath_develop.ps1'
[3.347s] DEBUG:colcon.colcon_core.event_handler.log_command:Invoked command in '/home/ubuntu/gcamp_ros2_ws/build/py_service_pkg' returned '0': CMAKE_PREFIX_PATH=/home/ubuntu/gcamp_ros2_ws/install/custom_interfaces:/home/ubuntu/gcamp_ros2_ws/install/gcamp_gazebo:/home/ubuntu/gcamp_ros2_ws/install/cpp_service_pkg:/home/ubuntu/gcamp_ros2_ws/install/cpp_action_pkg:/home/ubuntu/gcamp_ros2_ws/install/cpp_topic_pkg:/home/ubuntu/gcamp_ros2_ws/install/cpp_service_tutorial:/home/ubuntu/gcamp_ros2_ws/install/cpp_param_pkg:/home/ubuntu/gcamp_ros2_ws/install/cpp_first_pkg PYTHONPATH=/home/ubuntu/gcamp_ros2_ws/install/py_service_pkg/lib/python3.8/site-packages:/home/ubuntu/gcamp_ros2_ws/install/custom_interfaces/lib/python3.8/site-packages:/home/ubuntu/gcamp_ros2_ws/build/py_topic_pkg:/home/ubuntu/gcamp_ros2_ws/install/py_topic_pkg/lib/python3.8/site-packages:/home/ubuntu/gcamp_ros2_ws/build/py_service_pkg:/home/ubuntu/gcamp_ros2_ws/install/py_service_pkg/lib/python3.8/site-packages:/home/ubuntu/gcamp_ros2_ws/build/py_first_pkg:/home/ubuntu/gcamp_ros2_ws/install/py_first_pkg/lib/python3.8/site-packages:/home/ubuntu/gcamp_ros2_ws/build/py_action_pkg:/home/ubuntu/gcamp_ros2_ws/install/py_action_pkg/lib/python3.8/site-packages:/opt/ros/foxy/lib/python3.8/site-packages /usr/bin/python3 setup.py develop --prefix /home/ubuntu/gcamp_ros2_ws/install/py_service_pkg --editable --build-directory /home/ubuntu/gcamp_ros2_ws/build/py_service_pkg/build --no-deps install_data --install-dir /home/ubuntu/gcamp_ros2_ws/install/py_service_pkg
[3.348s] INFO:colcon.colcon_core.shell:Creating environment descriptor '/home/ubuntu/gcamp_ros2_ws/build/py_service_pkg/share/py_service_pkg/hook/pythonpath_develop.dsv'
[3.349s] INFO:colcon.colcon_core.shell:Creating environment hook '/home/ubuntu/gcamp_ros2_ws/build/py_service_pkg/share/py_service_pkg/hook/pythonpath_develop.sh'
[3.361s] Level 1:colcon.colcon_core.environment:checking '/home/ubuntu/gcamp_ros2_ws/install/py_service_pkg' for CMake module files
[3.363s] Level 1:colcon.colcon_core.environment:checking '/home/ubuntu/gcamp_ros2_ws/install/py_service_pkg' for CMake config files
[3.365s] Level 1:colcon.colcon_core.environment:checking '/home/ubuntu/gcamp_ros2_ws/install/py_service_pkg/lib'
[3.366s] Level 1:colcon.colcon_core.environment:checking '/home/ubuntu/gcamp_ros2_ws/install/py_service_pkg/bin'
[3.366s] Level 1:colcon.colcon_core.environment:checking '/home/ubuntu/gcamp_ros2_ws/install/py_service_pkg/lib/pkgconfig/py_service_pkg.pc'
[3.367s] Level 1:colcon.colcon_core.environment:checking '/home/ubuntu/gcamp_ros2_ws/install/py_service_pkg/lib/python3.8/site-packages'
[3.367s] Level 1:colcon.colcon_core.shell:create_environment_hook('py_service_pkg', 'pythonpath')
[3.368s] INFO:colcon.colcon_core.shell:Creating environment hook '/home/ubuntu/gcamp_ros2_ws/install/py_service_pkg/share/py_service_pkg/hook/pythonpath.ps1'
[3.369s] INFO:colcon.colcon_core.shell:Creating environment descriptor '/home/ubuntu/gcamp_ros2_ws/install/py_service_pkg/share/py_service_pkg/hook/pythonpath.dsv'
[3.371s] INFO:colcon.colcon_core.shell:Creating environment hook '/home/ubuntu/gcamp_ros2_ws/install/py_service_pkg/share/py_service_pkg/hook/pythonpath.sh'
[3.372s] Level 1:colcon.colcon_core.environment:checking '/home/ubuntu/gcamp_ros2_ws/install/py_service_pkg/bin'
[3.373s] Level 1:colcon.colcon_core.environment:create_environment_scripts_only(py_service_pkg)
[3.375s] INFO:colcon.colcon_core.shell:Creating package script '/home/ubuntu/gcamp_ros2_ws/install/py_service_pkg/share/py_service_pkg/package.ps1'
[3.378s] INFO:colcon.colcon_core.shell:Creating package descriptor '/home/ubuntu/gcamp_ros2_ws/install/py_service_pkg/share/py_service_pkg/package.dsv'
[3.380s] INFO:colcon.colcon_core.shell:Creating package script '/home/ubuntu/gcamp_ros2_ws/install/py_service_pkg/share/py_service_pkg/package.sh'
[3.382s] INFO:colcon.colcon_core.shell:Creating package script '/home/ubuntu/gcamp_ros2_ws/install/py_service_pkg/share/py_service_pkg/package.bash'
[3.384s] INFO:colcon.colcon_core.shell:Creating package script '/home/ubuntu/gcamp_ros2_ws/install/py_service_pkg/share/py_service_pkg/package.zsh'
[3.386s] Level 1:colcon.colcon_core.environment:create_file_with_runtime_dependencies(/home/ubuntu/gcamp_ros2_ws/install/py_service_pkg/share/colcon-core/packages/py_service_pkg)
[3.388s] DEBUG:colcon.colcon_parallel_executor.executor.parallel:closing loop
[3.389s] DEBUG:colcon.colcon_parallel_executor.executor.parallel:loop closed
[3.390s] DEBUG:colcon.colcon_parallel_executor.executor.parallel:run_until_complete finished with '0'
[3.391s] DEBUG:colcon.colcon_core.event_reactor:joining thread
[3.406s] INFO:colcon.colcon_core.plugin_system:Skipping extension 'colcon_notification.desktop_notification.notify_send': Could not find 'notify-send'
[3.407s] INFO:colcon.colcon_core.plugin_system:Skipping extension 'colcon_notification.desktop_notification.terminal_notifier': Not used on non-Darwin systems
[3.408s] INFO:colcon.colcon_core.plugin_system:Skipping extension 'colcon_notification.desktop_notification.win32': Not used on non-Windows systems
[3.408s] INFO:colcon.colcon_notification.desktop_notification:Sending desktop notification using 'notify2'
[3.419s] DEBUG:colcon.colcon_notification.desktop_notification.notify2:Failed to initialize notify2: org.freedesktop.DBus.Error.ServiceUnknown: The name org.freedesktop.Notifications was not provided by any .service files
[3.420s] DEBUG:colcon.colcon_core.event_reactor:joined thread
[3.422s] INFO:colcon.colcon_core.shell:Creating prefix script '/home/ubuntu/gcamp_ros2_ws/install/local_setup.ps1'
[3.425s] INFO:colcon.colcon_core.shell:Creating prefix util module '/home/ubuntu/gcamp_ros2_ws/install/_local_setup_util_ps1.py'
[3.428s] INFO:colcon.colcon_core.shell:Creating prefix chain script '/home/ubuntu/gcamp_ros2_ws/install/setup.ps1'
[3.433s] INFO:colcon.colcon_core.shell:Creating prefix script '/home/ubuntu/gcamp_ros2_ws/install/local_setup.sh'
[3.434s] INFO:colcon.colcon_core.shell:Creating prefix util module '/home/ubuntu/gcamp_ros2_ws/install/_local_setup_util_sh.py'
[3.436s] INFO:colcon.colcon_core.shell:Creating prefix chain script '/home/ubuntu/gcamp_ros2_ws/install/setup.sh'
[3.440s] INFO:colcon.colcon_core.shell:Creating prefix script '/home/ubuntu/gcamp_ros2_ws/install/local_setup.bash'
[3.441s] INFO:colcon.colcon_core.shell:Creating prefix chain script '/home/ubuntu/gcamp_ros2_ws/install/setup.bash'
[3.445s] INFO:colcon.colcon_core.shell:Creating prefix script '/home/ubuntu/gcamp_ros2_ws/install/local_setup.zsh'
[3.446s] INFO:colcon.colcon_core.shell:Creating prefix chain script '/home/ubuntu/gcamp_ros2_ws/install/setup.zsh'
