[1.478s] Invoking command in '/home/ubuntu/gcamp_ros2_ws/build/py_service_pkg': CMAKE_PREFIX_PATH=/home/ubuntu/gcamp_ros2_ws/install/custom_interfaces:/home/ubuntu/gcamp_ros2_ws/install/gcamp_gazebo:/home/ubuntu/gcamp_ros2_ws/install/cpp_service_pkg:/home/ubuntu/gcamp_ros2_ws/install/cpp_action_pkg:/home/ubuntu/gcamp_ros2_ws/install/cpp_topic_pkg:/home/ubuntu/gcamp_ros2_ws/install/cpp_service_tutorial:/home/ubuntu/gcamp_ros2_ws/install/cpp_param_pkg:/home/ubuntu/gcamp_ros2_ws/install/cpp_first_pkg PYTHONPATH=/home/ubuntu/gcamp_ros2_ws/install/py_service_pkg/lib/python3.8/site-packages:/home/ubuntu/gcamp_ros2_ws/install/custom_interfaces/lib/python3.8/site-packages:/home/ubuntu/gcamp_ros2_ws/build/py_topic_pkg:/home/ubuntu/gcamp_ros2_ws/install/py_topic_pkg/lib/python3.8/site-packages:/home/ubuntu/gcamp_ros2_ws/build/py_service_pkg:/home/ubuntu/gcamp_ros2_ws/install/py_service_pkg/lib/python3.8/site-packages:/home/ubuntu/gcamp_ros2_ws/build/py_first_pkg:/home/ubuntu/gcamp_ros2_ws/install/py_first_pkg/lib/python3.8/site-packages:/home/ubuntu/gcamp_ros2_ws/build/py_action_pkg:/home/ubuntu/gcamp_ros2_ws/install/py_action_pkg/lib/python3.8/site-packages:/opt/ros/foxy/lib/python3.8/site-packages /usr/bin/python3 setup.py develop --prefix /home/ubuntu/gcamp_ros2_ws/install/py_service_pkg --editable --build-directory /home/ubuntu/gcamp_ros2_ws/build/py_service_pkg/build --no-deps install_data --install-dir /home/ubuntu/gcamp_ros2_ws/install/py_service_pkg
[2.007s] running develop
[2.305s] running egg_info
[2.306s] writing py_service_pkg.egg-info/PKG-INFO
[2.307s] writing dependency_links to py_service_pkg.egg-info/dependency_links.txt
[2.307s] writing entry points to py_service_pkg.egg-info/entry_points.txt
[2.308s] writing requirements to py_service_pkg.egg-info/requires.txt
[2.308s] writing top-level names to py_service_pkg.egg-info/top_level.txt
[2.379s] reading manifest file 'py_service_pkg.egg-info/SOURCES.txt'
[2.381s] writing manifest file 'py_service_pkg.egg-info/SOURCES.txt'
[2.467s] running build_ext
[2.469s] Creating /home/ubuntu/gcamp_ros2_ws/install/py_service_pkg/lib/python3.8/site-packages/py-service-pkg.egg-link (link to .)
[2.471s] Installing basic_client script to /home/ubuntu/gcamp_ros2_ws/install/py_service_pkg/lib/py_service_pkg
[2.472s] Installing basic_server script to /home/ubuntu/gcamp_ros2_ws/install/py_service_pkg/lib/py_service_pkg
[2.472s] Installing custom_srv_client script to /home/ubuntu/gcamp_ros2_ws/install/py_service_pkg/lib/py_service_pkg
[2.473s] Installing custom_srv_server script to /home/ubuntu/gcamp_ros2_ws/install/py_service_pkg/lib/py_service_pkg
[2.474s] Installing gazebo_model_spawner script to /home/ubuntu/gcamp_ros2_ws/install/py_service_pkg/lib/py_service_pkg
[2.474s] Installing robot_turning_client script to /home/ubuntu/gcamp_ros2_ws/install/py_service_pkg/lib/py_service_pkg
[2.475s] Installing robot_turning_server script to /home/ubuntu/gcamp_ros2_ws/install/py_service_pkg/lib/py_service_pkg
[2.476s] Installing spawn_skidbot script to /home/ubuntu/gcamp_ros2_ws/install/py_service_pkg/lib/py_service_pkg
[2.477s] 
[2.478s] Installed /home/ubuntu/gcamp_ros2_ws/build/py_service_pkg
[2.478s] running install_data
[2.535s] Invoked command in '/home/ubuntu/gcamp_ros2_ws/build/py_service_pkg' returned '0': CMAKE_PREFIX_PATH=/home/ubuntu/gcamp_ros2_ws/install/custom_interfaces:/home/ubuntu/gcamp_ros2_ws/install/gcamp_gazebo:/home/ubuntu/gcamp_ros2_ws/install/cpp_service_pkg:/home/ubuntu/gcamp_ros2_ws/install/cpp_action_pkg:/home/ubuntu/gcamp_ros2_ws/install/cpp_topic_pkg:/home/ubuntu/gcamp_ros2_ws/install/cpp_service_tutorial:/home/ubuntu/gcamp_ros2_ws/install/cpp_param_pkg:/home/ubuntu/gcamp_ros2_ws/install/cpp_first_pkg PYTHONPATH=/home/ubuntu/gcamp_ros2_ws/install/py_service_pkg/lib/python3.8/site-packages:/home/ubuntu/gcamp_ros2_ws/install/custom_interfaces/lib/python3.8/site-packages:/home/ubuntu/gcamp_ros2_ws/build/py_topic_pkg:/home/ubuntu/gcamp_ros2_ws/install/py_topic_pkg/lib/python3.8/site-packages:/home/ubuntu/gcamp_ros2_ws/build/py_service_pkg:/home/ubuntu/gcamp_ros2_ws/install/py_service_pkg/lib/python3.8/site-packages:/home/ubuntu/gcamp_ros2_ws/build/py_first_pkg:/home/ubuntu/gcamp_ros2_ws/install/py_first_pkg/lib/python3.8/site-packages:/home/ubuntu/gcamp_ros2_ws/build/py_action_pkg:/home/ubuntu/gcamp_ros2_ws/install/py_action_pkg/lib/python3.8/site-packages:/opt/ros/foxy/lib/python3.8/site-packages /usr/bin/python3 setup.py develop --prefix /home/ubuntu/gcamp_ros2_ws/install/py_service_pkg --editable --build-directory /home/ubuntu/gcamp_ros2_ws/build/py_service_pkg/build --no-deps install_data --install-dir /home/ubuntu/gcamp_ros2_ws/install/py_service_pkg
