[0.039s] Invoking command in '/home/ubuntu/gcamp_ros2_ws/build/custom_interfaces': CMAKE_PREFIX_PATH=${CMAKE_PREFIX_PATH}:/opt/ros/foxy /usr/bin/cmake --build /home/ubuntu/gcamp_ros2_ws/build/custom_interfaces -- -j12 -l12
[0.129s] [  1%] Built target custom_interfaces__cpp
[0.132s] [ 12%] Built target custom_interfaces__rosidl_generator_c
[0.172s] [ 23%] Built target custom_interfaces__rosidl_typesupport_cpp
[0.176s] [ 50%] Built target custom_interfaces__rosidl_typesupport_c
[0.176s] [ 50%] Built target custom_interfaces__rosidl_typesupport_introspection_c
[0.176s] [ 57%] Built target custom_interfaces__rosidl_typesupport_introspection_cpp
[0.183s] [ 68%] Built target custom_interfaces__rosidl_typesupport_fastrtps_cpp
[0.231s] [ 79%] Built target custom_interfaces__rosidl_typesupport_fastrtps_c
[0.265s] [ 79%] Built target custom_interfaces
[0.308s] [ 80%] Built target custom_interfaces__py
[0.366s] [ 90%] Built target custom_interfaces__python
[0.418s] [ 96%] Built target custom_interfaces__rosidl_typesupport_introspection_c__pyext
[0.419s] [ 96%] Built target custom_interfaces__rosidl_typesupport_c__pyext
[0.423s] [100%] Built target custom_interfaces__rosidl_typesupport_fastrtps_c__pyext
[0.451s] Invoked command in '/home/ubuntu/gcamp_ros2_ws/build/custom_interfaces' returned '0': CMAKE_PREFIX_PATH=${CMAKE_PREFIX_PATH}:/opt/ros/foxy /usr/bin/cmake --build /home/ubuntu/gcamp_ros2_ws/build/custom_interfaces -- -j12 -l12
[0.728s] Invoking command in '/home/ubuntu/gcamp_ros2_ws/build/custom_interfaces': CMAKE_PREFIX_PATH=${CMAKE_PREFIX_PATH}:/opt/ros/foxy /usr/bin/cmake --install /home/ubuntu/gcamp_ros2_ws/build/custom_interfaces
[0.746s] -- Install configuration: ""
[0.747s] -- Execute custom install script
[0.747s] -- Up-to-date symlink: /home/ubuntu/gcamp_ros2_ws/install/custom_interfaces/share/ament_index/resource_index/rosidl_interfaces/custom_interfaces
[0.749s] -- Up-to-date symlink: /home/ubuntu/gcamp_ros2_ws/install/custom_interfaces/include/custom_interfaces/action/detail/fibonacci__functions.h
[0.749s] -- Up-to-date symlink: /home/ubuntu/gcamp_ros2_ws/install/custom_interfaces/include/custom_interfaces/action/detail/fibonacci__struct.h
[0.750s] -- Up-to-date symlink: /home/ubuntu/gcamp_ros2_ws/install/custom_interfaces/include/custom_interfaces/action/detail/fibonacci__type_support.h
[0.750s] -- Up-to-date symlink: /home/ubuntu/gcamp_ros2_ws/install/custom_interfaces/include/custom_interfaces/action/detail/maze__functions.h
[0.751s] -- Up-to-date symlink: /home/ubuntu/gcamp_ros2_ws/install/custom_interfaces/include/custom_interfaces/action/detail/maze__struct.h
[0.751s] -- Up-to-date symlink: /home/ubuntu/gcamp_ros2_ws/install/custom_interfaces/include/custom_interfaces/action/detail/maze__type_support.h
[0.752s] -- Up-to-date symlink: /home/ubuntu/gcamp_ros2_ws/install/custom_interfaces/include/custom_interfaces/action/fibonacci.h
[0.752s] -- Up-to-date symlink: /home/ubuntu/gcamp_ros2_ws/install/custom_interfaces/include/custom_interfaces/action/maze.h
[0.752s] -- Up-to-date symlink: /home/ubuntu/gcamp_ros2_ws/install/custom_interfaces/include/custom_interfaces/msg/detail/num__functions.h
[0.753s] -- Up-to-date symlink: /home/ubuntu/gcamp_ros2_ws/install/custom_interfaces/include/custom_interfaces/msg/detail/num__struct.h
[0.753s] -- Up-to-date symlink: /home/ubuntu/gcamp_ros2_ws/install/custom_interfaces/include/custom_interfaces/msg/detail/num__type_support.h
[0.753s] -- Up-to-date symlink: /home/ubuntu/gcamp_ros2_ws/install/custom_interfaces/include/custom_interfaces/msg/num.h
[0.754s] -- Up-to-date symlink: /home/ubuntu/gcamp_ros2_ws/install/custom_interfaces/include/custom_interfaces/msg/rosidl_generator_c__visibility_control.h
[0.754s] -- Up-to-date symlink: /home/ubuntu/gcamp_ros2_ws/install/custom_interfaces/include/custom_interfaces/srv/add_three_ints.h
[0.754s] -- Up-to-date symlink: /home/ubuntu/gcamp_ros2_ws/install/custom_interfaces/include/custom_interfaces/srv/detail/add_three_ints__functions.h
[0.754s] -- Up-to-date symlink: /home/ubuntu/gcamp_ros2_ws/install/custom_interfaces/include/custom_interfaces/srv/detail/add_three_ints__struct.h
[0.755s] -- Up-to-date symlink: /home/ubuntu/gcamp_ros2_ws/install/custom_interfaces/include/custom_interfaces/srv/detail/add_three_ints__type_support.h
[0.755s] -- Up-to-date symlink: /home/ubuntu/gcamp_ros2_ws/install/custom_interfaces/include/custom_interfaces/srv/detail/turning_control__functions.h
[0.755s] -- Up-to-date symlink: /home/ubuntu/gcamp_ros2_ws/install/custom_interfaces/include/custom_interfaces/srv/detail/turning_control__struct.h
[0.756s] -- Up-to-date symlink: /home/ubuntu/gcamp_ros2_ws/install/custom_interfaces/include/custom_interfaces/srv/detail/turning_control__type_support.h
[0.756s] -- Up-to-date symlink: /home/ubuntu/gcamp_ros2_ws/install/custom_interfaces/include/custom_interfaces/srv/turning_control.h
[0.756s] -- Up-to-date symlink: /home/ubuntu/gcamp_ros2_ws/install/custom_interfaces/share/custom_interfaces/environment/library_path.sh
[0.756s] -- Up-to-date symlink: /home/ubuntu/gcamp_ros2_ws/install/custom_interfaces/share/custom_interfaces/environment/library_path.dsv
[0.758s] -- Up-to-date symlink: /home/ubuntu/gcamp_ros2_ws/install/custom_interfaces/include/custom_interfaces/action/detail/fibonacci__rosidl_typesupport_fastrtps_c.h
[0.758s] -- Up-to-date symlink: /home/ubuntu/gcamp_ros2_ws/install/custom_interfaces/include/custom_interfaces/action/detail/maze__rosidl_typesupport_fastrtps_c.h
[0.759s] -- Up-to-date symlink: /home/ubuntu/gcamp_ros2_ws/install/custom_interfaces/include/custom_interfaces/msg/detail/num__rosidl_typesupport_fastrtps_c.h
[0.760s] -- Up-to-date symlink: /home/ubuntu/gcamp_ros2_ws/install/custom_interfaces/include/custom_interfaces/msg/rosidl_typesupport_fastrtps_c__visibility_control.h
[0.760s] -- Up-to-date symlink: /home/ubuntu/gcamp_ros2_ws/install/custom_interfaces/include/custom_interfaces/srv/detail/add_three_ints__rosidl_typesupport_fastrtps_c.h
[0.760s] -- Up-to-date symlink: /home/ubuntu/gcamp_ros2_ws/install/custom_interfaces/include/custom_interfaces/srv/detail/turning_control__rosidl_typesupport_fastrtps_c.h
[0.761s] -- Up-to-date symlink: /home/ubuntu/gcamp_ros2_ws/install/custom_interfaces/lib/libcustom_interfaces__rosidl_typesupport_fastrtps_c.so
[0.763s] -- Up-to-date symlink: /home/ubuntu/gcamp_ros2_ws/install/custom_interfaces/include/custom_interfaces/action/detail/fibonacci__rosidl_typesupport_fastrtps_cpp.hpp
[0.763s] -- Up-to-date symlink: /home/ubuntu/gcamp_ros2_ws/install/custom_interfaces/include/custom_interfaces/action/detail/maze__rosidl_typesupport_fastrtps_cpp.hpp
[0.763s] -- Up-to-date symlink: /home/ubuntu/gcamp_ros2_ws/install/custom_interfaces/include/custom_interfaces/msg/detail/num__rosidl_typesupport_fastrtps_cpp.hpp
[0.764s] -- Up-to-date symlink: /home/ubuntu/gcamp_ros2_ws/install/custom_interfaces/include/custom_interfaces/msg/rosidl_typesupport_fastrtps_cpp__visibility_control.h
[0.764s] -- Up-to-date symlink: /home/ubuntu/gcamp_ros2_ws/install/custom_interfaces/include/custom_interfaces/srv/detail/add_three_ints__rosidl_typesupport_fastrtps_cpp.hpp
[0.764s] -- Up-to-date symlink: /home/ubuntu/gcamp_ros2_ws/install/custom_interfaces/include/custom_interfaces/srv/detail/turning_control__rosidl_typesupport_fastrtps_cpp.hpp
[0.765s] -- Up-to-date symlink: /home/ubuntu/gcamp_ros2_ws/install/custom_interfaces/lib/libcustom_interfaces__rosidl_typesupport_fastrtps_cpp.so
[0.766s] -- Up-to-date symlink: /home/ubuntu/gcamp_ros2_ws/install/custom_interfaces/include/custom_interfaces/action/detail/fibonacci__rosidl_typesupport_introspection_c.h
[0.766s] -- Up-to-date symlink: /home/ubuntu/gcamp_ros2_ws/install/custom_interfaces/include/custom_interfaces/action/detail/maze__rosidl_typesupport_introspection_c.h
[0.767s] -- Up-to-date symlink: /home/ubuntu/gcamp_ros2_ws/install/custom_interfaces/include/custom_interfaces/msg/detail/num__rosidl_typesupport_introspection_c.h
[0.768s] -- Up-to-date symlink: /home/ubuntu/gcamp_ros2_ws/install/custom_interfaces/include/custom_interfaces/msg/rosidl_typesupport_introspection_c__visibility_control.h
[0.768s] -- Up-to-date symlink: /home/ubuntu/gcamp_ros2_ws/install/custom_interfaces/include/custom_interfaces/srv/detail/add_three_ints__rosidl_typesupport_introspection_c.h
[0.768s] -- Up-to-date symlink: /home/ubuntu/gcamp_ros2_ws/install/custom_interfaces/include/custom_interfaces/srv/detail/turning_control__rosidl_typesupport_introspection_c.h
[0.769s] -- Up-to-date symlink: /home/ubuntu/gcamp_ros2_ws/install/custom_interfaces/include/custom_interfaces/action/detail/fibonacci__builder.hpp
[0.770s] -- Up-to-date symlink: /home/ubuntu/gcamp_ros2_ws/install/custom_interfaces/include/custom_interfaces/action/detail/fibonacci__struct.hpp
[0.770s] -- Up-to-date symlink: /home/ubuntu/gcamp_ros2_ws/install/custom_interfaces/include/custom_interfaces/action/detail/fibonacci__traits.hpp
[0.771s] -- Up-to-date symlink: /home/ubuntu/gcamp_ros2_ws/install/custom_interfaces/include/custom_interfaces/action/detail/maze__builder.hpp
[0.771s] -- Up-to-date symlink: /home/ubuntu/gcamp_ros2_ws/install/custom_interfaces/include/custom_interfaces/action/detail/maze__struct.hpp
[0.771s] -- Up-to-date symlink: /home/ubuntu/gcamp_ros2_ws/install/custom_interfaces/include/custom_interfaces/action/detail/maze__traits.hpp
[0.771s] -- Up-to-date symlink: /home/ubuntu/gcamp_ros2_ws/install/custom_interfaces/include/custom_interfaces/action/fibonacci.hpp
[0.772s] -- Up-to-date symlink: /home/ubuntu/gcamp_ros2_ws/install/custom_interfaces/include/custom_interfaces/action/maze.hpp
[0.772s] -- Up-to-date symlink: /home/ubuntu/gcamp_ros2_ws/install/custom_interfaces/include/custom_interfaces/msg/detail/num__builder.hpp
[0.773s] -- Up-to-date symlink: /home/ubuntu/gcamp_ros2_ws/install/custom_interfaces/include/custom_interfaces/msg/detail/num__struct.hpp
[0.773s] -- Up-to-date symlink: /home/ubuntu/gcamp_ros2_ws/install/custom_interfaces/include/custom_interfaces/msg/detail/num__traits.hpp
[0.773s] -- Up-to-date symlink: /home/ubuntu/gcamp_ros2_ws/install/custom_interfaces/include/custom_interfaces/msg/num.hpp
[0.774s] -- Up-to-date symlink: /home/ubuntu/gcamp_ros2_ws/install/custom_interfaces/include/custom_interfaces/srv/add_three_ints.hpp
[0.774s] -- Up-to-date symlink: /home/ubuntu/gcamp_ros2_ws/install/custom_interfaces/include/custom_interfaces/srv/detail/add_three_ints__builder.hpp
[0.774s] -- Up-to-date symlink: /home/ubuntu/gcamp_ros2_ws/install/custom_interfaces/include/custom_interfaces/srv/detail/add_three_ints__struct.hpp
[0.775s] -- Up-to-date symlink: /home/ubuntu/gcamp_ros2_ws/install/custom_interfaces/include/custom_interfaces/srv/detail/add_three_ints__traits.hpp
[0.775s] -- Up-to-date symlink: /home/ubuntu/gcamp_ros2_ws/install/custom_interfaces/include/custom_interfaces/srv/detail/turning_control__builder.hpp
[0.776s] -- Up-to-date symlink: /home/ubuntu/gcamp_ros2_ws/install/custom_interfaces/include/custom_interfaces/srv/detail/turning_control__struct.hpp
[0.776s] -- Up-to-date symlink: /home/ubuntu/gcamp_ros2_ws/install/custom_interfaces/include/custom_interfaces/srv/detail/turning_control__traits.hpp
[0.776s] -- Up-to-date symlink: /home/ubuntu/gcamp_ros2_ws/install/custom_interfaces/include/custom_interfaces/srv/turning_control.hpp
[0.778s] -- Up-to-date symlink: /home/ubuntu/gcamp_ros2_ws/install/custom_interfaces/include/custom_interfaces/action/detail/fibonacci__rosidl_typesupport_introspection_cpp.hpp
[0.778s] -- Up-to-date symlink: /home/ubuntu/gcamp_ros2_ws/install/custom_interfaces/include/custom_interfaces/action/detail/maze__rosidl_typesupport_introspection_cpp.hpp
[0.779s] -- Up-to-date symlink: /home/ubuntu/gcamp_ros2_ws/install/custom_interfaces/include/custom_interfaces/msg/detail/num__rosidl_typesupport_introspection_cpp.hpp
[0.779s] -- Up-to-date symlink: /home/ubuntu/gcamp_ros2_ws/install/custom_interfaces/include/custom_interfaces/srv/detail/add_three_ints__rosidl_typesupport_introspection_cpp.hpp
[0.780s] -- Up-to-date symlink: /home/ubuntu/gcamp_ros2_ws/install/custom_interfaces/include/custom_interfaces/srv/detail/turning_control__rosidl_typesupport_introspection_cpp.hpp
[0.780s] -- Up-to-date symlink: /home/ubuntu/gcamp_ros2_ws/install/custom_interfaces/share/custom_interfaces/environment/pythonpath.sh
[0.781s] -- Up-to-date symlink: /home/ubuntu/gcamp_ros2_ws/install/custom_interfaces/share/custom_interfaces/environment/pythonpath.dsv
[0.781s] -- Up-to-date symlink: /home/ubuntu/gcamp_ros2_ws/install/custom_interfaces/lib/python3.8/site-packages/custom_interfaces/__init__.py
[0.782s] -- Up-to-date symlink: /home/ubuntu/gcamp_ros2_ws/install/custom_interfaces/lib/python3.8/site-packages/custom_interfaces/msg/__init__.py
[0.782s] -- Up-to-date symlink: /home/ubuntu/gcamp_ros2_ws/install/custom_interfaces/lib/python3.8/site-packages/custom_interfaces/msg/_num.py
[0.783s] -- Up-to-date symlink: /home/ubuntu/gcamp_ros2_ws/install/custom_interfaces/lib/python3.8/site-packages/custom_interfaces/srv/__init__.py
[0.784s] -- Up-to-date symlink: /home/ubuntu/gcamp_ros2_ws/install/custom_interfaces/lib/python3.8/site-packages/custom_interfaces/srv/_add_three_ints.py
[0.784s] -- Up-to-date symlink: /home/ubuntu/gcamp_ros2_ws/install/custom_interfaces/lib/python3.8/site-packages/custom_interfaces/srv/_turning_control.py
[0.785s] -- Up-to-date symlink: /home/ubuntu/gcamp_ros2_ws/install/custom_interfaces/lib/python3.8/site-packages/custom_interfaces/action/__init__.py
[0.785s] -- Up-to-date symlink: /home/ubuntu/gcamp_ros2_ws/install/custom_interfaces/lib/python3.8/site-packages/custom_interfaces/action/_fibonacci.py
[0.786s] -- Up-to-date symlink: /home/ubuntu/gcamp_ros2_ws/install/custom_interfaces/lib/python3.8/site-packages/custom_interfaces/action/_maze.py
[0.787s] -- Up-to-date symlink: /home/ubuntu/gcamp_ros2_ws/install/custom_interfaces/lib/python3.8/site-packages/custom_interfaces/custom_interfaces_s__rosidl_typesupport_fastrtps_c.cpython-38-x86_64-linux-gnu.so
[0.787s] -- Up-to-date symlink: /home/ubuntu/gcamp_ros2_ws/install/custom_interfaces/lib/python3.8/site-packages/custom_interfaces/custom_interfaces_s__rosidl_typesupport_introspection_c.cpython-38-x86_64-linux-gnu.so
[0.788s] -- Up-to-date symlink: /home/ubuntu/gcamp_ros2_ws/install/custom_interfaces/lib/python3.8/site-packages/custom_interfaces/custom_interfaces_s__rosidl_typesupport_c.cpython-38-x86_64-linux-gnu.so
[0.789s] -- Up-to-date symlink: /home/ubuntu/gcamp_ros2_ws/install/custom_interfaces/lib/libcustom_interfaces__python.so
[0.789s] -- Up-to-date symlink: /home/ubuntu/gcamp_ros2_ws/install/custom_interfaces/share/custom_interfaces/msg/Num.idl
[0.789s] -- Up-to-date symlink: /home/ubuntu/gcamp_ros2_ws/install/custom_interfaces/share/custom_interfaces/srv/AddThreeInts.idl
[0.790s] -- Up-to-date symlink: /home/ubuntu/gcamp_ros2_ws/install/custom_interfaces/share/custom_interfaces/srv/TurningControl.idl
[0.790s] -- Up-to-date symlink: /home/ubuntu/gcamp_ros2_ws/install/custom_interfaces/share/custom_interfaces/action/Fibonacci.idl
[0.791s] -- Up-to-date symlink: /home/ubuntu/gcamp_ros2_ws/install/custom_interfaces/share/custom_interfaces/action/Maze.idl
[0.791s] -- Up-to-date symlink: /home/ubuntu/gcamp_ros2_ws/install/custom_interfaces/share/custom_interfaces/msg/Num.msg
[0.792s] -- Up-to-date symlink: /home/ubuntu/gcamp_ros2_ws/install/custom_interfaces/share/custom_interfaces/srv/AddThreeInts.srv
[0.793s] -- Up-to-date symlink: /home/ubuntu/gcamp_ros2_ws/install/custom_interfaces/share/custom_interfaces/srv/AddThreeInts_Request.msg
[0.793s] -- Up-to-date symlink: /home/ubuntu/gcamp_ros2_ws/install/custom_interfaces/share/custom_interfaces/srv/AddThreeInts_Response.msg
[0.794s] -- Up-to-date symlink: /home/ubuntu/gcamp_ros2_ws/install/custom_interfaces/share/custom_interfaces/srv/TurningControl.srv
[0.794s] -- Up-to-date symlink: /home/ubuntu/gcamp_ros2_ws/install/custom_interfaces/share/custom_interfaces/srv/TurningControl_Request.msg
[0.795s] -- Up-to-date symlink: /home/ubuntu/gcamp_ros2_ws/install/custom_interfaces/share/custom_interfaces/srv/TurningControl_Response.msg
[0.796s] -- Up-to-date symlink: /home/ubuntu/gcamp_ros2_ws/install/custom_interfaces/share/custom_interfaces/action/Fibonacci.action
[0.796s] -- Up-to-date symlink: /home/ubuntu/gcamp_ros2_ws/install/custom_interfaces/share/custom_interfaces/action/Maze.action
[0.797s] -- Up-to-date symlink: /home/ubuntu/gcamp_ros2_ws/install/custom_interfaces/share/ament_index/resource_index/package_run_dependencies/custom_interfaces
[0.797s] -- Up-to-date symlink: /home/ubuntu/gcamp_ros2_ws/install/custom_interfaces/share/ament_index/resource_index/parent_prefix_path/custom_interfaces
[0.798s] -- Up-to-date symlink: /home/ubuntu/gcamp_ros2_ws/install/custom_interfaces/share/custom_interfaces/environment/ament_prefix_path.sh
[0.799s] -- Up-to-date symlink: /home/ubuntu/gcamp_ros2_ws/install/custom_interfaces/share/custom_interfaces/environment/ament_prefix_path.dsv
[0.800s] -- Up-to-date symlink: /home/ubuntu/gcamp_ros2_ws/install/custom_interfaces/share/custom_interfaces/environment/path.sh
[0.800s] -- Up-to-date symlink: /home/ubuntu/gcamp_ros2_ws/install/custom_interfaces/share/custom_interfaces/environment/path.dsv
[0.800s] -- Up-to-date symlink: /home/ubuntu/gcamp_ros2_ws/install/custom_interfaces/share/custom_interfaces/local_setup.bash
[0.801s] -- Up-to-date symlink: /home/ubuntu/gcamp_ros2_ws/install/custom_interfaces/share/custom_interfaces/local_setup.sh
[0.802s] -- Up-to-date symlink: /home/ubuntu/gcamp_ros2_ws/install/custom_interfaces/share/custom_interfaces/local_setup.zsh
[0.802s] -- Up-to-date symlink: /home/ubuntu/gcamp_ros2_ws/install/custom_interfaces/share/custom_interfaces/local_setup.dsv
[0.803s] -- Symlinking: /home/ubuntu/gcamp_ros2_ws/install/custom_interfaces/share/custom_interfaces/package.dsv
[0.819s] -- Up-to-date symlink: /home/ubuntu/gcamp_ros2_ws/install/custom_interfaces/share/ament_index/resource_index/packages/custom_interfaces
[0.820s] -- Up-to-date symlink: /home/ubuntu/gcamp_ros2_ws/install/custom_interfaces/share/custom_interfaces/cmake/rosidl_cmake-extras.cmake
[0.820s] -- Up-to-date symlink: /home/ubuntu/gcamp_ros2_ws/install/custom_interfaces/share/custom_interfaces/cmake/ament_cmake_export_dependencies-extras.cmake
[0.820s] -- Up-to-date symlink: /home/ubuntu/gcamp_ros2_ws/install/custom_interfaces/share/custom_interfaces/cmake/ament_cmake_export_libraries-extras.cmake
[0.821s] -- Up-to-date symlink: /home/ubuntu/gcamp_ros2_ws/install/custom_interfaces/share/custom_interfaces/cmake/ament_cmake_export_targets-extras.cmake
[0.821s] -- Up-to-date symlink: /home/ubuntu/gcamp_ros2_ws/install/custom_interfaces/share/custom_interfaces/cmake/ament_cmake_export_include_directories-extras.cmake
[0.822s] -- Up-to-date symlink: /home/ubuntu/gcamp_ros2_ws/install/custom_interfaces/share/custom_interfaces/cmake/rosidl_cmake_export_typesupport_libraries-extras.cmake
[0.822s] -- Up-to-date symlink: /home/ubuntu/gcamp_ros2_ws/install/custom_interfaces/share/custom_interfaces/cmake/rosidl_cmake_export_typesupport_targets-extras.cmake
[0.823s] -- Up-to-date symlink: /home/ubuntu/gcamp_ros2_ws/install/custom_interfaces/share/custom_interfaces/cmake/custom_interfacesConfig.cmake
[0.824s] -- Up-to-date symlink: /home/ubuntu/gcamp_ros2_ws/install/custom_interfaces/share/custom_interfaces/cmake/custom_interfacesConfig-version.cmake
[0.824s] -- Up-to-date symlink: /home/ubuntu/gcamp_ros2_ws/install/custom_interfaces/share/custom_interfaces/package.xml
[0.825s] -- Up-to-date: /home/ubuntu/gcamp_ros2_ws/install/custom_interfaces/lib/libcustom_interfaces__rosidl_generator_c.so
[0.826s] -- Up-to-date: /home/ubuntu/gcamp_ros2_ws/install/custom_interfaces/lib/libcustom_interfaces__rosidl_typesupport_introspection_c.so
[0.826s] -- Up-to-date: /home/ubuntu/gcamp_ros2_ws/install/custom_interfaces/lib/libcustom_interfaces__rosidl_typesupport_c.so
[0.827s] -- Up-to-date: /home/ubuntu/gcamp_ros2_ws/install/custom_interfaces/lib/libcustom_interfaces__rosidl_typesupport_introspection_cpp.so
[0.828s] -- Up-to-date: /home/ubuntu/gcamp_ros2_ws/install/custom_interfaces/lib/libcustom_interfaces__rosidl_typesupport_cpp.so
[0.882s] -- Up-to-date: /home/ubuntu/gcamp_ros2_ws/install/custom_interfaces/share/custom_interfaces/cmake/custom_interfaces__rosidl_generator_cExport.cmake
[0.882s] -- Up-to-date: /home/ubuntu/gcamp_ros2_ws/install/custom_interfaces/share/custom_interfaces/cmake/custom_interfaces__rosidl_generator_cExport-noconfig.cmake
[0.882s] -- Up-to-date: /home/ubuntu/gcamp_ros2_ws/install/custom_interfaces/share/custom_interfaces/cmake/custom_interfaces__rosidl_typesupport_introspection_cExport.cmake
[0.883s] -- Up-to-date: /home/ubuntu/gcamp_ros2_ws/install/custom_interfaces/share/custom_interfaces/cmake/custom_interfaces__rosidl_typesupport_introspection_cExport-noconfig.cmake
[0.883s] -- Up-to-date: /home/ubuntu/gcamp_ros2_ws/install/custom_interfaces/share/custom_interfaces/cmake/custom_interfaces__rosidl_typesupport_cExport.cmake
[0.883s] -- Up-to-date: /home/ubuntu/gcamp_ros2_ws/install/custom_interfaces/share/custom_interfaces/cmake/custom_interfaces__rosidl_typesupport_cExport-noconfig.cmake
[0.883s] -- Up-to-date: /home/ubuntu/gcamp_ros2_ws/install/custom_interfaces/share/custom_interfaces/cmake/custom_interfaces__rosidl_generator_cppExport.cmake
[0.884s] -- Up-to-date: /home/ubuntu/gcamp_ros2_ws/install/custom_interfaces/share/custom_interfaces/cmake/custom_interfaces__rosidl_typesupport_introspection_cppExport.cmake
[0.884s] -- Up-to-date: /home/ubuntu/gcamp_ros2_ws/install/custom_interfaces/share/custom_interfaces/cmake/custom_interfaces__rosidl_typesupport_introspection_cppExport-noconfig.cmake
[0.884s] -- Up-to-date: /home/ubuntu/gcamp_ros2_ws/install/custom_interfaces/share/custom_interfaces/cmake/custom_interfaces__rosidl_typesupport_cppExport.cmake
[0.884s] -- Up-to-date: /home/ubuntu/gcamp_ros2_ws/install/custom_interfaces/share/custom_interfaces/cmake/custom_interfaces__rosidl_typesupport_cppExport-noconfig.cmake
[0.890s] Invoked command in '/home/ubuntu/gcamp_ros2_ws/build/custom_interfaces' returned '0': CMAKE_PREFIX_PATH=${CMAKE_PREFIX_PATH}:/opt/ros/foxy /usr/bin/cmake --install /home/ubuntu/gcamp_ros2_ws/build/custom_interfaces
