[2.236s] Invoking command in '/home/ubuntu/gcamp_ros2_ws/build/py_service_pkg': PYTHONPATH=/home/ubuntu/gcamp_ros2_ws/install/py_service_pkg/lib/python3.8/site-packages:/home/ubuntu/gcamp_ros2_ws/install/custom_interfaces/lib/python3.8/site-packages:/home/ubuntu/gcamp_ros2_ws/build/py_topic_pkg:/home/ubuntu/gcamp_ros2_ws/install/py_topic_pkg/lib/python3.8/site-packages:/opt/ros/foxy/lib/python3.8/site-packages /usr/bin/python3 setup.py develop --prefix /home/ubuntu/gcamp_ros2_ws/install/py_service_pkg --editable --build-directory /home/ubuntu/gcamp_ros2_ws/build/py_service_pkg/build --no-deps install_data --install-dir /home/ubuntu/gcamp_ros2_ws/install/py_service_pkg
[3.234s] running develop
[3.629s] running egg_info
[3.630s] creating py_service_pkg.egg-info
[3.630s] writing py_service_pkg.egg-info/PKG-INFO
[3.630s] writing dependency_links to py_service_pkg.egg-info/dependency_links.txt
[3.631s] writing entry points to py_service_pkg.egg-info/entry_points.txt
[3.631s] writing requirements to py_service_pkg.egg-info/requires.txt
[3.632s] writing top-level names to py_service_pkg.egg-info/top_level.txt
[3.634s] writing manifest file 'py_service_pkg.egg-info/SOURCES.txt'
[3.721s] reading manifest file 'py_service_pkg.egg-info/SOURCES.txt'
[3.723s] writing manifest file 'py_service_pkg.egg-info/SOURCES.txt'
[3.845s] running build_ext
[3.846s] Creating /home/ubuntu/gcamp_ros2_ws/install/py_service_pkg/lib/python3.8/site-packages/site.py
[3.851s] Creating /home/ubuntu/gcamp_ros2_ws/install/py_service_pkg/lib/python3.8/site-packages/py-service-pkg.egg-link (link to .)
[3.853s] Installing basic_client script to /home/ubuntu/gcamp_ros2_ws/install/py_service_pkg/lib/py_service_pkg
[3.854s] Installing basic_server script to /home/ubuntu/gcamp_ros2_ws/install/py_service_pkg/lib/py_service_pkg
[3.854s] Installing custom_srv_client script to /home/ubuntu/gcamp_ros2_ws/install/py_service_pkg/lib/py_service_pkg
[3.855s] Installing custom_srv_server script to /home/ubuntu/gcamp_ros2_ws/install/py_service_pkg/lib/py_service_pkg
[3.856s] Installing gazebo_model_spawner script to /home/ubuntu/gcamp_ros2_ws/install/py_service_pkg/lib/py_service_pkg
[3.856s] Installing robot_turning_client script to /home/ubuntu/gcamp_ros2_ws/install/py_service_pkg/lib/py_service_pkg
[3.857s] Installing robot_turning_server script to /home/ubuntu/gcamp_ros2_ws/install/py_service_pkg/lib/py_service_pkg
[3.857s] Installing spawn_skidbot script to /home/ubuntu/gcamp_ros2_ws/install/py_service_pkg/lib/py_service_pkg
[3.858s] 
[3.858s] Installed /home/ubuntu/gcamp_ros2_ws/build/py_service_pkg
[3.861s] running install_data
[3.862s] creating /home/ubuntu/gcamp_ros2_ws/install/py_service_pkg/share/ament_index
[3.862s] creating /home/ubuntu/gcamp_ros2_ws/install/py_service_pkg/share/ament_index/resource_index
[3.862s] creating /home/ubuntu/gcamp_ros2_ws/install/py_service_pkg/share/ament_index/resource_index/packages
[3.863s] copying resource/py_service_pkg -> /home/ubuntu/gcamp_ros2_ws/install/py_service_pkg/share/ament_index/resource_index/packages
[3.864s] copying package.xml -> /home/ubuntu/gcamp_ros2_ws/install/py_service_pkg/share/py_service_pkg
[3.951s] Invoked command in '/home/ubuntu/gcamp_ros2_ws/build/py_service_pkg' returned '0': PYTHONPATH=/home/ubuntu/gcamp_ros2_ws/install/py_service_pkg/lib/python3.8/site-packages:/home/ubuntu/gcamp_ros2_ws/install/custom_interfaces/lib/python3.8/site-packages:/home/ubuntu/gcamp_ros2_ws/build/py_topic_pkg:/home/ubuntu/gcamp_ros2_ws/install/py_topic_pkg/lib/python3.8/site-packages:/opt/ros/foxy/lib/python3.8/site-packages /usr/bin/python3 setup.py develop --prefix /home/ubuntu/gcamp_ros2_ws/install/py_service_pkg --editable --build-directory /home/ubuntu/gcamp_ros2_ws/build/py_service_pkg/build --no-deps install_data --install-dir /home/ubuntu/gcamp_ros2_ws/install/py_service_pkg
