[0.081s] Invoking command in '/home/ubuntu/gcamp_ros2_ws/build/cpp_param_pkg': CMAKE_PREFIX_PATH=${CMAKE_PREFIX_PATH}:/home/ubuntu/gcamp_ros2_ws/install/py_topic_pkg:/opt/ros/foxy /usr/bin/cmake /home/ubuntu/gcamp_ros2_ws/src/gcamp_ros2_basic/cpp_param_pkg -DAMENT_CMAKE_SYMLINK_INSTALL=1 -DCMAKE_INSTALL_PREFIX=/home/ubuntu/gcamp_ros2_ws/install/cpp_param_pkg
[1.326s] -- The C compiler identification is GNU 9.4.0
[1.327s] -- The CXX compiler identification is GNU 9.4.0
[1.335s] -- Check for working C compiler: /usr/bin/cc
[1.335s] -- Check for working C compiler: /usr/bin/cc -- works
[1.336s] -- Detecting C compiler ABI info
[1.336s] -- Detecting C compiler ABI info - done
[1.337s] -- Detecting C compile features
[1.337s] -- Detecting C compile features - done
[1.338s] -- Check for working CXX compiler: /usr/bin/c++
[1.338s] -- Check for working CXX compiler: /usr/bin/c++ -- works
[1.338s] -- Detecting CXX compiler ABI info
[1.339s] -- Detecting CXX compiler ABI info - done
[1.339s] -- Detecting CXX compile features
[1.339s] -- Detecting CXX compile features - done
[1.339s] -- Found ament_cmake: 0.9.9 (/opt/ros/foxy/share/ament_cmake/cmake)
[1.340s] -- Found PythonInterp: /usr/bin/python3 (found suitable version "3.8.10", minimum required is "3") 
[1.340s] -- Using PYTHON_EXECUTABLE: /usr/bin/python3
[1.845s] -- Override CMake install command with custom implementation using symlinks instead of copying resources
[1.919s] -- Found rclcpp: 2.4.1 (/opt/ros/foxy/share/rclcpp/cmake)
[2.035s] -- Using all available rosidl_typesupport_c: rosidl_typesupport_fastrtps_c;rosidl_typesupport_introspection_c
[2.053s] -- Found rosidl_adapter: 1.2.1 (/opt/ros/foxy/share/rosidl_adapter/cmake)
[2.314s] -- Found OpenSSL: /usr/lib/x86_64-linux-gnu/libcrypto.so (found version "1.1.1f")  
[2.429s] -- Found FastRTPS: /opt/ros/foxy/include  
[2.643s] -- Using all available rosidl_typesupport_cpp: rosidl_typesupport_fastrtps_cpp;rosidl_typesupport_introspection_cpp
[2.793s] -- Found rmw_implementation_cmake: 1.0.3 (/opt/ros/foxy/share/rmw_implementation_cmake/cmake)
[2.794s] -- Using RMW implementation 'rmw_fastrtps_cpp' as default
[2.797s] -- Looking for pthread.h
[3.005s] -- Looking for pthread.h - found
[3.005s] -- Performing Test CMAKE_HAVE_LIBC_PTHREAD
[3.197s] -- Performing Test CMAKE_HAVE_LIBC_PTHREAD - Failed
[3.197s] -- Looking for pthread_create in pthreads
[3.370s] -- Looking for pthread_create in pthreads - not found
[3.371s] -- Looking for pthread_create in pthread
[3.583s] -- Looking for pthread_create in pthread - found
[3.585s] -- Found Threads: TRUE  
[3.944s] -- Found ament_lint_auto: 0.9.6 (/opt/ros/foxy/share/ament_lint_auto/cmake)
[4.127s] -- Added test 'copyright' to check source files copyright and LICENSE
[4.130s] -- Added test 'cppcheck' to perform static code analysis on C / C++ code
[4.132s] -- Configured cppcheck include dirs: 
[4.132s] -- Configured cppcheck exclude dirs and/or files: 
[4.133s] -- Added test 'cpplint' to check C / C++ code against the Google style
[4.134s] -- Configured cpplint exclude dirs and/or files: 
[4.136s] -- Added test 'lint_cmake' to check CMake code style
[4.138s] -- Added test 'uncrustify' to check C / C++ code style
[4.138s] -- Configured uncrustify additional arguments: 
[4.139s] -- Added test 'xmllint' to check XML markup files
[4.151s] -- Configuring done
[4.171s] -- Generating done
[4.176s] -- Build files have been written to: /home/ubuntu/gcamp_ros2_ws/build/cpp_param_pkg
[4.199s] Invoked command in '/home/ubuntu/gcamp_ros2_ws/build/cpp_param_pkg' returned '0': CMAKE_PREFIX_PATH=${CMAKE_PREFIX_PATH}:/home/ubuntu/gcamp_ros2_ws/install/py_topic_pkg:/opt/ros/foxy /usr/bin/cmake /home/ubuntu/gcamp_ros2_ws/src/gcamp_ros2_basic/cpp_param_pkg -DAMENT_CMAKE_SYMLINK_INSTALL=1 -DCMAKE_INSTALL_PREFIX=/home/ubuntu/gcamp_ros2_ws/install/cpp_param_pkg
[4.203s] Invoking command in '/home/ubuntu/gcamp_ros2_ws/build/cpp_param_pkg': CMAKE_PREFIX_PATH=${CMAKE_PREFIX_PATH}:/home/ubuntu/gcamp_ros2_ws/install/py_topic_pkg:/opt/ros/foxy /usr/bin/cmake --build /home/ubuntu/gcamp_ros2_ws/build/cpp_param_pkg -- -j12 -l12
[4.311s] [35m[1mScanning dependencies of target param_tutorial[0m
[4.417s] [ 50%] [32mBuilding CXX object CMakeFiles/param_tutorial.dir/src/param_tutorial.cpp.o[0m
[8.579s] [01m[K/home/ubuntu/gcamp_ros2_ws/src/gcamp_ros2_basic/cpp_param_pkg/src/param_tutorial.cpp:[m[K In constructor ‘[01m[KParamNode::ParamNode()[m[K’:
[8.579s] [01m[K/home/ubuntu/gcamp_ros2_ws/src/gcamp_ros2_basic/cpp_param_pkg/src/param_tutorial.cpp:17:13:[m[K [01;35m[Kwarning: [m[Kunused variable ‘[01m[Kmy_int[m[K’ [[01;35m[K-Wunused-variable[m[K]
[8.580s]    17 |         int [01;35m[Kmy_int[m[K = int_param.as_int();
[8.580s]       |             [01;35m[K^~~~~~[m[K
[11.288s] [100%] [32m[1mLinking CXX executable param_tutorial[0m
[11.777s] [100%] Built target param_tutorial
[11.877s] Invoked command in '/home/ubuntu/gcamp_ros2_ws/build/cpp_param_pkg' returned '0': CMAKE_PREFIX_PATH=${CMAKE_PREFIX_PATH}:/home/ubuntu/gcamp_ros2_ws/install/py_topic_pkg:/opt/ros/foxy /usr/bin/cmake --build /home/ubuntu/gcamp_ros2_ws/build/cpp_param_pkg -- -j12 -l12
[12.348s] Invoking command in '/home/ubuntu/gcamp_ros2_ws/build/cpp_param_pkg': CMAKE_PREFIX_PATH=${CMAKE_PREFIX_PATH}:/home/ubuntu/gcamp_ros2_ws/install/py_topic_pkg:/opt/ros/foxy /usr/bin/cmake --install /home/ubuntu/gcamp_ros2_ws/build/cpp_param_pkg
[12.425s] -- Install configuration: ""
[12.427s] -- Execute custom install script
[12.428s] -- Symlinking: /home/ubuntu/gcamp_ros2_ws/install/cpp_param_pkg/lib/cpp_param_pkg/param_tutorial
[12.521s] -- Symlinking: /home/ubuntu/gcamp_ros2_ws/install/cpp_param_pkg/share/ament_index/resource_index/package_run_dependencies/cpp_param_pkg
[12.608s] -- Symlinking: /home/ubuntu/gcamp_ros2_ws/install/cpp_param_pkg/share/ament_index/resource_index/parent_prefix_path/cpp_param_pkg
[12.711s] -- Symlinking: /home/ubuntu/gcamp_ros2_ws/install/cpp_param_pkg/share/cpp_param_pkg/environment/ament_prefix_path.sh
[12.803s] -- Symlinking: /home/ubuntu/gcamp_ros2_ws/install/cpp_param_pkg/share/cpp_param_pkg/environment/ament_prefix_path.dsv
[12.865s] -- Symlinking: /home/ubuntu/gcamp_ros2_ws/install/cpp_param_pkg/share/cpp_param_pkg/environment/path.sh
[12.928s] -- Symlinking: /home/ubuntu/gcamp_ros2_ws/install/cpp_param_pkg/share/cpp_param_pkg/environment/path.dsv
[12.978s] -- Symlinking: /home/ubuntu/gcamp_ros2_ws/install/cpp_param_pkg/share/cpp_param_pkg/local_setup.bash
[13.027s] -- Symlinking: /home/ubuntu/gcamp_ros2_ws/install/cpp_param_pkg/share/cpp_param_pkg/local_setup.sh
[13.091s] -- Symlinking: /home/ubuntu/gcamp_ros2_ws/install/cpp_param_pkg/share/cpp_param_pkg/local_setup.zsh
[13.158s] -- Symlinking: /home/ubuntu/gcamp_ros2_ws/install/cpp_param_pkg/share/cpp_param_pkg/local_setup.dsv
[13.209s] -- Symlinking: /home/ubuntu/gcamp_ros2_ws/install/cpp_param_pkg/share/cpp_param_pkg/package.dsv
[13.282s] -- Symlinking: /home/ubuntu/gcamp_ros2_ws/install/cpp_param_pkg/share/ament_index/resource_index/packages/cpp_param_pkg
[13.342s] -- Symlinking: /home/ubuntu/gcamp_ros2_ws/install/cpp_param_pkg/share/cpp_param_pkg/cmake/cpp_param_pkgConfig.cmake
[13.394s] -- Symlinking: /home/ubuntu/gcamp_ros2_ws/install/cpp_param_pkg/share/cpp_param_pkg/cmake/cpp_param_pkgConfig-version.cmake
[13.441s] -- Symlinking: /home/ubuntu/gcamp_ros2_ws/install/cpp_param_pkg/share/cpp_param_pkg/package.xml
[13.502s] Invoked command in '/home/ubuntu/gcamp_ros2_ws/build/cpp_param_pkg' returned '0': CMAKE_PREFIX_PATH=${CMAKE_PREFIX_PATH}:/home/ubuntu/gcamp_ros2_ws/install/py_topic_pkg:/opt/ros/foxy /usr/bin/cmake --install /home/ubuntu/gcamp_ros2_ws/build/cpp_param_pkg
