[0.073s] Invoking command in '/home/ubuntu/gcamp_ros2_ws/build/gcamp_gazebo': CMAKE_PREFIX_PATH=${CMAKE_PREFIX_PATH}:/home/ubuntu/gcamp_ros2_ws/install/py_topic_pkg:/opt/ros/foxy /usr/bin/cmake /home/ubuntu/gcamp_ros2_ws/src/gcamp_ros2_basic/gcamp_gazebo -DAMENT_CMAKE_SYMLINK_INSTALL=1 -DCMAKE_INSTALL_PREFIX=/home/ubuntu/gcamp_ros2_ws/install/gcamp_gazebo
[1.348s] -- The C compiler identification is GNU 9.4.0
[1.348s] -- The CXX compiler identification is GNU 9.4.0
[1.349s] -- Check for working C compiler: /usr/bin/cc
[1.356s] -- Check for working C compiler: /usr/bin/cc -- works
[1.356s] -- Detecting C compiler ABI info
[1.357s] -- Detecting C compiler ABI info - done
[1.358s] -- Detecting C compile features
[1.358s] -- Detecting C compile features - done
[1.359s] -- Check for working CXX compiler: /usr/bin/c++
[1.362s] -- Check for working CXX compiler: /usr/bin/c++ -- works
[1.364s] -- Detecting CXX compiler ABI info
[1.364s] -- Detecting CXX compiler ABI info - done
[1.365s] -- Detecting CXX compile features
[1.365s] -- Detecting CXX compile features - done
[1.366s] -- Found ament_cmake: 0.9.9 (/opt/ros/foxy/share/ament_cmake/cmake)
[1.367s] -- Found PythonInterp: /usr/bin/python3 (found suitable version "3.8.10", minimum required is "3") 
[1.368s] -- Using PYTHON_EXECUTABLE: /usr/bin/python3
[1.914s] -- Override CMake install command with custom implementation using symlinks instead of copying resources
[1.980s] -- Found rclcpp: 2.4.1 (/opt/ros/foxy/share/rclcpp/cmake)
[2.090s] -- Using all available rosidl_typesupport_c: rosidl_typesupport_fastrtps_c;rosidl_typesupport_introspection_c
[2.112s] -- Found rosidl_adapter: 1.2.1 (/opt/ros/foxy/share/rosidl_adapter/cmake)
[2.405s] -- Found OpenSSL: /usr/lib/x86_64-linux-gnu/libcrypto.so (found version "1.1.1f")  
[2.492s] -- Found FastRTPS: /opt/ros/foxy/include  
[2.705s] -- Using all available rosidl_typesupport_cpp: rosidl_typesupport_fastrtps_cpp;rosidl_typesupport_introspection_cpp
[2.878s] -- Found rmw_implementation_cmake: 1.0.3 (/opt/ros/foxy/share/rmw_implementation_cmake/cmake)
[2.884s] -- Using RMW implementation 'rmw_fastrtps_cpp' as default
[2.887s] -- Looking for pthread.h
[3.096s] -- Looking for pthread.h - found
[3.097s] -- Performing Test CMAKE_HAVE_LIBC_PTHREAD
[3.287s] -- Performing Test CMAKE_HAVE_LIBC_PTHREAD - Failed
[3.288s] -- Looking for pthread_create in pthreads
[3.491s] -- Looking for pthread_create in pthreads - not found
[3.491s] -- Looking for pthread_create in pthread
[3.697s] -- Looking for pthread_create in pthread - found
[3.699s] -- Found Threads: TRUE  
[4.077s] -- Found ament_lint_auto: 0.9.6 (/opt/ros/foxy/share/ament_lint_auto/cmake)
[4.278s] -- Added test 'copyright' to check source files copyright and LICENSE
[4.299s] -- Added test 'flake8' to check Python code syntax and style conventions
[4.304s] -- Added test 'lint_cmake' to check CMake code style
[4.304s] -- Added test 'pep257' to check Python code against some of the style conventions in PEP 257
[4.316s] -- Added test 'xmllint' to check XML markup files
[4.328s] -- Configuring done
[4.333s] -- Generating done
[4.336s] -- Build files have been written to: /home/ubuntu/gcamp_ros2_ws/build/gcamp_gazebo
[4.347s] Invoked command in '/home/ubuntu/gcamp_ros2_ws/build/gcamp_gazebo' returned '0': CMAKE_PREFIX_PATH=${CMAKE_PREFIX_PATH}:/home/ubuntu/gcamp_ros2_ws/install/py_topic_pkg:/opt/ros/foxy /usr/bin/cmake /home/ubuntu/gcamp_ros2_ws/src/gcamp_ros2_basic/gcamp_gazebo -DAMENT_CMAKE_SYMLINK_INSTALL=1 -DCMAKE_INSTALL_PREFIX=/home/ubuntu/gcamp_ros2_ws/install/gcamp_gazebo
[4.354s] Invoking command in '/home/ubuntu/gcamp_ros2_ws/build/gcamp_gazebo': CMAKE_PREFIX_PATH=${CMAKE_PREFIX_PATH}:/home/ubuntu/gcamp_ros2_ws/install/py_topic_pkg:/opt/ros/foxy /usr/bin/cmake --build /home/ubuntu/gcamp_ros2_ws/build/gcamp_gazebo -- -j12 -l12
[4.530s] Invoked command in '/home/ubuntu/gcamp_ros2_ws/build/gcamp_gazebo' returned '0': CMAKE_PREFIX_PATH=${CMAKE_PREFIX_PATH}:/home/ubuntu/gcamp_ros2_ws/install/py_topic_pkg:/opt/ros/foxy /usr/bin/cmake --build /home/ubuntu/gcamp_ros2_ws/build/gcamp_gazebo -- -j12 -l12
[4.615s] Invoking command in '/home/ubuntu/gcamp_ros2_ws/build/gcamp_gazebo': CMAKE_PREFIX_PATH=${CMAKE_PREFIX_PATH}:/home/ubuntu/gcamp_ros2_ws/install/py_topic_pkg:/opt/ros/foxy /usr/bin/cmake --install /home/ubuntu/gcamp_ros2_ws/build/gcamp_gazebo
[4.653s] -- Install configuration: ""
[4.653s] -- Execute custom install script
[4.654s] -- Symlinking: /home/ubuntu/gcamp_ros2_ws/install/gcamp_gazebo/share/gcamp_gazebo/launch/diffbot_description.launch.py
[4.694s] -- Symlinking: /home/ubuntu/gcamp_ros2_ws/install/gcamp_gazebo/share/gcamp_gazebo/launch/empty_world.launch.py
[4.729s] -- Symlinking: /home/ubuntu/gcamp_ros2_ws/install/gcamp_gazebo/share/gcamp_gazebo/launch/first_launch.launch.py
[4.752s] -- Symlinking: /home/ubuntu/gcamp_ros2_ws/install/gcamp_gazebo/share/gcamp_gazebo/launch/gcamp_world.launch.py
[4.787s] -- Symlinking: /home/ubuntu/gcamp_ros2_ws/install/gcamp_gazebo/share/gcamp_gazebo/launch/gcamp_world_windows.launch.py
[4.829s] -- Symlinking: /home/ubuntu/gcamp_ros2_ws/install/gcamp_gazebo/share/gcamp_gazebo/launch/maze_world.launch.py
[4.888s] -- Symlinking: /home/ubuntu/gcamp_ros2_ws/install/gcamp_gazebo/share/gcamp_gazebo/launch/second_launch.launch.py
[4.949s] -- Symlinking: /home/ubuntu/gcamp_ros2_ws/install/gcamp_gazebo/share/gcamp_gazebo/launch/skid_robot_world.launch.py
[5.023s] -- Symlinking: /home/ubuntu/gcamp_ros2_ws/install/gcamp_gazebo/share/gcamp_gazebo/launch/skidbot_description.launch.py
[5.081s] -- Symlinking: /home/ubuntu/gcamp_ros2_ws/install/gcamp_gazebo/share/gcamp_gazebo/launch/spawn_entity.launch.py
[5.130s] -- Symlinking: /home/ubuntu/gcamp_ros2_ws/install/gcamp_gazebo/share/gcamp_gazebo/launch/tinybot_description.launch.py
[5.156s] -- Symlinking: /home/ubuntu/gcamp_ros2_ws/install/gcamp_gazebo/share/gcamp_gazebo/worlds/bocbot_office.world
[5.185s] -- Symlinking: /home/ubuntu/gcamp_ros2_ws/install/gcamp_gazebo/share/gcamp_gazebo/worlds/gcamp_world.world
[5.254s] -- Symlinking: /home/ubuntu/gcamp_ros2_ws/install/gcamp_gazebo/share/gcamp_gazebo/worlds/maze_world.world
[5.306s] -- Symlinking: /home/ubuntu/gcamp_ros2_ws/install/gcamp_gazebo/share/gcamp_gazebo/urdf/diffbot.gazebo
[5.369s] -- Symlinking: /home/ubuntu/gcamp_ros2_ws/install/gcamp_gazebo/share/gcamp_gazebo/urdf/diffbot.urdf
[5.421s] -- Symlinking: /home/ubuntu/gcamp_ros2_ws/install/gcamp_gazebo/share/gcamp_gazebo/urdf/diffbot.urdf.xacro
[5.483s] -- Symlinking: /home/ubuntu/gcamp_ros2_ws/install/gcamp_gazebo/share/gcamp_gazebo/urdf/sambot.urdf
[5.576s] -- Symlinking: /home/ubuntu/gcamp_ros2_ws/install/gcamp_gazebo/share/gcamp_gazebo/urdf/skidbot.gazebo
[5.622s] -- Symlinking: /home/ubuntu/gcamp_ros2_ws/install/gcamp_gazebo/share/gcamp_gazebo/urdf/skidbot.urdf
[5.677s] -- Symlinking: /home/ubuntu/gcamp_ros2_ws/install/gcamp_gazebo/share/gcamp_gazebo/urdf/skidbot.urdf.xacro
[5.727s] -- Symlinking: /home/ubuntu/gcamp_ros2_ws/install/gcamp_gazebo/share/gcamp_gazebo/urdf/skidbot2.gazebo
[5.774s] -- Symlinking: /home/ubuntu/gcamp_ros2_ws/install/gcamp_gazebo/share/gcamp_gazebo/urdf/skidbot2.urdf
[5.825s] -- Symlinking: /home/ubuntu/gcamp_ros2_ws/install/gcamp_gazebo/share/gcamp_gazebo/urdf/skidbot2.urdf.xacro
[5.867s] -- Symlinking: /home/ubuntu/gcamp_ros2_ws/install/gcamp_gazebo/share/gcamp_gazebo/urdf/tinybot_diff.gazebo
[5.936s] -- Symlinking: /home/ubuntu/gcamp_ros2_ws/install/gcamp_gazebo/share/gcamp_gazebo/urdf/tinybot_diff.urdf
[6.004s] -- Symlinking: /home/ubuntu/gcamp_ros2_ws/install/gcamp_gazebo/share/gcamp_gazebo/urdf/tinybot_diff.urdf.xacro
[6.046s] -- Symlinking: /home/ubuntu/gcamp_ros2_ws/install/gcamp_gazebo/share/gcamp_gazebo/urdf/turtlebot.sdf
[6.097s] -- Symlinking: /home/ubuntu/gcamp_ros2_ws/install/gcamp_gazebo/share/gcamp_gazebo/rviz/description.rviz
[6.149s] -- Symlinking: /home/ubuntu/gcamp_ros2_ws/install/gcamp_gazebo/share/gcamp_gazebo/rviz/diffbot.rviz
[6.203s] -- Symlinking: /home/ubuntu/gcamp_ros2_ws/install/gcamp_gazebo/share/gcamp_gazebo/rviz/skidbot.rviz
[6.250s] -- Symlinking: /home/ubuntu/gcamp_ros2_ws/install/gcamp_gazebo/share/gcamp_gazebo/rviz/tinybot.rviz
[6.298s] -- Symlinking: /home/ubuntu/gcamp_ros2_ws/install/gcamp_gazebo/share/ament_index/resource_index/package_run_dependencies/gcamp_gazebo
[6.350s] -- Symlinking: /home/ubuntu/gcamp_ros2_ws/install/gcamp_gazebo/share/ament_index/resource_index/parent_prefix_path/gcamp_gazebo
[6.399s] -- Symlinking: /home/ubuntu/gcamp_ros2_ws/install/gcamp_gazebo/share/gcamp_gazebo/environment/ament_prefix_path.sh
[6.447s] -- Symlinking: /home/ubuntu/gcamp_ros2_ws/install/gcamp_gazebo/share/gcamp_gazebo/environment/ament_prefix_path.dsv
[6.497s] -- Symlinking: /home/ubuntu/gcamp_ros2_ws/install/gcamp_gazebo/share/gcamp_gazebo/environment/path.sh
[6.549s] -- Symlinking: /home/ubuntu/gcamp_ros2_ws/install/gcamp_gazebo/share/gcamp_gazebo/environment/path.dsv
[6.596s] -- Symlinking: /home/ubuntu/gcamp_ros2_ws/install/gcamp_gazebo/share/gcamp_gazebo/local_setup.bash
[6.646s] -- Symlinking: /home/ubuntu/gcamp_ros2_ws/install/gcamp_gazebo/share/gcamp_gazebo/local_setup.sh
[6.708s] -- Symlinking: /home/ubuntu/gcamp_ros2_ws/install/gcamp_gazebo/share/gcamp_gazebo/local_setup.zsh
[6.758s] -- Symlinking: /home/ubuntu/gcamp_ros2_ws/install/gcamp_gazebo/share/gcamp_gazebo/local_setup.dsv
[6.816s] -- Symlinking: /home/ubuntu/gcamp_ros2_ws/install/gcamp_gazebo/share/gcamp_gazebo/package.dsv
[6.909s] -- Symlinking: /home/ubuntu/gcamp_ros2_ws/install/gcamp_gazebo/share/ament_index/resource_index/packages/gcamp_gazebo
[6.969s] -- Symlinking: /home/ubuntu/gcamp_ros2_ws/install/gcamp_gazebo/share/gcamp_gazebo/cmake/gcamp_gazeboConfig.cmake
[7.035s] -- Symlinking: /home/ubuntu/gcamp_ros2_ws/install/gcamp_gazebo/share/gcamp_gazebo/cmake/gcamp_gazeboConfig-version.cmake
[7.097s] -- Symlinking: /home/ubuntu/gcamp_ros2_ws/install/gcamp_gazebo/share/gcamp_gazebo/package.xml
[7.163s] Invoked command in '/home/ubuntu/gcamp_ros2_ws/build/gcamp_gazebo' returned '0': CMAKE_PREFIX_PATH=${CMAKE_PREFIX_PATH}:/home/ubuntu/gcamp_ros2_ws/install/py_topic_pkg:/opt/ros/foxy /usr/bin/cmake --install /home/ubuntu/gcamp_ros2_ws/build/gcamp_gazebo
