[0.098s] Invoking command in '/home/ubuntu/gcamp_ros2_ws/build/cpp_action_pkg': CMAKE_PREFIX_PATH=${CMAKE_PREFIX_PATH}:/home/ubuntu/gcamp_ros2_ws/install/py_topic_pkg:/opt/ros/foxy PYTHONPATH=/home/ubuntu/gcamp_ros2_ws/install/custom_interfaces/lib/python3.8/site-packages:/home/ubuntu/gcamp_ros2_ws/build/py_topic_pkg:/home/ubuntu/gcamp_ros2_ws/install/py_topic_pkg/lib/python3.8/site-packages:/opt/ros/foxy/lib/python3.8/site-packages /usr/bin/cmake /home/ubuntu/gcamp_ros2_ws/src/gcamp_ros2_basic/cpp_action_pkg -DAMENT_CMAKE_SYMLINK_INSTALL=1 -DCMAKE_INSTALL_PREFIX=/home/ubuntu/gcamp_ros2_ws/install/cpp_action_pkg
[0.713s] -- The C compiler identification is GNU 9.4.0
[0.714s] -- The CXX compiler identification is GNU 9.4.0
[0.714s] -- Check for working C compiler: /usr/bin/cc
[0.714s] -- Check for working C compiler: /usr/bin/cc -- works
[0.715s] -- Detecting C compiler ABI info
[0.802s] -- Detecting C compiler ABI info - done
[0.840s] -- Detecting C compile features
[0.841s] -- Detecting C compile features - done
[0.846s] -- Check for working CXX compiler: /usr/bin/c++
[1.035s] -- Check for working CXX compiler: /usr/bin/c++ -- works
[1.038s] -- Detecting CXX compiler ABI info
[1.184s] -- Detecting CXX compiler ABI info - done
[1.215s] -- Detecting CXX compile features
[1.217s] -- Detecting CXX compile features - done
[1.219s] -- Found ament_cmake: 0.9.9 (/opt/ros/foxy/share/ament_cmake/cmake)
[1.286s] -- Found PythonInterp: /usr/bin/python3 (found suitable version "3.8.10", minimum required is "3") 
[1.287s] -- Using PYTHON_EXECUTABLE: /usr/bin/python3
[1.740s] -- Override CMake install command with custom implementation using symlinks instead of copying resources
[1.881s] -- Found rclcpp: 2.4.1 (/opt/ros/foxy/share/rclcpp/cmake)
[2.076s] -- Using all available rosidl_typesupport_c: rosidl_typesupport_fastrtps_c;rosidl_typesupport_introspection_c
[2.105s] -- Found rosidl_adapter: 1.2.1 (/opt/ros/foxy/share/rosidl_adapter/cmake)
[2.680s] -- Found OpenSSL: /usr/lib/x86_64-linux-gnu/libcrypto.so (found version "1.1.1f")  
[2.919s] -- Found FastRTPS: /opt/ros/foxy/include  
[3.432s] -- Using all available rosidl_typesupport_cpp: rosidl_typesupport_fastrtps_cpp;rosidl_typesupport_introspection_cpp
[3.801s] -- Found rmw_implementation_cmake: 1.0.3 (/opt/ros/foxy/share/rmw_implementation_cmake/cmake)
[3.820s] -- Using RMW implementation 'rmw_fastrtps_cpp' as default
[3.823s] -- Looking for pthread.h
[4.367s] -- Looking for pthread.h - found
[4.368s] -- Performing Test CMAKE_HAVE_LIBC_PTHREAD
[4.866s] -- Performing Test CMAKE_HAVE_LIBC_PTHREAD - Failed
[4.866s] -- Looking for pthread_create in pthreads
[5.351s] -- Looking for pthread_create in pthreads - not found
[5.351s] -- Looking for pthread_create in pthread
[5.888s] -- Looking for pthread_create in pthread - found
[5.891s] -- Found Threads: TRUE  
[6.877s] -- Found rclcpp_action: 2.4.1 (/opt/ros/foxy/share/rclcpp_action/cmake)
[7.265s] -- Found rclcpp_components: 2.4.1 (/opt/ros/foxy/share/rclcpp_components/cmake)
[7.553s] -- Found custom_interfaces: 0.0.0 (/home/ubuntu/gcamp_ros2_ws/install/custom_interfaces/share/custom_interfaces/cmake)
[7.770s] -- Found ament_lint_auto: 0.9.6 (/opt/ros/foxy/share/ament_lint_auto/cmake)
[8.059s] -- Added test 'copyright' to check source files copyright and LICENSE
[8.062s] -- Added test 'cppcheck' to perform static code analysis on C / C++ code
[8.063s] -- Configured cppcheck include dirs: 
[8.063s] -- Configured cppcheck exclude dirs and/or files: 
[8.065s] -- Added test 'cpplint' to check C / C++ code against the Google style
[8.065s] -- Configured cpplint exclude dirs and/or files: 
[8.070s] -- Added test 'lint_cmake' to check CMake code style
[8.078s] -- Added test 'uncrustify' to check C / C++ code style
[8.078s] -- Configured uncrustify additional arguments: 
[8.081s] -- Added test 'xmllint' to check XML markup files
[8.093s] -- Configuring done
[8.186s] -- Generating done
[8.193s] -- Build files have been written to: /home/ubuntu/gcamp_ros2_ws/build/cpp_action_pkg
[8.223s] Invoked command in '/home/ubuntu/gcamp_ros2_ws/build/cpp_action_pkg' returned '0': CMAKE_PREFIX_PATH=${CMAKE_PREFIX_PATH}:/home/ubuntu/gcamp_ros2_ws/install/py_topic_pkg:/opt/ros/foxy PYTHONPATH=/home/ubuntu/gcamp_ros2_ws/install/custom_interfaces/lib/python3.8/site-packages:/home/ubuntu/gcamp_ros2_ws/build/py_topic_pkg:/home/ubuntu/gcamp_ros2_ws/install/py_topic_pkg/lib/python3.8/site-packages:/opt/ros/foxy/lib/python3.8/site-packages /usr/bin/cmake /home/ubuntu/gcamp_ros2_ws/src/gcamp_ros2_basic/cpp_action_pkg -DAMENT_CMAKE_SYMLINK_INSTALL=1 -DCMAKE_INSTALL_PREFIX=/home/ubuntu/gcamp_ros2_ws/install/cpp_action_pkg
[8.226s] Invoking command in '/home/ubuntu/gcamp_ros2_ws/build/cpp_action_pkg': CMAKE_PREFIX_PATH=${CMAKE_PREFIX_PATH}:/home/ubuntu/gcamp_ros2_ws/install/py_topic_pkg:/opt/ros/foxy PYTHONPATH=/home/ubuntu/gcamp_ros2_ws/install/custom_interfaces/lib/python3.8/site-packages:/home/ubuntu/gcamp_ros2_ws/build/py_topic_pkg:/home/ubuntu/gcamp_ros2_ws/install/py_topic_pkg/lib/python3.8/site-packages:/opt/ros/foxy/lib/python3.8/site-packages /usr/bin/cmake --build /home/ubuntu/gcamp_ros2_ws/build/cpp_action_pkg -- -j12 -l12
[8.540s] [35m[1mScanning dependencies of target fibonacci_action_server_oop_node[0m
[8.558s] [35m[1mScanning dependencies of target fibonacci_action_client_oop_node[0m
[8.584s] [35m[1mScanning dependencies of target fibonacci_action_client_node[0m
[8.589s] [35m[1mScanning dependencies of target fibonacci_action_server_node[0m
[8.747s] [ 12%] [32mBuilding CXX object CMakeFiles/fibonacci_action_server_oop_node.dir/src/fibonacci_action_server_oop.cpp.o[0m
[8.861s] [ 25%] [32mBuilding CXX object CMakeFiles/fibonacci_action_client_node.dir/src/fibonacci_action_client.cpp.o[0m
[8.862s] [ 37%] [32mBuilding CXX object CMakeFiles/fibonacci_action_client_oop_node.dir/src/fibonacci_action_client_oop.cpp.o[0m
[8.907s] [ 50%] [32mBuilding CXX object CMakeFiles/fibonacci_action_server_node.dir/src/fibonacci_action_server.cpp.o[0m
[19.334s] [ 62%] [32m[1mLinking CXX executable fibonacci_action_server_node[0m
[19.767s] [ 75%] [32m[1mLinking CXX executable fibonacci_action_server_oop_node[0m
[19.812s] [ 75%] Built target fibonacci_action_server_node
[20.133s] [ 75%] Built target fibonacci_action_server_oop_node
[20.659s] [ 87%] [32m[1mLinking CXX executable fibonacci_action_client_node[0m
[20.963s] [ 87%] Built target fibonacci_action_client_node
[21.174s] [100%] [32m[1mLinking CXX executable fibonacci_action_client_oop_node[0m
[21.458s] [100%] Built target fibonacci_action_client_oop_node
[21.483s] Invoked command in '/home/ubuntu/gcamp_ros2_ws/build/cpp_action_pkg' returned '0': CMAKE_PREFIX_PATH=${CMAKE_PREFIX_PATH}:/home/ubuntu/gcamp_ros2_ws/install/py_topic_pkg:/opt/ros/foxy PYTHONPATH=/home/ubuntu/gcamp_ros2_ws/install/custom_interfaces/lib/python3.8/site-packages:/home/ubuntu/gcamp_ros2_ws/build/py_topic_pkg:/home/ubuntu/gcamp_ros2_ws/install/py_topic_pkg/lib/python3.8/site-packages:/opt/ros/foxy/lib/python3.8/site-packages /usr/bin/cmake --build /home/ubuntu/gcamp_ros2_ws/build/cpp_action_pkg -- -j12 -l12
[21.558s] Invoking command in '/home/ubuntu/gcamp_ros2_ws/build/cpp_action_pkg': CMAKE_PREFIX_PATH=${CMAKE_PREFIX_PATH}:/home/ubuntu/gcamp_ros2_ws/install/py_topic_pkg:/opt/ros/foxy PYTHONPATH=/home/ubuntu/gcamp_ros2_ws/install/custom_interfaces/lib/python3.8/site-packages:/home/ubuntu/gcamp_ros2_ws/build/py_topic_pkg:/home/ubuntu/gcamp_ros2_ws/install/py_topic_pkg/lib/python3.8/site-packages:/opt/ros/foxy/lib/python3.8/site-packages /usr/bin/cmake --install /home/ubuntu/gcamp_ros2_ws/build/cpp_action_pkg
[21.571s] -- Install configuration: ""
[21.572s] -- Execute custom install script
[21.572s] -- Symlinking: /home/ubuntu/gcamp_ros2_ws/install/cpp_action_pkg/lib/cpp_action_pkg/fibonacci_action_client_node
[21.592s] -- Symlinking: /home/ubuntu/gcamp_ros2_ws/install/cpp_action_pkg/lib/cpp_action_pkg/fibonacci_action_client_oop_node
[21.610s] -- Symlinking: /home/ubuntu/gcamp_ros2_ws/install/cpp_action_pkg/lib/cpp_action_pkg/fibonacci_action_server_node
[21.626s] -- Symlinking: /home/ubuntu/gcamp_ros2_ws/install/cpp_action_pkg/lib/cpp_action_pkg/fibonacci_action_server_oop_node
[21.642s] -- Symlinking: /home/ubuntu/gcamp_ros2_ws/install/cpp_action_pkg/share/ament_index/resource_index/package_run_dependencies/cpp_action_pkg
[21.657s] -- Symlinking: /home/ubuntu/gcamp_ros2_ws/install/cpp_action_pkg/share/ament_index/resource_index/parent_prefix_path/cpp_action_pkg
[21.672s] -- Symlinking: /home/ubuntu/gcamp_ros2_ws/install/cpp_action_pkg/share/cpp_action_pkg/environment/ament_prefix_path.sh
[21.693s] -- Symlinking: /home/ubuntu/gcamp_ros2_ws/install/cpp_action_pkg/share/cpp_action_pkg/environment/ament_prefix_path.dsv
[21.707s] -- Symlinking: /home/ubuntu/gcamp_ros2_ws/install/cpp_action_pkg/share/cpp_action_pkg/environment/path.sh
[21.722s] -- Symlinking: /home/ubuntu/gcamp_ros2_ws/install/cpp_action_pkg/share/cpp_action_pkg/environment/path.dsv
[21.739s] -- Symlinking: /home/ubuntu/gcamp_ros2_ws/install/cpp_action_pkg/share/cpp_action_pkg/local_setup.bash
[21.753s] -- Symlinking: /home/ubuntu/gcamp_ros2_ws/install/cpp_action_pkg/share/cpp_action_pkg/local_setup.sh
[21.767s] -- Symlinking: /home/ubuntu/gcamp_ros2_ws/install/cpp_action_pkg/share/cpp_action_pkg/local_setup.zsh
[21.783s] -- Symlinking: /home/ubuntu/gcamp_ros2_ws/install/cpp_action_pkg/share/cpp_action_pkg/local_setup.dsv
[21.797s] -- Symlinking: /home/ubuntu/gcamp_ros2_ws/install/cpp_action_pkg/share/cpp_action_pkg/package.dsv
[21.814s] -- Symlinking: /home/ubuntu/gcamp_ros2_ws/install/cpp_action_pkg/share/ament_index/resource_index/packages/cpp_action_pkg
[21.828s] -- Symlinking: /home/ubuntu/gcamp_ros2_ws/install/cpp_action_pkg/share/cpp_action_pkg/cmake/cpp_action_pkgConfig.cmake
[21.844s] -- Symlinking: /home/ubuntu/gcamp_ros2_ws/install/cpp_action_pkg/share/cpp_action_pkg/cmake/cpp_action_pkgConfig-version.cmake
[21.858s] -- Symlinking: /home/ubuntu/gcamp_ros2_ws/install/cpp_action_pkg/share/cpp_action_pkg/package.xml
[21.878s] Invoked command in '/home/ubuntu/gcamp_ros2_ws/build/cpp_action_pkg' returned '0': CMAKE_PREFIX_PATH=${CMAKE_PREFIX_PATH}:/home/ubuntu/gcamp_ros2_ws/install/py_topic_pkg:/opt/ros/foxy PYTHONPATH=/home/ubuntu/gcamp_ros2_ws/install/custom_interfaces/lib/python3.8/site-packages:/home/ubuntu/gcamp_ros2_ws/build/py_topic_pkg:/home/ubuntu/gcamp_ros2_ws/install/py_topic_pkg/lib/python3.8/site-packages:/opt/ros/foxy/lib/python3.8/site-packages /usr/bin/cmake --install /home/ubuntu/gcamp_ros2_ws/build/cpp_action_pkg
