[0.035s] Invoking command in '/home/ubuntu/gcamp_ros2_ws/build/cpp_service_pkg': CMAKE_PREFIX_PATH=/home/ubuntu/gcamp_ros2_ws/install/custom_interfaces:/home/ubuntu/gcamp_ros2_ws/install/gcamp_gazebo:/home/ubuntu/gcamp_ros2_ws/install/cpp_service_pkg:/home/ubuntu/gcamp_ros2_ws/install/cpp_action_pkg:/home/ubuntu/gcamp_ros2_ws/install/cpp_topic_pkg:/home/ubuntu/gcamp_ros2_ws/install/cpp_service_tutorial:/home/ubuntu/gcamp_ros2_ws/install/cpp_param_pkg:/home/ubuntu/gcamp_ros2_ws/install/cpp_first_pkg:/home/ubuntu/gcamp_ros2_ws/install/py_topic_pkg:/home/ubuntu/gcamp_ros2_ws/install/py_service_pkg:/home/ubuntu/gcamp_ros2_ws/install/py_first_pkg:/home/ubuntu/gcamp_ros2_ws/install/py_action_pkg:/opt/ros/foxy PYTHONPATH=/home/ubuntu/gcamp_ros2_ws/install/custom_interfaces/lib/python3.8/site-packages:/home/ubuntu/gcamp_ros2_ws/build/py_topic_pkg:/home/ubuntu/gcamp_ros2_ws/install/py_topic_pkg/lib/python3.8/site-packages:/home/ubuntu/gcamp_ros2_ws/build/py_service_pkg:/home/ubuntu/gcamp_ros2_ws/install/py_service_pkg/lib/python3.8/site-packages:/home/ubuntu/gcamp_ros2_ws/build/py_first_pkg:/home/ubuntu/gcamp_ros2_ws/install/py_first_pkg/lib/python3.8/site-packages:/home/ubuntu/gcamp_ros2_ws/build/py_action_pkg:/home/ubuntu/gcamp_ros2_ws/install/py_action_pkg/lib/python3.8/site-packages:/opt/ros/foxy/lib/python3.8/site-packages /usr/bin/cmake --build /home/ubuntu/gcamp_ros2_ws/build/cpp_service_pkg -- -j6 -l6
[0.191s] [ 25%] Built target basic_client_node
[0.192s] [ 75%] Built target robot_turning_client_node
[0.192s] [ 75%] Built target basic_server_node
[0.193s] [100%] Built target robot_turning_server_node
[0.219s] Invoked command in '/home/ubuntu/gcamp_ros2_ws/build/cpp_service_pkg' returned '0': CMAKE_PREFIX_PATH=/home/ubuntu/gcamp_ros2_ws/install/custom_interfaces:/home/ubuntu/gcamp_ros2_ws/install/gcamp_gazebo:/home/ubuntu/gcamp_ros2_ws/install/cpp_service_pkg:/home/ubuntu/gcamp_ros2_ws/install/cpp_action_pkg:/home/ubuntu/gcamp_ros2_ws/install/cpp_topic_pkg:/home/ubuntu/gcamp_ros2_ws/install/cpp_service_tutorial:/home/ubuntu/gcamp_ros2_ws/install/cpp_param_pkg:/home/ubuntu/gcamp_ros2_ws/install/cpp_first_pkg:/home/ubuntu/gcamp_ros2_ws/install/py_topic_pkg:/home/ubuntu/gcamp_ros2_ws/install/py_service_pkg:/home/ubuntu/gcamp_ros2_ws/install/py_first_pkg:/home/ubuntu/gcamp_ros2_ws/install/py_action_pkg:/opt/ros/foxy PYTHONPATH=/home/ubuntu/gcamp_ros2_ws/install/custom_interfaces/lib/python3.8/site-packages:/home/ubuntu/gcamp_ros2_ws/build/py_topic_pkg:/home/ubuntu/gcamp_ros2_ws/install/py_topic_pkg/lib/python3.8/site-packages:/home/ubuntu/gcamp_ros2_ws/build/py_service_pkg:/home/ubuntu/gcamp_ros2_ws/install/py_service_pkg/lib/python3.8/site-packages:/home/ubuntu/gcamp_ros2_ws/build/py_first_pkg:/home/ubuntu/gcamp_ros2_ws/install/py_first_pkg/lib/python3.8/site-packages:/home/ubuntu/gcamp_ros2_ws/build/py_action_pkg:/home/ubuntu/gcamp_ros2_ws/install/py_action_pkg/lib/python3.8/site-packages:/opt/ros/foxy/lib/python3.8/site-packages /usr/bin/cmake --build /home/ubuntu/gcamp_ros2_ws/build/cpp_service_pkg -- -j6 -l6
[0.301s] Invoking command in '/home/ubuntu/gcamp_ros2_ws/build/cpp_service_pkg': CMAKE_PREFIX_PATH=/home/ubuntu/gcamp_ros2_ws/install/custom_interfaces:/home/ubuntu/gcamp_ros2_ws/install/gcamp_gazebo:/home/ubuntu/gcamp_ros2_ws/install/cpp_service_pkg:/home/ubuntu/gcamp_ros2_ws/install/cpp_action_pkg:/home/ubuntu/gcamp_ros2_ws/install/cpp_topic_pkg:/home/ubuntu/gcamp_ros2_ws/install/cpp_service_tutorial:/home/ubuntu/gcamp_ros2_ws/install/cpp_param_pkg:/home/ubuntu/gcamp_ros2_ws/install/cpp_first_pkg:/home/ubuntu/gcamp_ros2_ws/install/py_topic_pkg:/home/ubuntu/gcamp_ros2_ws/install/py_service_pkg:/home/ubuntu/gcamp_ros2_ws/install/py_first_pkg:/home/ubuntu/gcamp_ros2_ws/install/py_action_pkg:/opt/ros/foxy PYTHONPATH=/home/ubuntu/gcamp_ros2_ws/install/custom_interfaces/lib/python3.8/site-packages:/home/ubuntu/gcamp_ros2_ws/build/py_topic_pkg:/home/ubuntu/gcamp_ros2_ws/install/py_topic_pkg/lib/python3.8/site-packages:/home/ubuntu/gcamp_ros2_ws/build/py_service_pkg:/home/ubuntu/gcamp_ros2_ws/install/py_service_pkg/lib/python3.8/site-packages:/home/ubuntu/gcamp_ros2_ws/build/py_first_pkg:/home/ubuntu/gcamp_ros2_ws/install/py_first_pkg/lib/python3.8/site-packages:/home/ubuntu/gcamp_ros2_ws/build/py_action_pkg:/home/ubuntu/gcamp_ros2_ws/install/py_action_pkg/lib/python3.8/site-packages:/opt/ros/foxy/lib/python3.8/site-packages /usr/bin/cmake --install /home/ubuntu/gcamp_ros2_ws/build/cpp_service_pkg
[0.316s] -- Install configuration: ""
[0.317s] -- Execute custom install script
[0.319s] -- Up-to-date symlink: /home/ubuntu/gcamp_ros2_ws/install/cpp_service_pkg/lib/cpp_service_pkg/basic_server_node
[0.320s] -- Up-to-date symlink: /home/ubuntu/gcamp_ros2_ws/install/cpp_service_pkg/lib/cpp_service_pkg/basic_client_node
[0.321s] -- Up-to-date symlink: /home/ubuntu/gcamp_ros2_ws/install/cpp_service_pkg/lib/cpp_service_pkg/robot_turning_server_node
[0.323s] -- Up-to-date symlink: /home/ubuntu/gcamp_ros2_ws/install/cpp_service_pkg/lib/cpp_service_pkg/robot_turning_client_node
[0.324s] -- Up-to-date symlink: /home/ubuntu/gcamp_ros2_ws/install/cpp_service_pkg/share/ament_index/resource_index/package_run_dependencies/cpp_service_pkg
[0.325s] -- Up-to-date symlink: /home/ubuntu/gcamp_ros2_ws/install/cpp_service_pkg/share/ament_index/resource_index/parent_prefix_path/cpp_service_pkg
[0.326s] -- Up-to-date symlink: /home/ubuntu/gcamp_ros2_ws/install/cpp_service_pkg/share/cpp_service_pkg/environment/ament_prefix_path.sh
[0.327s] -- Up-to-date symlink: /home/ubuntu/gcamp_ros2_ws/install/cpp_service_pkg/share/cpp_service_pkg/environment/ament_prefix_path.dsv
[0.327s] -- Up-to-date symlink: /home/ubuntu/gcamp_ros2_ws/install/cpp_service_pkg/share/cpp_service_pkg/environment/path.sh
[0.328s] -- Up-to-date symlink: /home/ubuntu/gcamp_ros2_ws/install/cpp_service_pkg/share/cpp_service_pkg/environment/path.dsv
[0.329s] -- Up-to-date symlink: /home/ubuntu/gcamp_ros2_ws/install/cpp_service_pkg/share/cpp_service_pkg/local_setup.bash
[0.330s] -- Up-to-date symlink: /home/ubuntu/gcamp_ros2_ws/install/cpp_service_pkg/share/cpp_service_pkg/local_setup.sh
[0.330s] -- Up-to-date symlink: /home/ubuntu/gcamp_ros2_ws/install/cpp_service_pkg/share/cpp_service_pkg/local_setup.zsh
[0.331s] -- Up-to-date symlink: /home/ubuntu/gcamp_ros2_ws/install/cpp_service_pkg/share/cpp_service_pkg/local_setup.dsv
[0.331s] -- Symlinking: /home/ubuntu/gcamp_ros2_ws/install/cpp_service_pkg/share/cpp_service_pkg/package.dsv
[0.349s] -- Up-to-date symlink: /home/ubuntu/gcamp_ros2_ws/install/cpp_service_pkg/share/ament_index/resource_index/packages/cpp_service_pkg
[0.349s] -- Up-to-date symlink: /home/ubuntu/gcamp_ros2_ws/install/cpp_service_pkg/share/cpp_service_pkg/cmake/cpp_service_pkgConfig.cmake
[0.350s] -- Up-to-date symlink: /home/ubuntu/gcamp_ros2_ws/install/cpp_service_pkg/share/cpp_service_pkg/cmake/cpp_service_pkgConfig-version.cmake
[0.350s] -- Up-to-date symlink: /home/ubuntu/gcamp_ros2_ws/install/cpp_service_pkg/share/cpp_service_pkg/package.xml
[0.356s] Invoked command in '/home/ubuntu/gcamp_ros2_ws/build/cpp_service_pkg' returned '0': CMAKE_PREFIX_PATH=/home/ubuntu/gcamp_ros2_ws/install/custom_interfaces:/home/ubuntu/gcamp_ros2_ws/install/gcamp_gazebo:/home/ubuntu/gcamp_ros2_ws/install/cpp_service_pkg:/home/ubuntu/gcamp_ros2_ws/install/cpp_action_pkg:/home/ubuntu/gcamp_ros2_ws/install/cpp_topic_pkg:/home/ubuntu/gcamp_ros2_ws/install/cpp_service_tutorial:/home/ubuntu/gcamp_ros2_ws/install/cpp_param_pkg:/home/ubuntu/gcamp_ros2_ws/install/cpp_first_pkg:/home/ubuntu/gcamp_ros2_ws/install/py_topic_pkg:/home/ubuntu/gcamp_ros2_ws/install/py_service_pkg:/home/ubuntu/gcamp_ros2_ws/install/py_first_pkg:/home/ubuntu/gcamp_ros2_ws/install/py_action_pkg:/opt/ros/foxy PYTHONPATH=/home/ubuntu/gcamp_ros2_ws/install/custom_interfaces/lib/python3.8/site-packages:/home/ubuntu/gcamp_ros2_ws/build/py_topic_pkg:/home/ubuntu/gcamp_ros2_ws/install/py_topic_pkg/lib/python3.8/site-packages:/home/ubuntu/gcamp_ros2_ws/build/py_service_pkg:/home/ubuntu/gcamp_ros2_ws/install/py_service_pkg/lib/python3.8/site-packages:/home/ubuntu/gcamp_ros2_ws/build/py_first_pkg:/home/ubuntu/gcamp_ros2_ws/install/py_first_pkg/lib/python3.8/site-packages:/home/ubuntu/gcamp_ros2_ws/build/py_action_pkg:/home/ubuntu/gcamp_ros2_ws/install/py_action_pkg/lib/python3.8/site-packages:/opt/ros/foxy/lib/python3.8/site-packages /usr/bin/cmake --install /home/ubuntu/gcamp_ros2_ws/build/cpp_service_pkg
