[0.000000] (-) TimerEvent: {}
[0.000548] (-) JobUnselected: {'identifier': 'cpp_action_pkg'}
[0.000767] (-) JobUnselected: {'identifier': 'cpp_first_pkg'}
[0.000881] (-) JobUnselected: {'identifier': 'cpp_param_pkg'}
[0.000961] (-) JobUnselected: {'identifier': 'cpp_service_pkg'}
[0.001033] (-) JobUnselected: {'identifier': 'cpp_service_tutorial'}
[0.001105] (-) JobUnselected: {'identifier': 'cpp_topic_pkg'}
[0.001175] (-) JobUnselected: {'identifier': 'custom_interfaces'}
[0.001316] (-) JobUnselected: {'identifier': 'gcamp_gazebo'}
[0.001436] (-) JobUnselected: {'identifier': 'logging_rclpy_example'}
[0.001517] (-) JobUnselected: {'identifier': 'msg_srv_action_interface_example'}
[0.001588] (-) JobUnselected: {'identifier': 'my_first_ros_rclcpp_pkg'}
[0.001658] (-) JobUnselected: {'identifier': 'my_first_ros_rclpy_pkg'}
[0.001727] (-) JobUnselected: {'identifier': 'py_action_pkg'}
[0.001795] (-) JobUnselected: {'identifier': 'py_first_pkg'}
[0.001864] (-) JobUnselected: {'identifier': 'py_service_pkg'}
[0.001931] (-) JobUnselected: {'identifier': 'py_topic_pkg'}
[0.001998] (-) JobUnselected: {'identifier': 'ros2env'}
[0.002066] (-) JobUnselected: {'identifier': 'rqt_example'}
[0.002133] (-) JobUnselected: {'identifier': 'testbot_description'}
[0.002249] (-) JobUnselected: {'identifier': 'tf2_rclcpp_example'}
[0.002399] (-) JobUnselected: {'identifier': 'tf2_rclpy_example'}
[0.002503] (-) JobUnselected: {'identifier': 'time_rclcpp_example'}
[0.002576] (-) JobUnselected: {'identifier': 'time_rclpy_example'}
[0.002648] (-) JobUnselected: {'identifier': 'topic_service_action_rclcpp_example'}
[0.002716] (-) JobUnselected: {'identifier': 'topic_service_action_rclpy_example'}
[0.002787] (-) EventReactorShutdown: {}
