[0.387s] DEBUG:colcon:Command line arguments: ['/usr/bin/colcon', 'build', '--symlink-install', '--packages-select', 'custom_interface']
[0.387s] DEBUG:colcon:Parsed command line arguments: Namespace(allow_overriding=[], ament_cmake_args=None, base_paths=['.'], build_base='build', catkin_cmake_args=None, catkin_skip_building_tests=False, cmake_args=None, cmake_clean_cache=False, cmake_clean_first=False, cmake_force_configure=False, cmake_target=None, cmake_target_skip_unavailable=False, continue_on_error=False, event_handlers=None, executor='parallel', ignore_user_meta=False, install_base='install', log_base=None, log_level=None, main=<bound method BuildVerb.main of <colcon_core.verb.build.BuildVerb object at 0x7f8284fbbd00>>, merge_install=False, metas=['./colcon.meta'], packages_above=None, packages_above_and_dependencies=None, packages_above_depth=None, packages_end=None, packages_ignore=None, packages_ignore_regex=None, packages_select=['custom_interface'], packages_select_build_failed=False, packages_select_by_dep=None, packages_select_regex=None, packages_select_test_failures=False, packages_skip=None, packages_skip_build_finished=False, packages_skip_by_dep=None, packages_skip_regex=None, packages_skip_test_passed=False, packages_skip_up_to=None, packages_start=None, packages_up_to=None, packages_up_to_regex=None, parallel_workers=6, paths=None, symlink_install=True, test_result_base=None, verb_extension=<colcon_core.verb.build.BuildVerb object at 0x7f8284fbbd00>, verb_name='build', verb_parser=<colcon_defaults.argument_parser.defaults.DefaultArgumentsDecorator object at 0x7f8284fc52b0>)
[0.465s] Level 1:colcon.colcon_core.package_discovery:discover_packages(colcon_meta) check parameters
[0.466s] Level 1:colcon.colcon_core.package_discovery:discover_packages(recursive) check parameters
[0.481s] Level 1:colcon.colcon_core.package_discovery:discover_packages(ignore) check parameters
[0.482s] Level 1:colcon.colcon_core.package_discovery:discover_packages(path) check parameters
[0.482s] Level 1:colcon.colcon_core.package_discovery:discover_packages(colcon_meta) discover
[0.482s] Level 1:colcon.colcon_core.package_discovery:discover_packages(recursive) discover
[0.482s] INFO:colcon.colcon_core.package_discovery:Crawling recursively for packages in '/home/ubuntu/gcamp_ros2_ws'
[0.483s] Level 1:colcon.colcon_core.package_identification:_identify(.) by extensions ['ignore', 'ignore_ament_install']
[0.483s] Level 1:colcon.colcon_core.package_identification:_identify(.) by extension 'ignore'
[0.483s] Level 1:colcon.colcon_core.package_identification:_identify(.) by extension 'ignore_ament_install'
[0.483s] Level 1:colcon.colcon_core.package_identification:_identify(.) by extensions ['colcon_pkg']
[0.483s] Level 1:colcon.colcon_core.package_identification:_identify(.) by extension 'colcon_pkg'
[0.484s] Level 1:colcon.colcon_core.package_identification:_identify(.) by extensions ['colcon_meta']
[0.484s] Level 1:colcon.colcon_core.package_identification:_identify(.) by extension 'colcon_meta'
[0.484s] Level 1:colcon.colcon_core.package_identification:_identify(.) by extensions ['ros']
[0.484s] Level 1:colcon.colcon_core.package_identification:_identify(.) by extension 'ros'
[0.566s] Level 1:colcon.colcon_core.package_identification:_identify(.) by extensions ['cmake', 'python']
[0.574s] Level 1:colcon.colcon_core.package_identification:_identify(.) by extension 'cmake'
[0.574s] Level 1:colcon.colcon_core.package_identification:_identify(.) by extension 'python'
[0.575s] Level 1:colcon.colcon_core.package_identification:_identify(.) by extensions ['python_setup_py']
[0.575s] Level 1:colcon.colcon_core.package_identification:_identify(.) by extension 'python_setup_py'
[0.575s] Level 1:colcon.colcon_core.package_identification:_identify(build) by extensions ['ignore', 'ignore_ament_install']
[0.575s] Level 1:colcon.colcon_core.package_identification:_identify(build) by extension 'ignore'
[0.576s] Level 1:colcon.colcon_core.package_identification:_identify(build) ignored
[0.576s] Level 1:colcon.colcon_core.package_identification:_identify(install) by extensions ['ignore', 'ignore_ament_install']
[0.576s] Level 1:colcon.colcon_core.package_identification:_identify(install) by extension 'ignore'
[0.577s] Level 1:colcon.colcon_core.package_identification:_identify(install) ignored
[0.577s] Level 1:colcon.colcon_core.package_identification:_identify(log) by extensions ['ignore', 'ignore_ament_install']
[0.577s] Level 1:colcon.colcon_core.package_identification:_identify(log) by extension 'ignore'
[0.577s] Level 1:colcon.colcon_core.package_identification:_identify(log) ignored
[0.578s] Level 1:colcon.colcon_core.package_identification:_identify(ros2-seminar-examples) by extensions ['ignore', 'ignore_ament_install']
[0.578s] Level 1:colcon.colcon_core.package_identification:_identify(ros2-seminar-examples) by extension 'ignore'
[0.578s] Level 1:colcon.colcon_core.package_identification:_identify(ros2-seminar-examples) by extension 'ignore_ament_install'
[0.579s] Level 1:colcon.colcon_core.package_identification:_identify(ros2-seminar-examples) by extensions ['colcon_pkg']
[0.579s] Level 1:colcon.colcon_core.package_identification:_identify(ros2-seminar-examples) by extension 'colcon_pkg'
[0.579s] Level 1:colcon.colcon_core.package_identification:_identify(ros2-seminar-examples) by extensions ['colcon_meta']
[0.579s] Level 1:colcon.colcon_core.package_identification:_identify(ros2-seminar-examples) by extension 'colcon_meta'
[0.579s] Level 1:colcon.colcon_core.package_identification:_identify(ros2-seminar-examples) by extensions ['ros']
[0.579s] Level 1:colcon.colcon_core.package_identification:_identify(ros2-seminar-examples) by extension 'ros'
[0.580s] Level 1:colcon.colcon_core.package_identification:_identify(ros2-seminar-examples) by extensions ['cmake', 'python']
[0.580s] Level 1:colcon.colcon_core.package_identification:_identify(ros2-seminar-examples) by extension 'cmake'
[0.580s] Level 1:colcon.colcon_core.package_identification:_identify(ros2-seminar-examples) by extension 'python'
[0.580s] Level 1:colcon.colcon_core.package_identification:_identify(ros2-seminar-examples) by extensions ['python_setup_py']
[0.580s] Level 1:colcon.colcon_core.package_identification:_identify(ros2-seminar-examples) by extension 'python_setup_py'
[0.580s] Level 1:colcon.colcon_core.package_identification:_identify(ros2-seminar-examples/logging_rclpy_example) by extensions ['ignore', 'ignore_ament_install']
[0.580s] Level 1:colcon.colcon_core.package_identification:_identify(ros2-seminar-examples/logging_rclpy_example) by extension 'ignore'
[0.581s] Level 1:colcon.colcon_core.package_identification:_identify(ros2-seminar-examples/logging_rclpy_example) by extension 'ignore_ament_install'
[0.581s] Level 1:colcon.colcon_core.package_identification:_identify(ros2-seminar-examples/logging_rclpy_example) by extensions ['colcon_pkg']
[0.581s] Level 1:colcon.colcon_core.package_identification:_identify(ros2-seminar-examples/logging_rclpy_example) by extension 'colcon_pkg'
[0.581s] Level 1:colcon.colcon_core.package_identification:_identify(ros2-seminar-examples/logging_rclpy_example) by extensions ['colcon_meta']
[0.581s] Level 1:colcon.colcon_core.package_identification:_identify(ros2-seminar-examples/logging_rclpy_example) by extension 'colcon_meta'
[0.581s] Level 1:colcon.colcon_core.package_identification:_identify(ros2-seminar-examples/logging_rclpy_example) by extensions ['ros']
[0.581s] Level 1:colcon.colcon_core.package_identification:_identify(ros2-seminar-examples/logging_rclpy_example) by extension 'ros'
[0.589s] DEBUG:colcon.colcon_core.package_identification:Package 'ros2-seminar-examples/logging_rclpy_example' with type 'ros.ament_python' and name 'logging_rclpy_example'
[0.590s] Level 1:colcon.colcon_core.package_identification:_identify(ros2-seminar-examples/msg_srv_action_interface_example) by extensions ['ignore', 'ignore_ament_install']
[0.592s] Level 1:colcon.colcon_core.package_identification:_identify(ros2-seminar-examples/msg_srv_action_interface_example) by extension 'ignore'
[0.592s] Level 1:colcon.colcon_core.package_identification:_identify(ros2-seminar-examples/msg_srv_action_interface_example) by extension 'ignore_ament_install'
[0.592s] Level 1:colcon.colcon_core.package_identification:_identify(ros2-seminar-examples/msg_srv_action_interface_example) by extensions ['colcon_pkg']
[0.592s] Level 1:colcon.colcon_core.package_identification:_identify(ros2-seminar-examples/msg_srv_action_interface_example) by extension 'colcon_pkg'
[0.594s] Level 1:colcon.colcon_core.package_identification:_identify(ros2-seminar-examples/msg_srv_action_interface_example) by extensions ['colcon_meta']
[0.594s] Level 1:colcon.colcon_core.package_identification:_identify(ros2-seminar-examples/msg_srv_action_interface_example) by extension 'colcon_meta'
[0.594s] Level 1:colcon.colcon_core.package_identification:_identify(ros2-seminar-examples/msg_srv_action_interface_example) by extensions ['ros']
[0.594s] Level 1:colcon.colcon_core.package_identification:_identify(ros2-seminar-examples/msg_srv_action_interface_example) by extension 'ros'
[0.596s] DEBUG:colcon.colcon_core.package_identification:Package 'ros2-seminar-examples/msg_srv_action_interface_example' with type 'ros.ament_cmake' and name 'msg_srv_action_interface_example'
[0.596s] Level 1:colcon.colcon_core.package_identification:_identify(ros2-seminar-examples/my_first_ros_rclcpp_pkg) by extensions ['ignore', 'ignore_ament_install']
[0.596s] Level 1:colcon.colcon_core.package_identification:_identify(ros2-seminar-examples/my_first_ros_rclcpp_pkg) by extension 'ignore'
[0.597s] Level 1:colcon.colcon_core.package_identification:_identify(ros2-seminar-examples/my_first_ros_rclcpp_pkg) by extension 'ignore_ament_install'
[0.597s] Level 1:colcon.colcon_core.package_identification:_identify(ros2-seminar-examples/my_first_ros_rclcpp_pkg) by extensions ['colcon_pkg']
[0.597s] Level 1:colcon.colcon_core.package_identification:_identify(ros2-seminar-examples/my_first_ros_rclcpp_pkg) by extension 'colcon_pkg'
[0.597s] Level 1:colcon.colcon_core.package_identification:_identify(ros2-seminar-examples/my_first_ros_rclcpp_pkg) by extensions ['colcon_meta']
[0.597s] Level 1:colcon.colcon_core.package_identification:_identify(ros2-seminar-examples/my_first_ros_rclcpp_pkg) by extension 'colcon_meta'
[0.597s] Level 1:colcon.colcon_core.package_identification:_identify(ros2-seminar-examples/my_first_ros_rclcpp_pkg) by extensions ['ros']
[0.598s] Level 1:colcon.colcon_core.package_identification:_identify(ros2-seminar-examples/my_first_ros_rclcpp_pkg) by extension 'ros'
[0.599s] DEBUG:colcon.colcon_core.package_identification:Package 'ros2-seminar-examples/my_first_ros_rclcpp_pkg' with type 'ros.ament_cmake' and name 'my_first_ros_rclcpp_pkg'
[0.599s] Level 1:colcon.colcon_core.package_identification:_identify(ros2-seminar-examples/my_first_ros_rclpy_pkg) by extensions ['ignore', 'ignore_ament_install']
[0.600s] Level 1:colcon.colcon_core.package_identification:_identify(ros2-seminar-examples/my_first_ros_rclpy_pkg) by extension 'ignore'
[0.600s] Level 1:colcon.colcon_core.package_identification:_identify(ros2-seminar-examples/my_first_ros_rclpy_pkg) by extension 'ignore_ament_install'
[0.600s] Level 1:colcon.colcon_core.package_identification:_identify(ros2-seminar-examples/my_first_ros_rclpy_pkg) by extensions ['colcon_pkg']
[0.600s] Level 1:colcon.colcon_core.package_identification:_identify(ros2-seminar-examples/my_first_ros_rclpy_pkg) by extension 'colcon_pkg'
[0.600s] Level 1:colcon.colcon_core.package_identification:_identify(ros2-seminar-examples/my_first_ros_rclpy_pkg) by extensions ['colcon_meta']
[0.600s] Level 1:colcon.colcon_core.package_identification:_identify(ros2-seminar-examples/my_first_ros_rclpy_pkg) by extension 'colcon_meta'
[0.601s] Level 1:colcon.colcon_core.package_identification:_identify(ros2-seminar-examples/my_first_ros_rclpy_pkg) by extensions ['ros']
[0.601s] Level 1:colcon.colcon_core.package_identification:_identify(ros2-seminar-examples/my_first_ros_rclpy_pkg) by extension 'ros'
[0.603s] DEBUG:colcon.colcon_core.package_identification:Package 'ros2-seminar-examples/my_first_ros_rclpy_pkg' with type 'ros.ament_python' and name 'my_first_ros_rclpy_pkg'
[0.603s] Level 1:colcon.colcon_core.package_identification:_identify(ros2-seminar-examples/ros2env) by extensions ['ignore', 'ignore_ament_install']
[0.603s] Level 1:colcon.colcon_core.package_identification:_identify(ros2-seminar-examples/ros2env) by extension 'ignore'
[0.603s] Level 1:colcon.colcon_core.package_identification:_identify(ros2-seminar-examples/ros2env) by extension 'ignore_ament_install'
[0.603s] Level 1:colcon.colcon_core.package_identification:_identify(ros2-seminar-examples/ros2env) by extensions ['colcon_pkg']
[0.603s] Level 1:colcon.colcon_core.package_identification:_identify(ros2-seminar-examples/ros2env) by extension 'colcon_pkg'
[0.604s] Level 1:colcon.colcon_core.package_identification:_identify(ros2-seminar-examples/ros2env) by extensions ['colcon_meta']
[0.604s] Level 1:colcon.colcon_core.package_identification:_identify(ros2-seminar-examples/ros2env) by extension 'colcon_meta'
[0.604s] Level 1:colcon.colcon_core.package_identification:_identify(ros2-seminar-examples/ros2env) by extensions ['ros']
[0.604s] Level 1:colcon.colcon_core.package_identification:_identify(ros2-seminar-examples/ros2env) by extension 'ros'
[0.605s] DEBUG:colcon.colcon_core.package_identification:Package 'ros2-seminar-examples/ros2env' with type 'ros.ament_python' and name 'ros2env'
[0.606s] Level 1:colcon.colcon_core.package_identification:_identify(ros2-seminar-examples/rqt_example) by extensions ['ignore', 'ignore_ament_install']
[0.606s] Level 1:colcon.colcon_core.package_identification:_identify(ros2-seminar-examples/rqt_example) by extension 'ignore'
[0.606s] Level 1:colcon.colcon_core.package_identification:_identify(ros2-seminar-examples/rqt_example) by extension 'ignore_ament_install'
[0.606s] Level 1:colcon.colcon_core.package_identification:_identify(ros2-seminar-examples/rqt_example) by extensions ['colcon_pkg']
[0.606s] Level 1:colcon.colcon_core.package_identification:_identify(ros2-seminar-examples/rqt_example) by extension 'colcon_pkg'
[0.607s] Level 1:colcon.colcon_core.package_identification:_identify(ros2-seminar-examples/rqt_example) by extensions ['colcon_meta']
[0.607s] Level 1:colcon.colcon_core.package_identification:_identify(ros2-seminar-examples/rqt_example) by extension 'colcon_meta'
[0.607s] Level 1:colcon.colcon_core.package_identification:_identify(ros2-seminar-examples/rqt_example) by extensions ['ros']
[0.607s] Level 1:colcon.colcon_core.package_identification:_identify(ros2-seminar-examples/rqt_example) by extension 'ros'
[0.609s] DEBUG:colcon.colcon_core.package_identification:Package 'ros2-seminar-examples/rqt_example' with type 'ros.ament_cmake' and name 'rqt_example'
[0.610s] Level 1:colcon.colcon_core.package_identification:_identify(ros2-seminar-examples/testbot_description) by extensions ['ignore', 'ignore_ament_install']
[0.610s] Level 1:colcon.colcon_core.package_identification:_identify(ros2-seminar-examples/testbot_description) by extension 'ignore'
[0.610s] Level 1:colcon.colcon_core.package_identification:_identify(ros2-seminar-examples/testbot_description) by extension 'ignore_ament_install'
[0.610s] Level 1:colcon.colcon_core.package_identification:_identify(ros2-seminar-examples/testbot_description) by extensions ['colcon_pkg']
[0.610s] Level 1:colcon.colcon_core.package_identification:_identify(ros2-seminar-examples/testbot_description) by extension 'colcon_pkg'
[0.611s] Level 1:colcon.colcon_core.package_identification:_identify(ros2-seminar-examples/testbot_description) by extensions ['colcon_meta']
[0.611s] Level 1:colcon.colcon_core.package_identification:_identify(ros2-seminar-examples/testbot_description) by extension 'colcon_meta'
[0.611s] Level 1:colcon.colcon_core.package_identification:_identify(ros2-seminar-examples/testbot_description) by extensions ['ros']
[0.611s] Level 1:colcon.colcon_core.package_identification:_identify(ros2-seminar-examples/testbot_description) by extension 'ros'
[0.612s] DEBUG:colcon.colcon_core.package_identification:Package 'ros2-seminar-examples/testbot_description' with type 'ros.ament_cmake' and name 'testbot_description'
[0.613s] Level 1:colcon.colcon_core.package_identification:_identify(ros2-seminar-examples/tf2_rclcpp_example) by extensions ['ignore', 'ignore_ament_install']
[0.613s] Level 1:colcon.colcon_core.package_identification:_identify(ros2-seminar-examples/tf2_rclcpp_example) by extension 'ignore'
[0.613s] Level 1:colcon.colcon_core.package_identification:_identify(ros2-seminar-examples/tf2_rclcpp_example) by extension 'ignore_ament_install'
[0.614s] Level 1:colcon.colcon_core.package_identification:_identify(ros2-seminar-examples/tf2_rclcpp_example) by extensions ['colcon_pkg']
[0.614s] Level 1:colcon.colcon_core.package_identification:_identify(ros2-seminar-examples/tf2_rclcpp_example) by extension 'colcon_pkg'
[0.614s] Level 1:colcon.colcon_core.package_identification:_identify(ros2-seminar-examples/tf2_rclcpp_example) by extensions ['colcon_meta']
[0.614s] Level 1:colcon.colcon_core.package_identification:_identify(ros2-seminar-examples/tf2_rclcpp_example) by extension 'colcon_meta'
[0.614s] Level 1:colcon.colcon_core.package_identification:_identify(ros2-seminar-examples/tf2_rclcpp_example) by extensions ['ros']
[0.614s] Level 1:colcon.colcon_core.package_identification:_identify(ros2-seminar-examples/tf2_rclcpp_example) by extension 'ros'
[0.620s] DEBUG:colcon.colcon_core.package_identification:Package 'ros2-seminar-examples/tf2_rclcpp_example' with type 'ros.ament_cmake' and name 'tf2_rclcpp_example'
[0.620s] Level 1:colcon.colcon_core.package_identification:_identify(ros2-seminar-examples/tf2_rclpy_example) by extensions ['ignore', 'ignore_ament_install']
[0.620s] Level 1:colcon.colcon_core.package_identification:_identify(ros2-seminar-examples/tf2_rclpy_example) by extension 'ignore'
[0.621s] Level 1:colcon.colcon_core.package_identification:_identify(ros2-seminar-examples/tf2_rclpy_example) by extension 'ignore_ament_install'
[0.621s] Level 1:colcon.colcon_core.package_identification:_identify(ros2-seminar-examples/tf2_rclpy_example) by extensions ['colcon_pkg']
[0.621s] Level 1:colcon.colcon_core.package_identification:_identify(ros2-seminar-examples/tf2_rclpy_example) by extension 'colcon_pkg'
[0.621s] Level 1:colcon.colcon_core.package_identification:_identify(ros2-seminar-examples/tf2_rclpy_example) by extensions ['colcon_meta']
[0.621s] Level 1:colcon.colcon_core.package_identification:_identify(ros2-seminar-examples/tf2_rclpy_example) by extension 'colcon_meta'
[0.621s] Level 1:colcon.colcon_core.package_identification:_identify(ros2-seminar-examples/tf2_rclpy_example) by extensions ['ros']
[0.621s] Level 1:colcon.colcon_core.package_identification:_identify(ros2-seminar-examples/tf2_rclpy_example) by extension 'ros'
[0.623s] DEBUG:colcon.colcon_core.package_identification:Package 'ros2-seminar-examples/tf2_rclpy_example' with type 'ros.ament_python' and name 'tf2_rclpy_example'
[0.623s] Level 1:colcon.colcon_core.package_identification:_identify(ros2-seminar-examples/time_rclcpp_example) by extensions ['ignore', 'ignore_ament_install']
[0.623s] Level 1:colcon.colcon_core.package_identification:_identify(ros2-seminar-examples/time_rclcpp_example) by extension 'ignore'
[0.624s] Level 1:colcon.colcon_core.package_identification:_identify(ros2-seminar-examples/time_rclcpp_example) by extension 'ignore_ament_install'
[0.624s] Level 1:colcon.colcon_core.package_identification:_identify(ros2-seminar-examples/time_rclcpp_example) by extensions ['colcon_pkg']
[0.624s] Level 1:colcon.colcon_core.package_identification:_identify(ros2-seminar-examples/time_rclcpp_example) by extension 'colcon_pkg'
[0.624s] Level 1:colcon.colcon_core.package_identification:_identify(ros2-seminar-examples/time_rclcpp_example) by extensions ['colcon_meta']
[0.624s] Level 1:colcon.colcon_core.package_identification:_identify(ros2-seminar-examples/time_rclcpp_example) by extension 'colcon_meta'
[0.624s] Level 1:colcon.colcon_core.package_identification:_identify(ros2-seminar-examples/time_rclcpp_example) by extensions ['ros']
[0.624s] Level 1:colcon.colcon_core.package_identification:_identify(ros2-seminar-examples/time_rclcpp_example) by extension 'ros'
[0.626s] DEBUG:colcon.colcon_core.package_identification:Package 'ros2-seminar-examples/time_rclcpp_example' with type 'ros.ament_cmake' and name 'time_rclcpp_example'
[0.626s] Level 1:colcon.colcon_core.package_identification:_identify(ros2-seminar-examples/time_rclpy_example) by extensions ['ignore', 'ignore_ament_install']
[0.626s] Level 1:colcon.colcon_core.package_identification:_identify(ros2-seminar-examples/time_rclpy_example) by extension 'ignore'
[0.626s] Level 1:colcon.colcon_core.package_identification:_identify(ros2-seminar-examples/time_rclpy_example) by extension 'ignore_ament_install'
[0.626s] Level 1:colcon.colcon_core.package_identification:_identify(ros2-seminar-examples/time_rclpy_example) by extensions ['colcon_pkg']
[0.627s] Level 1:colcon.colcon_core.package_identification:_identify(ros2-seminar-examples/time_rclpy_example) by extension 'colcon_pkg'
[0.627s] Level 1:colcon.colcon_core.package_identification:_identify(ros2-seminar-examples/time_rclpy_example) by extensions ['colcon_meta']
[0.627s] Level 1:colcon.colcon_core.package_identification:_identify(ros2-seminar-examples/time_rclpy_example) by extension 'colcon_meta'
[0.627s] Level 1:colcon.colcon_core.package_identification:_identify(ros2-seminar-examples/time_rclpy_example) by extensions ['ros']
[0.627s] Level 1:colcon.colcon_core.package_identification:_identify(ros2-seminar-examples/time_rclpy_example) by extension 'ros'
[0.628s] DEBUG:colcon.colcon_core.package_identification:Package 'ros2-seminar-examples/time_rclpy_example' with type 'ros.ament_python' and name 'time_rclpy_example'
[0.628s] Level 1:colcon.colcon_core.package_identification:_identify(ros2-seminar-examples/topic_service_action_rclcpp_example) by extensions ['ignore', 'ignore_ament_install']
[0.629s] Level 1:colcon.colcon_core.package_identification:_identify(ros2-seminar-examples/topic_service_action_rclcpp_example) by extension 'ignore'
[0.629s] Level 1:colcon.colcon_core.package_identification:_identify(ros2-seminar-examples/topic_service_action_rclcpp_example) by extension 'ignore_ament_install'
[0.629s] Level 1:colcon.colcon_core.package_identification:_identify(ros2-seminar-examples/topic_service_action_rclcpp_example) by extensions ['colcon_pkg']
[0.629s] Level 1:colcon.colcon_core.package_identification:_identify(ros2-seminar-examples/topic_service_action_rclcpp_example) by extension 'colcon_pkg'
[0.629s] Level 1:colcon.colcon_core.package_identification:_identify(ros2-seminar-examples/topic_service_action_rclcpp_example) by extensions ['colcon_meta']
[0.629s] Level 1:colcon.colcon_core.package_identification:_identify(ros2-seminar-examples/topic_service_action_rclcpp_example) by extension 'colcon_meta'
[0.629s] Level 1:colcon.colcon_core.package_identification:_identify(ros2-seminar-examples/topic_service_action_rclcpp_example) by extensions ['ros']
[0.629s] Level 1:colcon.colcon_core.package_identification:_identify(ros2-seminar-examples/topic_service_action_rclcpp_example) by extension 'ros'
[0.631s] DEBUG:colcon.colcon_core.package_identification:Package 'ros2-seminar-examples/topic_service_action_rclcpp_example' with type 'ros.ament_cmake' and name 'topic_service_action_rclcpp_example'
[0.631s] Level 1:colcon.colcon_core.package_identification:_identify(ros2-seminar-examples/topic_service_action_rclpy_example) by extensions ['ignore', 'ignore_ament_install']
[0.631s] Level 1:colcon.colcon_core.package_identification:_identify(ros2-seminar-examples/topic_service_action_rclpy_example) by extension 'ignore'
[0.631s] Level 1:colcon.colcon_core.package_identification:_identify(ros2-seminar-examples/topic_service_action_rclpy_example) by extension 'ignore_ament_install'
[0.631s] Level 1:colcon.colcon_core.package_identification:_identify(ros2-seminar-examples/topic_service_action_rclpy_example) by extensions ['colcon_pkg']
[0.632s] Level 1:colcon.colcon_core.package_identification:_identify(ros2-seminar-examples/topic_service_action_rclpy_example) by extension 'colcon_pkg'
[0.632s] Level 1:colcon.colcon_core.package_identification:_identify(ros2-seminar-examples/topic_service_action_rclpy_example) by extensions ['colcon_meta']
[0.632s] Level 1:colcon.colcon_core.package_identification:_identify(ros2-seminar-examples/topic_service_action_rclpy_example) by extension 'colcon_meta'
[0.632s] Level 1:colcon.colcon_core.package_identification:_identify(ros2-seminar-examples/topic_service_action_rclpy_example) by extensions ['ros']
[0.632s] Level 1:colcon.colcon_core.package_identification:_identify(ros2-seminar-examples/topic_service_action_rclpy_example) by extension 'ros'
[0.634s] DEBUG:colcon.colcon_core.package_identification:Package 'ros2-seminar-examples/topic_service_action_rclpy_example' with type 'ros.ament_python' and name 'topic_service_action_rclpy_example'
[0.634s] Level 1:colcon.colcon_core.package_identification:_identify(src) by extensions ['ignore', 'ignore_ament_install']
[0.634s] Level 1:colcon.colcon_core.package_identification:_identify(src) by extension 'ignore'
[0.634s] Level 1:colcon.colcon_core.package_identification:_identify(src) by extension 'ignore_ament_install'
[0.635s] Level 1:colcon.colcon_core.package_identification:_identify(src) by extensions ['colcon_pkg']
[0.635s] Level 1:colcon.colcon_core.package_identification:_identify(src) by extension 'colcon_pkg'
[0.635s] Level 1:colcon.colcon_core.package_identification:_identify(src) by extensions ['colcon_meta']
[0.635s] Level 1:colcon.colcon_core.package_identification:_identify(src) by extension 'colcon_meta'
[0.635s] Level 1:colcon.colcon_core.package_identification:_identify(src) by extensions ['ros']
[0.635s] Level 1:colcon.colcon_core.package_identification:_identify(src) by extension 'ros'
[0.636s] Level 1:colcon.colcon_core.package_identification:_identify(src) by extensions ['cmake', 'python']
[0.636s] Level 1:colcon.colcon_core.package_identification:_identify(src) by extension 'cmake'
[0.636s] Level 1:colcon.colcon_core.package_identification:_identify(src) by extension 'python'
[0.636s] Level 1:colcon.colcon_core.package_identification:_identify(src) by extensions ['python_setup_py']
[0.636s] Level 1:colcon.colcon_core.package_identification:_identify(src) by extension 'python_setup_py'
[0.637s] Level 1:colcon.colcon_core.package_identification:_identify(src/gcamp_ros2_basic) by extensions ['ignore', 'ignore_ament_install']
[0.637s] Level 1:colcon.colcon_core.package_identification:_identify(src/gcamp_ros2_basic) by extension 'ignore'
[0.637s] Level 1:colcon.colcon_core.package_identification:_identify(src/gcamp_ros2_basic) by extension 'ignore_ament_install'
[0.637s] Level 1:colcon.colcon_core.package_identification:_identify(src/gcamp_ros2_basic) by extensions ['colcon_pkg']
[0.637s] Level 1:colcon.colcon_core.package_identification:_identify(src/gcamp_ros2_basic) by extension 'colcon_pkg'
[0.638s] Level 1:colcon.colcon_core.package_identification:_identify(src/gcamp_ros2_basic) by extensions ['colcon_meta']
[0.638s] Level 1:colcon.colcon_core.package_identification:_identify(src/gcamp_ros2_basic) by extension 'colcon_meta'
[0.638s] Level 1:colcon.colcon_core.package_identification:_identify(src/gcamp_ros2_basic) by extensions ['ros']
[0.638s] Level 1:colcon.colcon_core.package_identification:_identify(src/gcamp_ros2_basic) by extension 'ros'
[0.639s] Level 1:colcon.colcon_core.package_identification:_identify(src/gcamp_ros2_basic) by extensions ['cmake', 'python']
[0.639s] Level 1:colcon.colcon_core.package_identification:_identify(src/gcamp_ros2_basic) by extension 'cmake'
[0.639s] Level 1:colcon.colcon_core.package_identification:_identify(src/gcamp_ros2_basic) by extension 'python'
[0.639s] Level 1:colcon.colcon_core.package_identification:_identify(src/gcamp_ros2_basic) by extensions ['python_setup_py']
[0.640s] Level 1:colcon.colcon_core.package_identification:_identify(src/gcamp_ros2_basic) by extension 'python_setup_py'
[0.640s] Level 1:colcon.colcon_core.package_identification:_identify(src/gcamp_ros2_basic/cpp_action_pkg) by extensions ['ignore', 'ignore_ament_install']
[0.641s] Level 1:colcon.colcon_core.package_identification:_identify(src/gcamp_ros2_basic/cpp_action_pkg) by extension 'ignore'
[0.641s] Level 1:colcon.colcon_core.package_identification:_identify(src/gcamp_ros2_basic/cpp_action_pkg) by extension 'ignore_ament_install'
[0.641s] Level 1:colcon.colcon_core.package_identification:_identify(src/gcamp_ros2_basic/cpp_action_pkg) by extensions ['colcon_pkg']
[0.641s] Level 1:colcon.colcon_core.package_identification:_identify(src/gcamp_ros2_basic/cpp_action_pkg) by extension 'colcon_pkg'
[0.641s] Level 1:colcon.colcon_core.package_identification:_identify(src/gcamp_ros2_basic/cpp_action_pkg) by extensions ['colcon_meta']
[0.641s] Level 1:colcon.colcon_core.package_identification:_identify(src/gcamp_ros2_basic/cpp_action_pkg) by extension 'colcon_meta'
[0.641s] Level 1:colcon.colcon_core.package_identification:_identify(src/gcamp_ros2_basic/cpp_action_pkg) by extensions ['ros']
[0.642s] Level 1:colcon.colcon_core.package_identification:_identify(src/gcamp_ros2_basic/cpp_action_pkg) by extension 'ros'
[0.643s] DEBUG:colcon.colcon_core.package_identification:Package 'src/gcamp_ros2_basic/cpp_action_pkg' with type 'ros.ament_cmake' and name 'cpp_action_pkg'
[0.644s] Level 1:colcon.colcon_core.package_identification:_identify(src/gcamp_ros2_basic/cpp_first_pkg) by extensions ['ignore', 'ignore_ament_install']
[0.644s] Level 1:colcon.colcon_core.package_identification:_identify(src/gcamp_ros2_basic/cpp_first_pkg) by extension 'ignore'
[0.644s] Level 1:colcon.colcon_core.package_identification:_identify(src/gcamp_ros2_basic/cpp_first_pkg) by extension 'ignore_ament_install'
[0.644s] Level 1:colcon.colcon_core.package_identification:_identify(src/gcamp_ros2_basic/cpp_first_pkg) by extensions ['colcon_pkg']
[0.645s] Level 1:colcon.colcon_core.package_identification:_identify(src/gcamp_ros2_basic/cpp_first_pkg) by extension 'colcon_pkg'
[0.645s] Level 1:colcon.colcon_core.package_identification:_identify(src/gcamp_ros2_basic/cpp_first_pkg) by extensions ['colcon_meta']
[0.645s] Level 1:colcon.colcon_core.package_identification:_identify(src/gcamp_ros2_basic/cpp_first_pkg) by extension 'colcon_meta'
[0.645s] Level 1:colcon.colcon_core.package_identification:_identify(src/gcamp_ros2_basic/cpp_first_pkg) by extensions ['ros']
[0.645s] Level 1:colcon.colcon_core.package_identification:_identify(src/gcamp_ros2_basic/cpp_first_pkg) by extension 'ros'
[0.646s] DEBUG:colcon.colcon_core.package_identification:Package 'src/gcamp_ros2_basic/cpp_first_pkg' with type 'ros.ament_cmake' and name 'cpp_first_pkg'
[0.647s] Level 1:colcon.colcon_core.package_identification:_identify(src/gcamp_ros2_basic/cpp_param_pkg) by extensions ['ignore', 'ignore_ament_install']
[0.647s] Level 1:colcon.colcon_core.package_identification:_identify(src/gcamp_ros2_basic/cpp_param_pkg) by extension 'ignore'
[0.647s] Level 1:colcon.colcon_core.package_identification:_identify(src/gcamp_ros2_basic/cpp_param_pkg) by extension 'ignore_ament_install'
[0.647s] Level 1:colcon.colcon_core.package_identification:_identify(src/gcamp_ros2_basic/cpp_param_pkg) by extensions ['colcon_pkg']
[0.648s] Level 1:colcon.colcon_core.package_identification:_identify(src/gcamp_ros2_basic/cpp_param_pkg) by extension 'colcon_pkg'
[0.648s] Level 1:colcon.colcon_core.package_identification:_identify(src/gcamp_ros2_basic/cpp_param_pkg) by extensions ['colcon_meta']
[0.648s] Level 1:colcon.colcon_core.package_identification:_identify(src/gcamp_ros2_basic/cpp_param_pkg) by extension 'colcon_meta'
[0.648s] Level 1:colcon.colcon_core.package_identification:_identify(src/gcamp_ros2_basic/cpp_param_pkg) by extensions ['ros']
[0.648s] Level 1:colcon.colcon_core.package_identification:_identify(src/gcamp_ros2_basic/cpp_param_pkg) by extension 'ros'
[0.649s] DEBUG:colcon.colcon_core.package_identification:Package 'src/gcamp_ros2_basic/cpp_param_pkg' with type 'ros.ament_cmake' and name 'cpp_param_pkg'
[0.649s] Level 1:colcon.colcon_core.package_identification:_identify(src/gcamp_ros2_basic/cpp_service_pkg) by extensions ['ignore', 'ignore_ament_install']
[0.650s] Level 1:colcon.colcon_core.package_identification:_identify(src/gcamp_ros2_basic/cpp_service_pkg) by extension 'ignore'
[0.650s] Level 1:colcon.colcon_core.package_identification:_identify(src/gcamp_ros2_basic/cpp_service_pkg) by extension 'ignore_ament_install'
[0.650s] Level 1:colcon.colcon_core.package_identification:_identify(src/gcamp_ros2_basic/cpp_service_pkg) by extensions ['colcon_pkg']
[0.650s] Level 1:colcon.colcon_core.package_identification:_identify(src/gcamp_ros2_basic/cpp_service_pkg) by extension 'colcon_pkg'
[0.650s] Level 1:colcon.colcon_core.package_identification:_identify(src/gcamp_ros2_basic/cpp_service_pkg) by extensions ['colcon_meta']
[0.650s] Level 1:colcon.colcon_core.package_identification:_identify(src/gcamp_ros2_basic/cpp_service_pkg) by extension 'colcon_meta'
[0.651s] Level 1:colcon.colcon_core.package_identification:_identify(src/gcamp_ros2_basic/cpp_service_pkg) by extensions ['ros']
[0.651s] Level 1:colcon.colcon_core.package_identification:_identify(src/gcamp_ros2_basic/cpp_service_pkg) by extension 'ros'
[0.654s] DEBUG:colcon.colcon_core.package_identification:Package 'src/gcamp_ros2_basic/cpp_service_pkg' with type 'ros.ament_cmake' and name 'cpp_service_pkg'
[0.655s] Level 1:colcon.colcon_core.package_identification:_identify(src/gcamp_ros2_basic/cpp_service_tutorial) by extensions ['ignore', 'ignore_ament_install']
[0.655s] Level 1:colcon.colcon_core.package_identification:_identify(src/gcamp_ros2_basic/cpp_service_tutorial) by extension 'ignore'
[0.655s] Level 1:colcon.colcon_core.package_identification:_identify(src/gcamp_ros2_basic/cpp_service_tutorial) by extension 'ignore_ament_install'
[0.655s] Level 1:colcon.colcon_core.package_identification:_identify(src/gcamp_ros2_basic/cpp_service_tutorial) by extensions ['colcon_pkg']
[0.655s] Level 1:colcon.colcon_core.package_identification:_identify(src/gcamp_ros2_basic/cpp_service_tutorial) by extension 'colcon_pkg'
[0.656s] Level 1:colcon.colcon_core.package_identification:_identify(src/gcamp_ros2_basic/cpp_service_tutorial) by extensions ['colcon_meta']
[0.656s] Level 1:colcon.colcon_core.package_identification:_identify(src/gcamp_ros2_basic/cpp_service_tutorial) by extension 'colcon_meta'
[0.656s] Level 1:colcon.colcon_core.package_identification:_identify(src/gcamp_ros2_basic/cpp_service_tutorial) by extensions ['ros']
[0.656s] Level 1:colcon.colcon_core.package_identification:_identify(src/gcamp_ros2_basic/cpp_service_tutorial) by extension 'ros'
[0.658s] DEBUG:colcon.colcon_core.package_identification:Package 'src/gcamp_ros2_basic/cpp_service_tutorial' with type 'ros.ament_cmake' and name 'cpp_service_tutorial'
[0.658s] Level 1:colcon.colcon_core.package_identification:_identify(src/gcamp_ros2_basic/cpp_topic_pkg) by extensions ['ignore', 'ignore_ament_install']
[0.658s] Level 1:colcon.colcon_core.package_identification:_identify(src/gcamp_ros2_basic/cpp_topic_pkg) by extension 'ignore'
[0.659s] Level 1:colcon.colcon_core.package_identification:_identify(src/gcamp_ros2_basic/cpp_topic_pkg) by extension 'ignore_ament_install'
[0.659s] Level 1:colcon.colcon_core.package_identification:_identify(src/gcamp_ros2_basic/cpp_topic_pkg) by extensions ['colcon_pkg']
[0.659s] Level 1:colcon.colcon_core.package_identification:_identify(src/gcamp_ros2_basic/cpp_topic_pkg) by extension 'colcon_pkg'
[0.659s] Level 1:colcon.colcon_core.package_identification:_identify(src/gcamp_ros2_basic/cpp_topic_pkg) by extensions ['colcon_meta']
[0.659s] Level 1:colcon.colcon_core.package_identification:_identify(src/gcamp_ros2_basic/cpp_topic_pkg) by extension 'colcon_meta'
[0.659s] Level 1:colcon.colcon_core.package_identification:_identify(src/gcamp_ros2_basic/cpp_topic_pkg) by extensions ['ros']
[0.660s] Level 1:colcon.colcon_core.package_identification:_identify(src/gcamp_ros2_basic/cpp_topic_pkg) by extension 'ros'
[0.662s] DEBUG:colcon.colcon_core.package_identification:Package 'src/gcamp_ros2_basic/cpp_topic_pkg' with type 'ros.ament_cmake' and name 'cpp_topic_pkg'
[0.663s] Level 1:colcon.colcon_core.package_identification:_identify(src/gcamp_ros2_basic/custom_interfaces) by extensions ['ignore', 'ignore_ament_install']
[0.664s] Level 1:colcon.colcon_core.package_identification:_identify(src/gcamp_ros2_basic/custom_interfaces) by extension 'ignore'
[0.664s] Level 1:colcon.colcon_core.package_identification:_identify(src/gcamp_ros2_basic/custom_interfaces) by extension 'ignore_ament_install'
[0.665s] Level 1:colcon.colcon_core.package_identification:_identify(src/gcamp_ros2_basic/custom_interfaces) by extensions ['colcon_pkg']
[0.665s] Level 1:colcon.colcon_core.package_identification:_identify(src/gcamp_ros2_basic/custom_interfaces) by extension 'colcon_pkg'
[0.665s] Level 1:colcon.colcon_core.package_identification:_identify(src/gcamp_ros2_basic/custom_interfaces) by extensions ['colcon_meta']
[0.665s] Level 1:colcon.colcon_core.package_identification:_identify(src/gcamp_ros2_basic/custom_interfaces) by extension 'colcon_meta'
[0.666s] Level 1:colcon.colcon_core.package_identification:_identify(src/gcamp_ros2_basic/custom_interfaces) by extensions ['ros']
[0.666s] Level 1:colcon.colcon_core.package_identification:_identify(src/gcamp_ros2_basic/custom_interfaces) by extension 'ros'
[0.669s] DEBUG:colcon.colcon_core.package_identification:Package 'src/gcamp_ros2_basic/custom_interfaces' with type 'ros.ament_cmake' and name 'custom_interfaces'
[0.671s] Level 1:colcon.colcon_core.package_identification:_identify(src/gcamp_ros2_basic/gcamp_gazebo) by extensions ['ignore', 'ignore_ament_install']
[0.672s] Level 1:colcon.colcon_core.package_identification:_identify(src/gcamp_ros2_basic/gcamp_gazebo) by extension 'ignore'
[0.672s] Level 1:colcon.colcon_core.package_identification:_identify(src/gcamp_ros2_basic/gcamp_gazebo) by extension 'ignore_ament_install'
[0.672s] Level 1:colcon.colcon_core.package_identification:_identify(src/gcamp_ros2_basic/gcamp_gazebo) by extensions ['colcon_pkg']
[0.672s] Level 1:colcon.colcon_core.package_identification:_identify(src/gcamp_ros2_basic/gcamp_gazebo) by extension 'colcon_pkg'
[0.673s] Level 1:colcon.colcon_core.package_identification:_identify(src/gcamp_ros2_basic/gcamp_gazebo) by extensions ['colcon_meta']
[0.673s] Level 1:colcon.colcon_core.package_identification:_identify(src/gcamp_ros2_basic/gcamp_gazebo) by extension 'colcon_meta'
[0.673s] Level 1:colcon.colcon_core.package_identification:_identify(src/gcamp_ros2_basic/gcamp_gazebo) by extensions ['ros']
[0.673s] Level 1:colcon.colcon_core.package_identification:_identify(src/gcamp_ros2_basic/gcamp_gazebo) by extension 'ros'
[0.674s] DEBUG:colcon.colcon_core.package_identification:Package 'src/gcamp_ros2_basic/gcamp_gazebo' with type 'ros.ament_cmake' and name 'gcamp_gazebo'
[0.675s] Level 1:colcon.colcon_core.package_identification:_identify(src/gcamp_ros2_basic/image) by extensions ['ignore', 'ignore_ament_install']
[0.675s] Level 1:colcon.colcon_core.package_identification:_identify(src/gcamp_ros2_basic/image) by extension 'ignore'
[0.675s] Level 1:colcon.colcon_core.package_identification:_identify(src/gcamp_ros2_basic/image) by extension 'ignore_ament_install'
[0.675s] Level 1:colcon.colcon_core.package_identification:_identify(src/gcamp_ros2_basic/image) by extensions ['colcon_pkg']
[0.675s] Level 1:colcon.colcon_core.package_identification:_identify(src/gcamp_ros2_basic/image) by extension 'colcon_pkg'
[0.676s] Level 1:colcon.colcon_core.package_identification:_identify(src/gcamp_ros2_basic/image) by extensions ['colcon_meta']
[0.676s] Level 1:colcon.colcon_core.package_identification:_identify(src/gcamp_ros2_basic/image) by extension 'colcon_meta'
[0.676s] Level 1:colcon.colcon_core.package_identification:_identify(src/gcamp_ros2_basic/image) by extensions ['ros']
[0.676s] Level 1:colcon.colcon_core.package_identification:_identify(src/gcamp_ros2_basic/image) by extension 'ros'
[0.676s] Level 1:colcon.colcon_core.package_identification:_identify(src/gcamp_ros2_basic/image) by extensions ['cmake', 'python']
[0.676s] Level 1:colcon.colcon_core.package_identification:_identify(src/gcamp_ros2_basic/image) by extension 'cmake'
[0.677s] Level 1:colcon.colcon_core.package_identification:_identify(src/gcamp_ros2_basic/image) by extension 'python'
[0.677s] Level 1:colcon.colcon_core.package_identification:_identify(src/gcamp_ros2_basic/image) by extensions ['python_setup_py']
[0.677s] Level 1:colcon.colcon_core.package_identification:_identify(src/gcamp_ros2_basic/image) by extension 'python_setup_py'
[0.677s] Level 1:colcon.colcon_core.package_identification:_identify(src/gcamp_ros2_basic/py_action_pkg) by extensions ['ignore', 'ignore_ament_install']
[0.678s] Level 1:colcon.colcon_core.package_identification:_identify(src/gcamp_ros2_basic/py_action_pkg) by extension 'ignore'
[0.678s] Level 1:colcon.colcon_core.package_identification:_identify(src/gcamp_ros2_basic/py_action_pkg) by extension 'ignore_ament_install'
[0.678s] Level 1:colcon.colcon_core.package_identification:_identify(src/gcamp_ros2_basic/py_action_pkg) by extensions ['colcon_pkg']
[0.678s] Level 1:colcon.colcon_core.package_identification:_identify(src/gcamp_ros2_basic/py_action_pkg) by extension 'colcon_pkg'
[0.678s] Level 1:colcon.colcon_core.package_identification:_identify(src/gcamp_ros2_basic/py_action_pkg) by extensions ['colcon_meta']
[0.678s] Level 1:colcon.colcon_core.package_identification:_identify(src/gcamp_ros2_basic/py_action_pkg) by extension 'colcon_meta'
[0.679s] Level 1:colcon.colcon_core.package_identification:_identify(src/gcamp_ros2_basic/py_action_pkg) by extensions ['ros']
[0.679s] Level 1:colcon.colcon_core.package_identification:_identify(src/gcamp_ros2_basic/py_action_pkg) by extension 'ros'
[0.697s] DEBUG:colcon.colcon_core.package_identification:Package 'src/gcamp_ros2_basic/py_action_pkg' with type 'ros.ament_python' and name 'py_action_pkg'
[0.697s] Level 1:colcon.colcon_core.package_identification:_identify(src/gcamp_ros2_basic/py_first_pkg) by extensions ['ignore', 'ignore_ament_install']
[0.697s] Level 1:colcon.colcon_core.package_identification:_identify(src/gcamp_ros2_basic/py_first_pkg) by extension 'ignore'
[0.698s] Level 1:colcon.colcon_core.package_identification:_identify(src/gcamp_ros2_basic/py_first_pkg) by extension 'ignore_ament_install'
[0.698s] Level 1:colcon.colcon_core.package_identification:_identify(src/gcamp_ros2_basic/py_first_pkg) by extensions ['colcon_pkg']
[0.698s] Level 1:colcon.colcon_core.package_identification:_identify(src/gcamp_ros2_basic/py_first_pkg) by extension 'colcon_pkg'
[0.699s] Level 1:colcon.colcon_core.package_identification:_identify(src/gcamp_ros2_basic/py_first_pkg) by extensions ['colcon_meta']
[0.699s] Level 1:colcon.colcon_core.package_identification:_identify(src/gcamp_ros2_basic/py_first_pkg) by extension 'colcon_meta'
[0.700s] Level 1:colcon.colcon_core.package_identification:_identify(src/gcamp_ros2_basic/py_first_pkg) by extensions ['ros']
[0.713s] Level 1:colcon.colcon_core.package_identification:_identify(src/gcamp_ros2_basic/py_first_pkg) by extension 'ros'
[0.714s] DEBUG:colcon.colcon_core.package_identification:Package 'src/gcamp_ros2_basic/py_first_pkg' with type 'ros.ament_python' and name 'py_first_pkg'
[0.715s] Level 1:colcon.colcon_core.package_identification:_identify(src/gcamp_ros2_basic/py_service_pkg) by extensions ['ignore', 'ignore_ament_install']
[0.715s] Level 1:colcon.colcon_core.package_identification:_identify(src/gcamp_ros2_basic/py_service_pkg) by extension 'ignore'
[0.715s] Level 1:colcon.colcon_core.package_identification:_identify(src/gcamp_ros2_basic/py_service_pkg) by extension 'ignore_ament_install'
[0.715s] Level 1:colcon.colcon_core.package_identification:_identify(src/gcamp_ros2_basic/py_service_pkg) by extensions ['colcon_pkg']
[0.715s] Level 1:colcon.colcon_core.package_identification:_identify(src/gcamp_ros2_basic/py_service_pkg) by extension 'colcon_pkg'
[0.716s] Level 1:colcon.colcon_core.package_identification:_identify(src/gcamp_ros2_basic/py_service_pkg) by extensions ['colcon_meta']
[0.716s] Level 1:colcon.colcon_core.package_identification:_identify(src/gcamp_ros2_basic/py_service_pkg) by extension 'colcon_meta'
[0.716s] Level 1:colcon.colcon_core.package_identification:_identify(src/gcamp_ros2_basic/py_service_pkg) by extensions ['ros']
[0.716s] Level 1:colcon.colcon_core.package_identification:_identify(src/gcamp_ros2_basic/py_service_pkg) by extension 'ros'
[0.718s] DEBUG:colcon.colcon_core.package_identification:Package 'src/gcamp_ros2_basic/py_service_pkg' with type 'ros.ament_python' and name 'py_service_pkg'
[0.718s] Level 1:colcon.colcon_core.package_identification:_identify(src/gcamp_ros2_basic/py_topic_pkg) by extensions ['ignore', 'ignore_ament_install']
[0.718s] Level 1:colcon.colcon_core.package_identification:_identify(src/gcamp_ros2_basic/py_topic_pkg) by extension 'ignore'
[0.719s] Level 1:colcon.colcon_core.package_identification:_identify(src/gcamp_ros2_basic/py_topic_pkg) by extension 'ignore_ament_install'
[0.719s] Level 1:colcon.colcon_core.package_identification:_identify(src/gcamp_ros2_basic/py_topic_pkg) by extensions ['colcon_pkg']
[0.719s] Level 1:colcon.colcon_core.package_identification:_identify(src/gcamp_ros2_basic/py_topic_pkg) by extension 'colcon_pkg'
[0.720s] Level 1:colcon.colcon_core.package_identification:_identify(src/gcamp_ros2_basic/py_topic_pkg) by extensions ['colcon_meta']
[0.720s] Level 1:colcon.colcon_core.package_identification:_identify(src/gcamp_ros2_basic/py_topic_pkg) by extension 'colcon_meta'
[0.721s] Level 1:colcon.colcon_core.package_identification:_identify(src/gcamp_ros2_basic/py_topic_pkg) by extensions ['ros']
[0.721s] Level 1:colcon.colcon_core.package_identification:_identify(src/gcamp_ros2_basic/py_topic_pkg) by extension 'ros'
[0.726s] DEBUG:colcon.colcon_core.package_identification:Package 'src/gcamp_ros2_basic/py_topic_pkg' with type 'ros.ament_python' and name 'py_topic_pkg'
[0.743s] Level 1:colcon.colcon_core.package_discovery:discover_packages(recursive) using defaults
[0.745s] Level 1:colcon.colcon_core.package_discovery:discover_packages(ignore) discover
[0.746s] Level 1:colcon.colcon_core.package_discovery:discover_packages(ignore) using defaults
[0.746s] Level 1:colcon.colcon_core.package_discovery:discover_packages(path) discover
[0.747s] Level 1:colcon.colcon_core.package_discovery:discover_packages(path) using defaults
[0.749s] WARNING:colcon.colcon_core.package_selection:ignoring unknown package 'custom_interface' in --packages-select
[0.828s] INFO:colcon.colcon_core.package_selection:Skipping not selected package 'cpp_first_pkg' in 'src/gcamp_ros2_basic/cpp_first_pkg'
[0.829s] INFO:colcon.colcon_core.package_selection:Skipping not selected package 'cpp_param_pkg' in 'src/gcamp_ros2_basic/cpp_param_pkg'
[0.829s] INFO:colcon.colcon_core.package_selection:Skipping not selected package 'cpp_service_tutorial' in 'src/gcamp_ros2_basic/cpp_service_tutorial'
[0.829s] INFO:colcon.colcon_core.package_selection:Skipping not selected package 'cpp_topic_pkg' in 'src/gcamp_ros2_basic/cpp_topic_pkg'
[0.829s] INFO:colcon.colcon_core.package_selection:Skipping not selected package 'custom_interfaces' in 'src/gcamp_ros2_basic/custom_interfaces'
[0.830s] INFO:colcon.colcon_core.package_selection:Skipping not selected package 'gcamp_gazebo' in 'src/gcamp_ros2_basic/gcamp_gazebo'
[0.830s] INFO:colcon.colcon_core.package_selection:Skipping not selected package 'logging_rclpy_example' in 'ros2-seminar-examples/logging_rclpy_example'
[0.830s] INFO:colcon.colcon_core.package_selection:Skipping not selected package 'msg_srv_action_interface_example' in 'ros2-seminar-examples/msg_srv_action_interface_example'
[0.830s] INFO:colcon.colcon_core.package_selection:Skipping not selected package 'my_first_ros_rclcpp_pkg' in 'ros2-seminar-examples/my_first_ros_rclcpp_pkg'
[0.830s] INFO:colcon.colcon_core.package_selection:Skipping not selected package 'my_first_ros_rclpy_pkg' in 'ros2-seminar-examples/my_first_ros_rclpy_pkg'
[0.831s] INFO:colcon.colcon_core.package_selection:Skipping not selected package 'py_first_pkg' in 'src/gcamp_ros2_basic/py_first_pkg'
[0.831s] INFO:colcon.colcon_core.package_selection:Skipping not selected package 'py_topic_pkg' in 'src/gcamp_ros2_basic/py_topic_pkg'
[0.831s] INFO:colcon.colcon_core.package_selection:Skipping not selected package 'ros2env' in 'ros2-seminar-examples/ros2env'
[0.831s] INFO:colcon.colcon_core.package_selection:Skipping not selected package 'rqt_example' in 'ros2-seminar-examples/rqt_example'
[0.831s] INFO:colcon.colcon_core.package_selection:Skipping not selected package 'testbot_description' in 'ros2-seminar-examples/testbot_description'
[0.831s] INFO:colcon.colcon_core.package_selection:Skipping not selected package 'tf2_rclcpp_example' in 'ros2-seminar-examples/tf2_rclcpp_example'
[0.832s] INFO:colcon.colcon_core.package_selection:Skipping not selected package 'tf2_rclpy_example' in 'ros2-seminar-examples/tf2_rclpy_example'
[0.832s] INFO:colcon.colcon_core.package_selection:Skipping not selected package 'time_rclcpp_example' in 'ros2-seminar-examples/time_rclcpp_example'
[0.832s] INFO:colcon.colcon_core.package_selection:Skipping not selected package 'time_rclpy_example' in 'ros2-seminar-examples/time_rclpy_example'
[0.832s] INFO:colcon.colcon_core.package_selection:Skipping not selected package 'cpp_action_pkg' in 'src/gcamp_ros2_basic/cpp_action_pkg'
[0.832s] INFO:colcon.colcon_core.package_selection:Skipping not selected package 'cpp_service_pkg' in 'src/gcamp_ros2_basic/cpp_service_pkg'
[0.832s] INFO:colcon.colcon_core.package_selection:Skipping not selected package 'py_action_pkg' in 'src/gcamp_ros2_basic/py_action_pkg'
[0.832s] INFO:colcon.colcon_core.package_selection:Skipping not selected package 'py_service_pkg' in 'src/gcamp_ros2_basic/py_service_pkg'
[0.832s] INFO:colcon.colcon_core.package_selection:Skipping not selected package 'topic_service_action_rclcpp_example' in 'ros2-seminar-examples/topic_service_action_rclcpp_example'
[0.832s] INFO:colcon.colcon_core.package_selection:Skipping not selected package 'topic_service_action_rclpy_example' in 'ros2-seminar-examples/topic_service_action_rclpy_example'
[0.834s] Level 1:colcon.colcon_core.package_discovery:discover_packages(prefix_path) check parameters
[0.834s] Level 1:colcon.colcon_core.package_discovery:discover_packages(prefix_path) discover
[0.846s] DEBUG:colcon.colcon_installed_package_information.package_discovery:Found 12 installed packages in /home/ubuntu/gcamp_ros2_ws/install
[0.850s] DEBUG:colcon.colcon_installed_package_information.package_discovery:Found 274 installed packages in /opt/ros/foxy
[0.872s] Level 1:colcon.colcon_core.package_discovery:discover_packages(prefix_path) using defaults
[1.092s] INFO:colcon.colcon_core.executor:Executing jobs using 'parallel' executor
[1.126s] DEBUG:colcon.colcon_parallel_executor.executor.parallel:run_until_complete
[1.126s] DEBUG:colcon.colcon_parallel_executor.executor.parallel:closing loop
[1.126s] DEBUG:colcon.colcon_parallel_executor.executor.parallel:loop closed
[1.126s] DEBUG:colcon.colcon_parallel_executor.executor.parallel:run_until_complete finished with '0'
[1.126s] DEBUG:colcon.colcon_core.event_reactor:joining thread
[1.145s] INFO:colcon.colcon_core.plugin_system:Skipping extension 'colcon_notification.desktop_notification.notify_send': Could not find 'notify-send'
[1.146s] INFO:colcon.colcon_core.plugin_system:Skipping extension 'colcon_notification.desktop_notification.terminal_notifier': Not used on non-Darwin systems
[1.146s] INFO:colcon.colcon_core.plugin_system:Skipping extension 'colcon_notification.desktop_notification.win32': Not used on non-Windows systems
[1.146s] INFO:colcon.colcon_notification.desktop_notification:Sending desktop notification using 'notify2'
[1.157s] DEBUG:colcon.colcon_notification.desktop_notification.notify2:Failed to initialize notify2: org.freedesktop.DBus.Error.ServiceUnknown: The name org.freedesktop.Notifications was not provided by any .service files
[1.158s] DEBUG:colcon.colcon_core.event_reactor:joined thread
[1.167s] INFO:colcon.colcon_core.plugin_system:Skipping extension 'colcon_core.shell.bat': Not used on non-Windows systems
[1.173s] INFO:colcon.colcon_core.shell:Creating prefix script '/home/ubuntu/gcamp_ros2_ws/install/local_setup.ps1'
[1.176s] INFO:colcon.colcon_core.shell:Creating prefix util module '/home/ubuntu/gcamp_ros2_ws/install/_local_setup_util_ps1.py'
[1.180s] INFO:colcon.colcon_core.shell:Creating prefix chain script '/home/ubuntu/gcamp_ros2_ws/install/setup.ps1'
[1.183s] INFO:colcon.colcon_core.shell:Creating prefix script '/home/ubuntu/gcamp_ros2_ws/install/local_setup.sh'
[1.185s] INFO:colcon.colcon_core.shell:Creating prefix util module '/home/ubuntu/gcamp_ros2_ws/install/_local_setup_util_sh.py'
[1.186s] INFO:colcon.colcon_core.shell:Creating prefix chain script '/home/ubuntu/gcamp_ros2_ws/install/setup.sh'
[1.190s] INFO:colcon.colcon_core.shell:Creating prefix script '/home/ubuntu/gcamp_ros2_ws/install/local_setup.bash'
[1.195s] INFO:colcon.colcon_core.shell:Creating prefix chain script '/home/ubuntu/gcamp_ros2_ws/install/setup.bash'
[1.199s] INFO:colcon.colcon_core.shell:Creating prefix script '/home/ubuntu/gcamp_ros2_ws/install/local_setup.zsh'
[1.200s] INFO:colcon.colcon_core.shell:Creating prefix chain script '/home/ubuntu/gcamp_ros2_ws/install/setup.zsh'
