[2.391s] Invoking command in '/home/ubuntu/gcamp_ros2_ws/build/py_first_pkg': PYTHONPATH=/home/ubuntu/gcamp_ros2_ws/install/py_first_pkg/lib/python3.8/site-packages:${PYTHONPATH} /usr/bin/python3 setup.py develop --prefix /home/ubuntu/gcamp_ros2_ws/install/py_first_pkg --editable --build-directory /home/ubuntu/gcamp_ros2_ws/build/py_first_pkg/build --no-deps install_data --install-dir /home/ubuntu/gcamp_ros2_ws/install/py_first_pkg
[2.906s] running develop
[3.227s] running egg_info
[3.227s] creating py_first_pkg.egg-info
[3.227s] writing py_first_pkg.egg-info/PKG-INFO
[3.228s] writing dependency_links to py_first_pkg.egg-info/dependency_links.txt
[3.228s] writing entry points to py_first_pkg.egg-info/entry_points.txt
[3.228s] writing requirements to py_first_pkg.egg-info/requires.txt
[3.229s] writing top-level names to py_first_pkg.egg-info/top_level.txt
[3.231s] writing manifest file 'py_first_pkg.egg-info/SOURCES.txt'
[3.317s] reading manifest file 'py_first_pkg.egg-info/SOURCES.txt'
[3.319s] writing manifest file 'py_first_pkg.egg-info/SOURCES.txt'
[3.427s] running build_ext
[3.428s] Creating /home/ubuntu/gcamp_ros2_ws/install/py_first_pkg/lib/python3.8/site-packages/site.py
[3.432s] Creating /home/ubuntu/gcamp_ros2_ws/install/py_first_pkg/lib/python3.8/site-packages/py-first-pkg.egg-link (link to .)
[3.434s] Installing hello_ros_node script to /home/ubuntu/gcamp_ros2_ws/install/py_first_pkg/lib/py_first_pkg
[3.435s] 
[3.435s] Installed /home/ubuntu/gcamp_ros2_ws/build/py_first_pkg
[3.435s] running install_data
[3.436s] creating /home/ubuntu/gcamp_ros2_ws/install/py_first_pkg/share/ament_index
[3.436s] creating /home/ubuntu/gcamp_ros2_ws/install/py_first_pkg/share/ament_index/resource_index
[3.436s] creating /home/ubuntu/gcamp_ros2_ws/install/py_first_pkg/share/ament_index/resource_index/packages
[3.437s] copying resource/py_first_pkg -> /home/ubuntu/gcamp_ros2_ws/install/py_first_pkg/share/ament_index/resource_index/packages
[3.437s] copying package.xml -> /home/ubuntu/gcamp_ros2_ws/install/py_first_pkg/share/py_first_pkg
[3.437s] creating /home/ubuntu/gcamp_ros2_ws/install/py_first_pkg/share/py_first_pkg/launch
[3.437s] copying launch/hello_ros.launch.py -> /home/ubuntu/gcamp_ros2_ws/install/py_first_pkg/share/py_first_pkg/launch
[3.986s] Invoked command in '/home/ubuntu/gcamp_ros2_ws/build/py_first_pkg' returned '0': PYTHONPATH=/home/ubuntu/gcamp_ros2_ws/install/py_first_pkg/lib/python3.8/site-packages:${PYTHONPATH} /usr/bin/python3 setup.py develop --prefix /home/ubuntu/gcamp_ros2_ws/install/py_first_pkg --editable --build-directory /home/ubuntu/gcamp_ros2_ws/build/py_first_pkg/build --no-deps install_data --install-dir /home/ubuntu/gcamp_ros2_ws/install/py_first_pkg
