[0.083s] Invoking command in '/home/ubuntu/gcamp_ros2_ws/build/cpp_first_pkg': CMAKE_PREFIX_PATH=${CMAKE_PREFIX_PATH}:/home/ubuntu/gcamp_ros2_ws/install/py_topic_pkg:/opt/ros/foxy /usr/bin/cmake /home/ubuntu/gcamp_ros2_ws/src/gcamp_ros2_basic/cpp_first_pkg -DAMENT_CMAKE_SYMLINK_INSTALL=1 -DCMAKE_INSTALL_PREFIX=/home/ubuntu/gcamp_ros2_ws/install/cpp_first_pkg
[1.321s] -- The C compiler identification is GNU 9.4.0
[1.321s] -- The CXX compiler identification is GNU 9.4.0
[1.322s] -- Check for working C compiler: /usr/bin/cc
[1.323s] -- Check for working C compiler: /usr/bin/cc -- works
[1.323s] -- Detecting C compiler ABI info
[1.324s] -- Detecting C compiler ABI info - done
[1.325s] -- Detecting C compile features
[1.326s] -- Detecting C compile features - done
[1.326s] -- Check for working CXX compiler: /usr/bin/c++
[1.327s] -- Check for working CXX compiler: /usr/bin/c++ -- works
[1.328s] -- Detecting CXX compiler ABI info
[1.331s] -- Detecting CXX compiler ABI info - done
[1.331s] -- Detecting CXX compile features
[1.333s] -- Detecting CXX compile features - done
[1.333s] -- Found ament_cmake: 0.9.9 (/opt/ros/foxy/share/ament_cmake/cmake)
[1.334s] -- Found PythonInterp: /usr/bin/python3 (found suitable version "3.8.10", minimum required is "3") 
[1.334s] -- Using PYTHON_EXECUTABLE: /usr/bin/python3
[1.874s] -- Override CMake install command with custom implementation using symlinks instead of copying resources
[1.936s] -- Found rclcpp: 2.4.1 (/opt/ros/foxy/share/rclcpp/cmake)
[2.056s] -- Using all available rosidl_typesupport_c: rosidl_typesupport_fastrtps_c;rosidl_typesupport_introspection_c
[2.072s] -- Found rosidl_adapter: 1.2.1 (/opt/ros/foxy/share/rosidl_adapter/cmake)
[2.354s] -- Found OpenSSL: /usr/lib/x86_64-linux-gnu/libcrypto.so (found version "1.1.1f")  
[2.453s] -- Found FastRTPS: /opt/ros/foxy/include  
[2.668s] -- Using all available rosidl_typesupport_cpp: rosidl_typesupport_fastrtps_cpp;rosidl_typesupport_introspection_cpp
[2.812s] -- Found rmw_implementation_cmake: 1.0.3 (/opt/ros/foxy/share/rmw_implementation_cmake/cmake)
[2.814s] -- Using RMW implementation 'rmw_fastrtps_cpp' as default
[2.814s] -- Looking for pthread.h
[3.038s] -- Looking for pthread.h - found
[3.039s] -- Performing Test CMAKE_HAVE_LIBC_PTHREAD
[3.220s] -- Performing Test CMAKE_HAVE_LIBC_PTHREAD - Failed
[3.221s] -- Looking for pthread_create in pthreads
[3.396s] -- Looking for pthread_create in pthreads - not found
[3.397s] -- Looking for pthread_create in pthread
[3.600s] -- Looking for pthread_create in pthread - found
[3.605s] -- Found Threads: TRUE  
[3.972s] -- Found ament_lint_auto: 0.9.6 (/opt/ros/foxy/share/ament_lint_auto/cmake)
[4.167s] -- Added test 'copyright' to check source files copyright and LICENSE
[4.171s] -- Added test 'cppcheck' to perform static code analysis on C / C++ code
[4.171s] -- Configured cppcheck include dirs: 
[4.172s] -- Configured cppcheck exclude dirs and/or files: 
[4.177s] -- Added test 'cpplint' to check C / C++ code against the Google style
[4.177s] -- Configured cpplint exclude dirs and/or files: 
[4.177s] -- Added test 'flake8' to check Python code syntax and style conventions
[4.178s] -- Added test 'lint_cmake' to check CMake code style
[4.178s] -- Added test 'pep257' to check Python code against some of the style conventions in PEP 257
[4.179s] -- Added test 'uncrustify' to check C / C++ code style
[4.179s] -- Configured uncrustify additional arguments: 
[4.181s] -- Added test 'xmllint' to check XML markup files
[4.193s] -- Configuring done
[4.248s] -- Generating done
[4.253s] -- Build files have been written to: /home/ubuntu/gcamp_ros2_ws/build/cpp_first_pkg
[4.266s] Invoked command in '/home/ubuntu/gcamp_ros2_ws/build/cpp_first_pkg' returned '0': CMAKE_PREFIX_PATH=${CMAKE_PREFIX_PATH}:/home/ubuntu/gcamp_ros2_ws/install/py_topic_pkg:/opt/ros/foxy /usr/bin/cmake /home/ubuntu/gcamp_ros2_ws/src/gcamp_ros2_basic/cpp_first_pkg -DAMENT_CMAKE_SYMLINK_INSTALL=1 -DCMAKE_INSTALL_PREFIX=/home/ubuntu/gcamp_ros2_ws/install/cpp_first_pkg
[4.274s] Invoking command in '/home/ubuntu/gcamp_ros2_ws/build/cpp_first_pkg': CMAKE_PREFIX_PATH=${CMAKE_PREFIX_PATH}:/home/ubuntu/gcamp_ros2_ws/install/py_topic_pkg:/opt/ros/foxy /usr/bin/cmake --build /home/ubuntu/gcamp_ros2_ws/build/cpp_first_pkg -- -j12 -l12
[4.369s] [35m[1mScanning dependencies of target simple_without_oop_node[0m
[4.370s] [35m[1mScanning dependencies of target simple_loop_node[0m
[4.370s] [35m[1mScanning dependencies of target simple_oop_node[0m
[4.371s] [35m[1mScanning dependencies of target lifecycle_node[0m
[4.392s] [35m[1mScanning dependencies of target simple_node[0m
[4.477s] [ 10%] [32mBuilding CXX object CMakeFiles/simple_without_oop_node.dir/src/simple_without_oop.cpp.o[0m
[4.480s] [ 20%] [32mBuilding CXX object CMakeFiles/simple_oop_node.dir/src/simple_oop.cpp.o[0m
[4.517s] [ 30%] [32mBuilding CXX object CMakeFiles/lifecycle_node.dir/src/lifecycle.cpp.o[0m
[4.518s] [ 40%] [32mBuilding CXX object CMakeFiles/simple_loop_node.dir/src/simple_loop.cpp.o[0m
[4.533s] [ 50%] [32mBuilding CXX object CMakeFiles/simple_node.dir/src/simple.cpp.o[0m
[10.682s] [ 60%] [32m[1mLinking CXX executable simple_loop_node[0m
[11.379s] [ 60%] Built target simple_loop_node
[12.959s] [ 70%] [32m[1mLinking CXX executable simple_without_oop_node[0m
[13.383s] [ 80%] [32m[1mLinking CXX executable simple_node[0m
[13.582s] [ 80%] Built target simple_without_oop_node
[13.765s] [ 90%] [32m[1mLinking CXX executable simple_oop_node[0m
[13.809s] [100%] [32m[1mLinking CXX executable lifecycle_node[0m
[14.255s] [100%] Built target simple_node
[14.457s] [100%] Built target simple_oop_node
[14.537s] [100%] Built target lifecycle_node
[14.604s] Invoked command in '/home/ubuntu/gcamp_ros2_ws/build/cpp_first_pkg' returned '0': CMAKE_PREFIX_PATH=${CMAKE_PREFIX_PATH}:/home/ubuntu/gcamp_ros2_ws/install/py_topic_pkg:/opt/ros/foxy /usr/bin/cmake --build /home/ubuntu/gcamp_ros2_ws/build/cpp_first_pkg -- -j12 -l12
[14.785s] Invoking command in '/home/ubuntu/gcamp_ros2_ws/build/cpp_first_pkg': CMAKE_PREFIX_PATH=${CMAKE_PREFIX_PATH}:/home/ubuntu/gcamp_ros2_ws/install/py_topic_pkg:/opt/ros/foxy /usr/bin/cmake --install /home/ubuntu/gcamp_ros2_ws/build/cpp_first_pkg
[14.844s] -- Install configuration: ""
[14.845s] -- Execute custom install script
[14.847s] -- Symlinking: /home/ubuntu/gcamp_ros2_ws/install/cpp_first_pkg/lib/cpp_first_pkg/lifecycle_node
[14.912s] -- Symlinking: /home/ubuntu/gcamp_ros2_ws/install/cpp_first_pkg/lib/cpp_first_pkg/simple_loop_node
[14.964s] -- Symlinking: /home/ubuntu/gcamp_ros2_ws/install/cpp_first_pkg/lib/cpp_first_pkg/simple_oop_node
[15.018s] -- Symlinking: /home/ubuntu/gcamp_ros2_ws/install/cpp_first_pkg/lib/cpp_first_pkg/simple_without_oop_node
[15.069s] -- Symlinking: /home/ubuntu/gcamp_ros2_ws/install/cpp_first_pkg/lib/cpp_first_pkg/simple_node
[15.122s] -- Symlinking: /home/ubuntu/gcamp_ros2_ws/install/cpp_first_pkg/share/ament_index/resource_index/package_run_dependencies/cpp_first_pkg
[15.184s] -- Symlinking: /home/ubuntu/gcamp_ros2_ws/install/cpp_first_pkg/share/ament_index/resource_index/parent_prefix_path/cpp_first_pkg
[15.241s] -- Symlinking: /home/ubuntu/gcamp_ros2_ws/install/cpp_first_pkg/share/cpp_first_pkg/environment/ament_prefix_path.sh
[15.296s] -- Symlinking: /home/ubuntu/gcamp_ros2_ws/install/cpp_first_pkg/share/cpp_first_pkg/environment/ament_prefix_path.dsv
[15.370s] -- Symlinking: /home/ubuntu/gcamp_ros2_ws/install/cpp_first_pkg/share/cpp_first_pkg/environment/path.sh
[15.395s] -- Symlinking: /home/ubuntu/gcamp_ros2_ws/install/cpp_first_pkg/share/cpp_first_pkg/environment/path.dsv
[15.425s] -- Symlinking: /home/ubuntu/gcamp_ros2_ws/install/cpp_first_pkg/share/cpp_first_pkg/local_setup.bash
[15.453s] -- Symlinking: /home/ubuntu/gcamp_ros2_ws/install/cpp_first_pkg/share/cpp_first_pkg/local_setup.sh
[15.477s] -- Symlinking: /home/ubuntu/gcamp_ros2_ws/install/cpp_first_pkg/share/cpp_first_pkg/local_setup.zsh
[15.503s] -- Symlinking: /home/ubuntu/gcamp_ros2_ws/install/cpp_first_pkg/share/cpp_first_pkg/local_setup.dsv
[15.527s] -- Symlinking: /home/ubuntu/gcamp_ros2_ws/install/cpp_first_pkg/share/cpp_first_pkg/package.dsv
[15.557s] -- Symlinking: /home/ubuntu/gcamp_ros2_ws/install/cpp_first_pkg/share/ament_index/resource_index/packages/cpp_first_pkg
[15.584s] -- Symlinking: /home/ubuntu/gcamp_ros2_ws/install/cpp_first_pkg/share/cpp_first_pkg/cmake/cpp_first_pkgConfig.cmake
[15.615s] -- Symlinking: /home/ubuntu/gcamp_ros2_ws/install/cpp_first_pkg/share/cpp_first_pkg/cmake/cpp_first_pkgConfig-version.cmake
[15.644s] -- Symlinking: /home/ubuntu/gcamp_ros2_ws/install/cpp_first_pkg/share/cpp_first_pkg/package.xml
[15.668s] -- Symlinking: /home/ubuntu/gcamp_ros2_ws/install/cpp_first_pkg/share/cpp_first_pkg//launch/simple_node.launch.py
[15.701s] Invoked command in '/home/ubuntu/gcamp_ros2_ws/build/cpp_first_pkg' returned '0': CMAKE_PREFIX_PATH=${CMAKE_PREFIX_PATH}:/home/ubuntu/gcamp_ros2_ws/install/py_topic_pkg:/opt/ros/foxy /usr/bin/cmake --install /home/ubuntu/gcamp_ros2_ws/build/cpp_first_pkg
