[0.089s] Invoking command in '/home/ubuntu/gcamp_ros2_ws/build/custom_interfaces': CMAKE_PREFIX_PATH=${CMAKE_PREFIX_PATH}:/home/ubuntu/gcamp_ros2_ws/install/py_topic_pkg:/opt/ros/foxy /usr/bin/cmake --build /home/ubuntu/gcamp_ros2_ws/build/custom_interfaces -- -j12 -l12
[1.321s] [  1%] Built target custom_interfaces__cpp
[1.322s] [ 12%] Built target custom_interfaces__rosidl_generator_c
[1.323s] [ 23%] Built target custom_interfaces__rosidl_typesupport_cpp
[1.324s] [ 34%] Built target custom_interfaces__rosidl_typesupport_c
[1.324s] [ 46%] Built target custom_interfaces__rosidl_typesupport_introspection_cpp
[1.325s] [ 57%] Built target custom_interfaces__rosidl_typesupport_introspection_c
[1.328s] [ 68%] Built target custom_interfaces__rosidl_typesupport_fastrtps_cpp
[1.329s] [ 79%] Built target custom_interfaces__rosidl_typesupport_fastrtps_c
[1.329s] [ 79%] Built target custom_interfaces
[1.329s] [ 80%] Built target custom_interfaces__py
[1.330s] [ 90%] Built target custom_interfaces__python
[1.330s] [ 93%] Built target custom_interfaces__rosidl_typesupport_introspection_c__pyext
[1.331s] [100%] Built target custom_interfaces__rosidl_typesupport_fastrtps_c__pyext
[1.331s] [100%] Built target custom_interfaces__rosidl_typesupport_c__pyext
[1.413s] Invoked command in '/home/ubuntu/gcamp_ros2_ws/build/custom_interfaces' returned '0': CMAKE_PREFIX_PATH=${CMAKE_PREFIX_PATH}:/home/ubuntu/gcamp_ros2_ws/install/py_topic_pkg:/opt/ros/foxy /usr/bin/cmake --build /home/ubuntu/gcamp_ros2_ws/build/custom_interfaces -- -j12 -l12
[1.985s] Invoking command in '/home/ubuntu/gcamp_ros2_ws/build/custom_interfaces': CMAKE_PREFIX_PATH=${CMAKE_PREFIX_PATH}:/home/ubuntu/gcamp_ros2_ws/install/py_topic_pkg:/opt/ros/foxy /usr/bin/cmake --install /home/ubuntu/gcamp_ros2_ws/build/custom_interfaces
[2.004s] -- Install configuration: ""
[2.005s] -- Execute custom install script
[2.006s] -- Up-to-date symlink: /home/ubuntu/gcamp_ros2_ws/install/custom_interfaces/share/ament_index/resource_index/rosidl_interfaces/custom_interfaces
[2.010s] -- Up-to-date symlink: /home/ubuntu/gcamp_ros2_ws/install/custom_interfaces/include/custom_interfaces/action/detail/fibonacci__functions.h
[2.011s] -- Up-to-date symlink: /home/ubuntu/gcamp_ros2_ws/install/custom_interfaces/include/custom_interfaces/action/detail/fibonacci__struct.h
[2.011s] -- Up-to-date symlink: /home/ubuntu/gcamp_ros2_ws/install/custom_interfaces/include/custom_interfaces/action/detail/fibonacci__type_support.h
[2.012s] -- Up-to-date symlink: /home/ubuntu/gcamp_ros2_ws/install/custom_interfaces/include/custom_interfaces/action/detail/maze__functions.h
[2.012s] -- Up-to-date symlink: /home/ubuntu/gcamp_ros2_ws/install/custom_interfaces/include/custom_interfaces/action/detail/maze__struct.h
[2.013s] -- Up-to-date symlink: /home/ubuntu/gcamp_ros2_ws/install/custom_interfaces/include/custom_interfaces/action/detail/maze__type_support.h
[2.013s] -- Up-to-date symlink: /home/ubuntu/gcamp_ros2_ws/install/custom_interfaces/include/custom_interfaces/action/fibonacci.h
[2.014s] -- Up-to-date symlink: /home/ubuntu/gcamp_ros2_ws/install/custom_interfaces/include/custom_interfaces/action/maze.h
[2.014s] -- Up-to-date symlink: /home/ubuntu/gcamp_ros2_ws/install/custom_interfaces/include/custom_interfaces/msg/detail/num__functions.h
[2.015s] -- Up-to-date symlink: /home/ubuntu/gcamp_ros2_ws/install/custom_interfaces/include/custom_interfaces/msg/detail/num__struct.h
[2.015s] -- Up-to-date symlink: /home/ubuntu/gcamp_ros2_ws/install/custom_interfaces/include/custom_interfaces/msg/detail/num__type_support.h
[2.016s] -- Up-to-date symlink: /home/ubuntu/gcamp_ros2_ws/install/custom_interfaces/include/custom_interfaces/msg/num.h
[2.017s] -- Up-to-date symlink: /home/ubuntu/gcamp_ros2_ws/install/custom_interfaces/include/custom_interfaces/msg/rosidl_generator_c__visibility_control.h
[2.018s] -- Up-to-date symlink: /home/ubuntu/gcamp_ros2_ws/install/custom_interfaces/include/custom_interfaces/srv/add_three_ints.h
[2.018s] -- Up-to-date symlink: /home/ubuntu/gcamp_ros2_ws/install/custom_interfaces/include/custom_interfaces/srv/detail/add_three_ints__functions.h
[2.018s] -- Up-to-date symlink: /home/ubuntu/gcamp_ros2_ws/install/custom_interfaces/include/custom_interfaces/srv/detail/add_three_ints__struct.h
[2.021s] -- Up-to-date symlink: /home/ubuntu/gcamp_ros2_ws/install/custom_interfaces/include/custom_interfaces/srv/detail/add_three_ints__type_support.h
[2.022s] -- Up-to-date symlink: /home/ubuntu/gcamp_ros2_ws/install/custom_interfaces/include/custom_interfaces/srv/detail/turning_control__functions.h
[2.022s] -- Up-to-date symlink: /home/ubuntu/gcamp_ros2_ws/install/custom_interfaces/include/custom_interfaces/srv/detail/turning_control__struct.h
[2.022s] -- Up-to-date symlink: /home/ubuntu/gcamp_ros2_ws/install/custom_interfaces/include/custom_interfaces/srv/detail/turning_control__type_support.h
[2.023s] -- Up-to-date symlink: /home/ubuntu/gcamp_ros2_ws/install/custom_interfaces/include/custom_interfaces/srv/turning_control.h
[2.023s] -- Up-to-date symlink: /home/ubuntu/gcamp_ros2_ws/install/custom_interfaces/share/custom_interfaces/environment/library_path.sh
[2.023s] -- Up-to-date symlink: /home/ubuntu/gcamp_ros2_ws/install/custom_interfaces/share/custom_interfaces/environment/library_path.dsv
[2.024s] -- Up-to-date symlink: /home/ubuntu/gcamp_ros2_ws/install/custom_interfaces/include/custom_interfaces/action/detail/fibonacci__rosidl_typesupport_fastrtps_c.h
[2.025s] -- Up-to-date symlink: /home/ubuntu/gcamp_ros2_ws/install/custom_interfaces/include/custom_interfaces/action/detail/maze__rosidl_typesupport_fastrtps_c.h
[2.026s] -- Up-to-date symlink: /home/ubuntu/gcamp_ros2_ws/install/custom_interfaces/include/custom_interfaces/msg/detail/num__rosidl_typesupport_fastrtps_c.h
[2.026s] -- Up-to-date symlink: /home/ubuntu/gcamp_ros2_ws/install/custom_interfaces/include/custom_interfaces/msg/rosidl_typesupport_fastrtps_c__visibility_control.h
[2.027s] -- Up-to-date symlink: /home/ubuntu/gcamp_ros2_ws/install/custom_interfaces/include/custom_interfaces/srv/detail/add_three_ints__rosidl_typesupport_fastrtps_c.h
[2.028s] -- Up-to-date symlink: /home/ubuntu/gcamp_ros2_ws/install/custom_interfaces/include/custom_interfaces/srv/detail/turning_control__rosidl_typesupport_fastrtps_c.h
[2.028s] -- Up-to-date symlink: /home/ubuntu/gcamp_ros2_ws/install/custom_interfaces/lib/libcustom_interfaces__rosidl_typesupport_fastrtps_c.so
[2.029s] -- Up-to-date symlink: /home/ubuntu/gcamp_ros2_ws/install/custom_interfaces/include/custom_interfaces/action/detail/fibonacci__rosidl_typesupport_fastrtps_cpp.hpp
[2.030s] -- Up-to-date symlink: /home/ubuntu/gcamp_ros2_ws/install/custom_interfaces/include/custom_interfaces/action/detail/maze__rosidl_typesupport_fastrtps_cpp.hpp
[2.030s] -- Up-to-date symlink: /home/ubuntu/gcamp_ros2_ws/install/custom_interfaces/include/custom_interfaces/msg/detail/num__rosidl_typesupport_fastrtps_cpp.hpp
[2.031s] -- Up-to-date symlink: /home/ubuntu/gcamp_ros2_ws/install/custom_interfaces/include/custom_interfaces/msg/rosidl_typesupport_fastrtps_cpp__visibility_control.h
[2.031s] -- Up-to-date symlink: /home/ubuntu/gcamp_ros2_ws/install/custom_interfaces/include/custom_interfaces/srv/detail/add_three_ints__rosidl_typesupport_fastrtps_cpp.hpp
[2.032s] -- Up-to-date symlink: /home/ubuntu/gcamp_ros2_ws/install/custom_interfaces/include/custom_interfaces/srv/detail/turning_control__rosidl_typesupport_fastrtps_cpp.hpp
[2.032s] -- Up-to-date symlink: /home/ubuntu/gcamp_ros2_ws/install/custom_interfaces/lib/libcustom_interfaces__rosidl_typesupport_fastrtps_cpp.so
[2.033s] -- Up-to-date symlink: /home/ubuntu/gcamp_ros2_ws/install/custom_interfaces/include/custom_interfaces/action/detail/fibonacci__rosidl_typesupport_introspection_c.h
[2.034s] -- Up-to-date symlink: /home/ubuntu/gcamp_ros2_ws/install/custom_interfaces/include/custom_interfaces/action/detail/maze__rosidl_typesupport_introspection_c.h
[2.034s] -- Up-to-date symlink: /home/ubuntu/gcamp_ros2_ws/install/custom_interfaces/include/custom_interfaces/msg/detail/num__rosidl_typesupport_introspection_c.h
[2.035s] -- Up-to-date symlink: /home/ubuntu/gcamp_ros2_ws/install/custom_interfaces/include/custom_interfaces/msg/rosidl_typesupport_introspection_c__visibility_control.h
[2.036s] -- Up-to-date symlink: /home/ubuntu/gcamp_ros2_ws/install/custom_interfaces/include/custom_interfaces/srv/detail/add_three_ints__rosidl_typesupport_introspection_c.h
[2.037s] -- Up-to-date symlink: /home/ubuntu/gcamp_ros2_ws/install/custom_interfaces/include/custom_interfaces/srv/detail/turning_control__rosidl_typesupport_introspection_c.h
[2.037s] -- Up-to-date symlink: /home/ubuntu/gcamp_ros2_ws/install/custom_interfaces/include/custom_interfaces/action/detail/fibonacci__builder.hpp
[2.038s] -- Up-to-date symlink: /home/ubuntu/gcamp_ros2_ws/install/custom_interfaces/include/custom_interfaces/action/detail/fibonacci__struct.hpp
[2.038s] -- Up-to-date symlink: /home/ubuntu/gcamp_ros2_ws/install/custom_interfaces/include/custom_interfaces/action/detail/fibonacci__traits.hpp
[2.039s] -- Up-to-date symlink: /home/ubuntu/gcamp_ros2_ws/install/custom_interfaces/include/custom_interfaces/action/detail/maze__builder.hpp
[2.039s] -- Up-to-date symlink: /home/ubuntu/gcamp_ros2_ws/install/custom_interfaces/include/custom_interfaces/action/detail/maze__struct.hpp
[2.039s] -- Up-to-date symlink: /home/ubuntu/gcamp_ros2_ws/install/custom_interfaces/include/custom_interfaces/action/detail/maze__traits.hpp
[2.040s] -- Up-to-date symlink: /home/ubuntu/gcamp_ros2_ws/install/custom_interfaces/include/custom_interfaces/action/fibonacci.hpp
[2.040s] -- Up-to-date symlink: /home/ubuntu/gcamp_ros2_ws/install/custom_interfaces/include/custom_interfaces/action/maze.hpp
[2.040s] -- Up-to-date symlink: /home/ubuntu/gcamp_ros2_ws/install/custom_interfaces/include/custom_interfaces/msg/detail/num__builder.hpp
[2.041s] -- Up-to-date symlink: /home/ubuntu/gcamp_ros2_ws/install/custom_interfaces/include/custom_interfaces/msg/detail/num__struct.hpp
[2.041s] -- Up-to-date symlink: /home/ubuntu/gcamp_ros2_ws/install/custom_interfaces/include/custom_interfaces/msg/detail/num__traits.hpp
[2.042s] -- Up-to-date symlink: /home/ubuntu/gcamp_ros2_ws/install/custom_interfaces/include/custom_interfaces/msg/num.hpp
[2.043s] -- Up-to-date symlink: /home/ubuntu/gcamp_ros2_ws/install/custom_interfaces/include/custom_interfaces/srv/add_three_ints.hpp
[2.043s] -- Up-to-date symlink: /home/ubuntu/gcamp_ros2_ws/install/custom_interfaces/include/custom_interfaces/srv/detail/add_three_ints__builder.hpp
[2.043s] -- Up-to-date symlink: /home/ubuntu/gcamp_ros2_ws/install/custom_interfaces/include/custom_interfaces/srv/detail/add_three_ints__struct.hpp
[2.043s] -- Up-to-date symlink: /home/ubuntu/gcamp_ros2_ws/install/custom_interfaces/include/custom_interfaces/srv/detail/add_three_ints__traits.hpp
[2.046s] -- Up-to-date symlink: /home/ubuntu/gcamp_ros2_ws/install/custom_interfaces/include/custom_interfaces/srv/detail/turning_control__builder.hpp
[2.047s] -- Up-to-date symlink: /home/ubuntu/gcamp_ros2_ws/install/custom_interfaces/include/custom_interfaces/srv/detail/turning_control__struct.hpp
[2.047s] -- Up-to-date symlink: /home/ubuntu/gcamp_ros2_ws/install/custom_interfaces/include/custom_interfaces/srv/detail/turning_control__traits.hpp
[2.047s] -- Up-to-date symlink: /home/ubuntu/gcamp_ros2_ws/install/custom_interfaces/include/custom_interfaces/srv/turning_control.hpp
[2.047s] -- Up-to-date symlink: /home/ubuntu/gcamp_ros2_ws/install/custom_interfaces/include/custom_interfaces/action/detail/fibonacci__rosidl_typesupport_introspection_cpp.hpp
[2.048s] -- Up-to-date symlink: /home/ubuntu/gcamp_ros2_ws/install/custom_interfaces/include/custom_interfaces/action/detail/maze__rosidl_typesupport_introspection_cpp.hpp
[2.048s] -- Up-to-date symlink: /home/ubuntu/gcamp_ros2_ws/install/custom_interfaces/include/custom_interfaces/msg/detail/num__rosidl_typesupport_introspection_cpp.hpp
[2.049s] -- Up-to-date symlink: /home/ubuntu/gcamp_ros2_ws/install/custom_interfaces/include/custom_interfaces/srv/detail/add_three_ints__rosidl_typesupport_introspection_cpp.hpp
[2.049s] -- Up-to-date symlink: /home/ubuntu/gcamp_ros2_ws/install/custom_interfaces/include/custom_interfaces/srv/detail/turning_control__rosidl_typesupport_introspection_cpp.hpp
[2.050s] -- Up-to-date symlink: /home/ubuntu/gcamp_ros2_ws/install/custom_interfaces/share/custom_interfaces/environment/pythonpath.sh
[2.050s] -- Up-to-date symlink: /home/ubuntu/gcamp_ros2_ws/install/custom_interfaces/share/custom_interfaces/environment/pythonpath.dsv
[2.051s] -- Up-to-date symlink: /home/ubuntu/gcamp_ros2_ws/install/custom_interfaces/lib/python3.8/site-packages/custom_interfaces/__init__.py
[2.052s] -- Up-to-date symlink: /home/ubuntu/gcamp_ros2_ws/install/custom_interfaces/lib/python3.8/site-packages/custom_interfaces/msg/__init__.py
[2.052s] -- Up-to-date symlink: /home/ubuntu/gcamp_ros2_ws/install/custom_interfaces/lib/python3.8/site-packages/custom_interfaces/msg/_num.py
[2.053s] -- Up-to-date symlink: /home/ubuntu/gcamp_ros2_ws/install/custom_interfaces/lib/python3.8/site-packages/custom_interfaces/srv/__init__.py
[2.054s] -- Up-to-date symlink: /home/ubuntu/gcamp_ros2_ws/install/custom_interfaces/lib/python3.8/site-packages/custom_interfaces/srv/_add_three_ints.py
[2.054s] -- Up-to-date symlink: /home/ubuntu/gcamp_ros2_ws/install/custom_interfaces/lib/python3.8/site-packages/custom_interfaces/srv/_turning_control.py
[2.056s] -- Up-to-date symlink: /home/ubuntu/gcamp_ros2_ws/install/custom_interfaces/lib/python3.8/site-packages/custom_interfaces/action/__init__.py
[2.057s] -- Up-to-date symlink: /home/ubuntu/gcamp_ros2_ws/install/custom_interfaces/lib/python3.8/site-packages/custom_interfaces/action/_fibonacci.py
[2.057s] -- Up-to-date symlink: /home/ubuntu/gcamp_ros2_ws/install/custom_interfaces/lib/python3.8/site-packages/custom_interfaces/action/_maze.py
[2.058s] -- Up-to-date symlink: /home/ubuntu/gcamp_ros2_ws/install/custom_interfaces/lib/python3.8/site-packages/custom_interfaces/custom_interfaces_s__rosidl_typesupport_fastrtps_c.cpython-38-x86_64-linux-gnu.so
[2.059s] -- Up-to-date symlink: /home/ubuntu/gcamp_ros2_ws/install/custom_interfaces/lib/python3.8/site-packages/custom_interfaces/custom_interfaces_s__rosidl_typesupport_introspection_c.cpython-38-x86_64-linux-gnu.so
[2.060s] -- Up-to-date symlink: /home/ubuntu/gcamp_ros2_ws/install/custom_interfaces/lib/python3.8/site-packages/custom_interfaces/custom_interfaces_s__rosidl_typesupport_c.cpython-38-x86_64-linux-gnu.so
[2.061s] -- Up-to-date symlink: /home/ubuntu/gcamp_ros2_ws/install/custom_interfaces/lib/libcustom_interfaces__python.so
[2.062s] -- Up-to-date symlink: /home/ubuntu/gcamp_ros2_ws/install/custom_interfaces/share/custom_interfaces/msg/Num.idl
[2.063s] -- Up-to-date symlink: /home/ubuntu/gcamp_ros2_ws/install/custom_interfaces/share/custom_interfaces/srv/AddThreeInts.idl
[2.063s] -- Up-to-date symlink: /home/ubuntu/gcamp_ros2_ws/install/custom_interfaces/share/custom_interfaces/srv/TurningControl.idl
[2.064s] -- Up-to-date symlink: /home/ubuntu/gcamp_ros2_ws/install/custom_interfaces/share/custom_interfaces/action/Fibonacci.idl
[2.065s] -- Up-to-date symlink: /home/ubuntu/gcamp_ros2_ws/install/custom_interfaces/share/custom_interfaces/action/Maze.idl
[2.066s] -- Up-to-date symlink: /home/ubuntu/gcamp_ros2_ws/install/custom_interfaces/share/custom_interfaces/msg/Num.msg
[2.067s] -- Up-to-date symlink: /home/ubuntu/gcamp_ros2_ws/install/custom_interfaces/share/custom_interfaces/srv/AddThreeInts.srv
[2.067s] -- Up-to-date symlink: /home/ubuntu/gcamp_ros2_ws/install/custom_interfaces/share/custom_interfaces/srv/AddThreeInts_Request.msg
[2.068s] -- Up-to-date symlink: /home/ubuntu/gcamp_ros2_ws/install/custom_interfaces/share/custom_interfaces/srv/AddThreeInts_Response.msg
[2.069s] -- Up-to-date symlink: /home/ubuntu/gcamp_ros2_ws/install/custom_interfaces/share/custom_interfaces/srv/TurningControl.srv
[2.069s] -- Up-to-date symlink: /home/ubuntu/gcamp_ros2_ws/install/custom_interfaces/share/custom_interfaces/srv/TurningControl_Request.msg
[2.070s] -- Up-to-date symlink: /home/ubuntu/gcamp_ros2_ws/install/custom_interfaces/share/custom_interfaces/srv/TurningControl_Response.msg
[2.071s] -- Up-to-date symlink: /home/ubuntu/gcamp_ros2_ws/install/custom_interfaces/share/custom_interfaces/action/Fibonacci.action
[2.072s] -- Up-to-date symlink: /home/ubuntu/gcamp_ros2_ws/install/custom_interfaces/share/custom_interfaces/action/Maze.action
[2.072s] -- Up-to-date symlink: /home/ubuntu/gcamp_ros2_ws/install/custom_interfaces/share/ament_index/resource_index/package_run_dependencies/custom_interfaces
[2.073s] -- Up-to-date symlink: /home/ubuntu/gcamp_ros2_ws/install/custom_interfaces/share/ament_index/resource_index/parent_prefix_path/custom_interfaces
[2.073s] -- Up-to-date symlink: /home/ubuntu/gcamp_ros2_ws/install/custom_interfaces/share/custom_interfaces/environment/ament_prefix_path.sh
[2.074s] -- Up-to-date symlink: /home/ubuntu/gcamp_ros2_ws/install/custom_interfaces/share/custom_interfaces/environment/ament_prefix_path.dsv
[2.075s] -- Up-to-date symlink: /home/ubuntu/gcamp_ros2_ws/install/custom_interfaces/share/custom_interfaces/environment/path.sh
[2.075s] -- Up-to-date symlink: /home/ubuntu/gcamp_ros2_ws/install/custom_interfaces/share/custom_interfaces/environment/path.dsv
[2.076s] -- Up-to-date symlink: /home/ubuntu/gcamp_ros2_ws/install/custom_interfaces/share/custom_interfaces/local_setup.bash
[2.076s] -- Up-to-date symlink: /home/ubuntu/gcamp_ros2_ws/install/custom_interfaces/share/custom_interfaces/local_setup.sh
[2.077s] -- Up-to-date symlink: /home/ubuntu/gcamp_ros2_ws/install/custom_interfaces/share/custom_interfaces/local_setup.zsh
[2.078s] -- Up-to-date symlink: /home/ubuntu/gcamp_ros2_ws/install/custom_interfaces/share/custom_interfaces/local_setup.dsv
[2.078s] -- Symlinking: /home/ubuntu/gcamp_ros2_ws/install/custom_interfaces/share/custom_interfaces/package.dsv
[2.097s] -- Up-to-date symlink: /home/ubuntu/gcamp_ros2_ws/install/custom_interfaces/share/ament_index/resource_index/packages/custom_interfaces
[2.098s] -- Up-to-date symlink: /home/ubuntu/gcamp_ros2_ws/install/custom_interfaces/share/custom_interfaces/cmake/rosidl_cmake-extras.cmake
[2.098s] -- Up-to-date symlink: /home/ubuntu/gcamp_ros2_ws/install/custom_interfaces/share/custom_interfaces/cmake/ament_cmake_export_dependencies-extras.cmake
[2.099s] -- Up-to-date symlink: /home/ubuntu/gcamp_ros2_ws/install/custom_interfaces/share/custom_interfaces/cmake/ament_cmake_export_libraries-extras.cmake
[2.099s] -- Up-to-date symlink: /home/ubuntu/gcamp_ros2_ws/install/custom_interfaces/share/custom_interfaces/cmake/ament_cmake_export_targets-extras.cmake
[2.100s] -- Up-to-date symlink: /home/ubuntu/gcamp_ros2_ws/install/custom_interfaces/share/custom_interfaces/cmake/ament_cmake_export_include_directories-extras.cmake
[2.101s] -- Up-to-date symlink: /home/ubuntu/gcamp_ros2_ws/install/custom_interfaces/share/custom_interfaces/cmake/rosidl_cmake_export_typesupport_libraries-extras.cmake
[2.101s] -- Up-to-date symlink: /home/ubuntu/gcamp_ros2_ws/install/custom_interfaces/share/custom_interfaces/cmake/rosidl_cmake_export_typesupport_targets-extras.cmake
[2.103s] -- Up-to-date symlink: /home/ubuntu/gcamp_ros2_ws/install/custom_interfaces/share/custom_interfaces/cmake/custom_interfacesConfig.cmake
[2.104s] -- Up-to-date symlink: /home/ubuntu/gcamp_ros2_ws/install/custom_interfaces/share/custom_interfaces/cmake/custom_interfacesConfig-version.cmake
[2.105s] -- Up-to-date symlink: /home/ubuntu/gcamp_ros2_ws/install/custom_interfaces/share/custom_interfaces/package.xml
[2.105s] -- Up-to-date: /home/ubuntu/gcamp_ros2_ws/install/custom_interfaces/lib/libcustom_interfaces__rosidl_generator_c.so
[2.107s] -- Up-to-date: /home/ubuntu/gcamp_ros2_ws/install/custom_interfaces/lib/libcustom_interfaces__rosidl_typesupport_introspection_c.so
[2.108s] -- Up-to-date: /home/ubuntu/gcamp_ros2_ws/install/custom_interfaces/lib/libcustom_interfaces__rosidl_typesupport_c.so
[2.109s] -- Up-to-date: /home/ubuntu/gcamp_ros2_ws/install/custom_interfaces/lib/libcustom_interfaces__rosidl_typesupport_introspection_cpp.so
[2.110s] -- Up-to-date: /home/ubuntu/gcamp_ros2_ws/install/custom_interfaces/lib/libcustom_interfaces__rosidl_typesupport_cpp.so
[2.216s] -- Up-to-date: /home/ubuntu/gcamp_ros2_ws/install/custom_interfaces/share/custom_interfaces/cmake/custom_interfaces__rosidl_generator_cExport.cmake
[2.217s] -- Up-to-date: /home/ubuntu/gcamp_ros2_ws/install/custom_interfaces/share/custom_interfaces/cmake/custom_interfaces__rosidl_generator_cExport-noconfig.cmake
[2.217s] -- Up-to-date: /home/ubuntu/gcamp_ros2_ws/install/custom_interfaces/share/custom_interfaces/cmake/custom_interfaces__rosidl_typesupport_introspection_cExport.cmake
[2.218s] -- Up-to-date: /home/ubuntu/gcamp_ros2_ws/install/custom_interfaces/share/custom_interfaces/cmake/custom_interfaces__rosidl_typesupport_introspection_cExport-noconfig.cmake
[2.218s] -- Up-to-date: /home/ubuntu/gcamp_ros2_ws/install/custom_interfaces/share/custom_interfaces/cmake/custom_interfaces__rosidl_typesupport_cExport.cmake
[2.218s] -- Up-to-date: /home/ubuntu/gcamp_ros2_ws/install/custom_interfaces/share/custom_interfaces/cmake/custom_interfaces__rosidl_typesupport_cExport-noconfig.cmake
[2.220s] -- Up-to-date: /home/ubuntu/gcamp_ros2_ws/install/custom_interfaces/share/custom_interfaces/cmake/custom_interfaces__rosidl_generator_cppExport.cmake
[2.220s] -- Up-to-date: /home/ubuntu/gcamp_ros2_ws/install/custom_interfaces/share/custom_interfaces/cmake/custom_interfaces__rosidl_typesupport_introspection_cppExport.cmake
[2.220s] -- Up-to-date: /home/ubuntu/gcamp_ros2_ws/install/custom_interfaces/share/custom_interfaces/cmake/custom_interfaces__rosidl_typesupport_introspection_cppExport-noconfig.cmake
[2.220s] -- Up-to-date: /home/ubuntu/gcamp_ros2_ws/install/custom_interfaces/share/custom_interfaces/cmake/custom_interfaces__rosidl_typesupport_cppExport.cmake
[2.221s] -- Up-to-date: /home/ubuntu/gcamp_ros2_ws/install/custom_interfaces/share/custom_interfaces/cmake/custom_interfaces__rosidl_typesupport_cppExport-noconfig.cmake
[2.225s] Invoked command in '/home/ubuntu/gcamp_ros2_ws/build/custom_interfaces' returned '0': CMAKE_PREFIX_PATH=${CMAKE_PREFIX_PATH}:/home/ubuntu/gcamp_ros2_ws/install/py_topic_pkg:/opt/ros/foxy /usr/bin/cmake --install /home/ubuntu/gcamp_ros2_ws/build/custom_interfaces
