[0.075s] Invoking command in '/home/ubuntu/gcamp_ros2_ws/build/cpp_service_tutorial': CMAKE_PREFIX_PATH=${CMAKE_PREFIX_PATH}:/home/ubuntu/gcamp_ros2_ws/install/py_topic_pkg:/opt/ros/foxy /usr/bin/cmake /home/ubuntu/gcamp_ros2_ws/src/gcamp_ros2_basic/cpp_service_tutorial -DAMENT_CMAKE_SYMLINK_INSTALL=1 -DCMAKE_INSTALL_PREFIX=/home/ubuntu/gcamp_ros2_ws/install/cpp_service_tutorial
[1.332s] -- The C compiler identification is GNU 9.4.0
[1.333s] -- The CXX compiler identification is GNU 9.4.0
[1.334s] -- Check for working C compiler: /usr/bin/cc
[1.334s] -- Check for working C compiler: /usr/bin/cc -- works
[1.334s] -- Detecting C compiler ABI info
[1.334s] -- Detecting C compiler ABI info - done
[1.334s] -- Detecting C compile features
[1.335s] -- Detecting C compile features - done
[1.335s] -- Check for working CXX compiler: /usr/bin/c++
[1.335s] -- Check for working CXX compiler: /usr/bin/c++ -- works
[1.335s] -- Detecting CXX compiler ABI info
[1.336s] -- Detecting CXX compiler ABI info - done
[1.336s] -- Detecting CXX compile features
[1.336s] -- Detecting CXX compile features - done
[1.336s] -- Found ament_cmake: 0.9.9 (/opt/ros/foxy/share/ament_cmake/cmake)
[1.337s] -- Found PythonInterp: /usr/bin/python3 (found suitable version "3.8.10", minimum required is "3") 
[1.337s] -- Using PYTHON_EXECUTABLE: /usr/bin/python3
[1.840s] -- Override CMake install command with custom implementation using symlinks instead of copying resources
[1.912s] -- Found std_msgs: 2.0.5 (/opt/ros/foxy/share/std_msgs/cmake)
[1.987s] -- Using all available rosidl_typesupport_c: rosidl_typesupport_fastrtps_c;rosidl_typesupport_introspection_c
[2.008s] -- Found rosidl_adapter: 1.2.1 (/opt/ros/foxy/share/rosidl_adapter/cmake)
[2.270s] -- Found OpenSSL: /usr/lib/x86_64-linux-gnu/libcrypto.so (found version "1.1.1f")  
[2.367s] -- Found FastRTPS: /opt/ros/foxy/include  
[2.586s] -- Using all available rosidl_typesupport_cpp: rosidl_typesupport_fastrtps_cpp;rosidl_typesupport_introspection_cpp
[2.711s] -- Found std_srvs: 2.0.5 (/opt/ros/foxy/share/std_srvs/cmake)
[2.737s] -- Found rclcpp: 2.4.1 (/opt/ros/foxy/share/rclcpp/cmake)
[2.865s] -- Found rmw_implementation_cmake: 1.0.3 (/opt/ros/foxy/share/rmw_implementation_cmake/cmake)
[2.866s] -- Using RMW implementation 'rmw_fastrtps_cpp' as default
[2.868s] -- Looking for pthread.h
[3.049s] -- Looking for pthread.h - found
[3.050s] -- Performing Test CMAKE_HAVE_LIBC_PTHREAD
[3.251s] -- Performing Test CMAKE_HAVE_LIBC_PTHREAD - Failed
[3.251s] -- Looking for pthread_create in pthreads
[3.428s] -- Looking for pthread_create in pthreads - not found
[3.429s] -- Looking for pthread_create in pthread
[3.645s] -- Looking for pthread_create in pthread - found
[3.646s] -- Found Threads: TRUE  
[4.035s] -- Found gazebo_msgs: 3.5.3 (/opt/ros/foxy/share/gazebo_msgs/cmake)
[4.790s] -- Found ament_lint_auto: 0.9.6 (/opt/ros/foxy/share/ament_lint_auto/cmake)
[5.129s] -- Added test 'cppcheck' to perform static code analysis on C / C++ code
[5.130s] -- Configured cppcheck include dirs: 
[5.130s] -- Configured cppcheck exclude dirs and/or files: 
[5.134s] -- Added test 'lint_cmake' to check CMake code style
[5.146s] -- Added test 'uncrustify' to check C / C++ code style
[5.146s] -- Configured uncrustify additional arguments: 
[5.147s] -- Added test 'xmllint' to check XML markup files
[5.173s] -- Configuring done
[5.336s] -- Generating done
[5.350s] -- Build files have been written to: /home/ubuntu/gcamp_ros2_ws/build/cpp_service_tutorial
[5.390s] Invoked command in '/home/ubuntu/gcamp_ros2_ws/build/cpp_service_tutorial' returned '0': CMAKE_PREFIX_PATH=${CMAKE_PREFIX_PATH}:/home/ubuntu/gcamp_ros2_ws/install/py_topic_pkg:/opt/ros/foxy /usr/bin/cmake /home/ubuntu/gcamp_ros2_ws/src/gcamp_ros2_basic/cpp_service_tutorial -DAMENT_CMAKE_SYMLINK_INSTALL=1 -DCMAKE_INSTALL_PREFIX=/home/ubuntu/gcamp_ros2_ws/install/cpp_service_tutorial
[5.398s] Invoking command in '/home/ubuntu/gcamp_ros2_ws/build/cpp_service_tutorial': CMAKE_PREFIX_PATH=${CMAKE_PREFIX_PATH}:/home/ubuntu/gcamp_ros2_ws/install/py_topic_pkg:/opt/ros/foxy /usr/bin/cmake --build /home/ubuntu/gcamp_ros2_ws/build/cpp_service_tutorial -- -j12 -l12
[6.718s] [35m[1mScanning dependencies of target srv_client_node[0m
[6.719s] [35m[1mScanning dependencies of target cpp_simple_service_dummy_server_node[0m
[6.719s] [35m[1mScanning dependencies of target srv_server_node[0m
[6.720s] [35m[1mScanning dependencies of target cpp_simple_service_client_node[0m
[6.721s] [ 12%] [32mBuilding CXX object CMakeFiles/srv_client_node.dir/src/srv_client.cpp.o[0m
[6.723s] [ 25%] [32mBuilding CXX object CMakeFiles/srv_server_node.dir/src/srv_server.cpp.o[0m
[6.723s] [ 37%] [32mBuilding CXX object CMakeFiles/cpp_simple_service_dummy_server_node.dir/src/cpp_simple_service_dummy_server.cpp.o[0m
[6.724s] [ 50%] [32mBuilding CXX object CMakeFiles/cpp_simple_service_client_node.dir/src/cpp_simple_service_client.cpp.o[0m
[12.952s] [ 62%] [32m[1mLinking CXX executable cpp_simple_service_dummy_server_node[0m
[13.835s] [ 62%] Built target cpp_simple_service_dummy_server_node
[15.130s] [ 75%] [32m[1mLinking CXX executable srv_server_node[0m
[15.853s] [ 75%] Built target srv_server_node
[17.426s] [ 87%] [32m[1mLinking CXX executable srv_client_node[0m
[17.728s] [100%] [32m[1mLinking CXX executable cpp_simple_service_client_node[0m
[18.044s] [100%] Built target srv_client_node
[18.549s] [100%] Built target cpp_simple_service_client_node
[18.613s] Invoked command in '/home/ubuntu/gcamp_ros2_ws/build/cpp_service_tutorial' returned '0': CMAKE_PREFIX_PATH=${CMAKE_PREFIX_PATH}:/home/ubuntu/gcamp_ros2_ws/install/py_topic_pkg:/opt/ros/foxy /usr/bin/cmake --build /home/ubuntu/gcamp_ros2_ws/build/cpp_service_tutorial -- -j12 -l12
[19.116s] Invoking command in '/home/ubuntu/gcamp_ros2_ws/build/cpp_service_tutorial': CMAKE_PREFIX_PATH=${CMAKE_PREFIX_PATH}:/home/ubuntu/gcamp_ros2_ws/install/py_topic_pkg:/opt/ros/foxy /usr/bin/cmake --install /home/ubuntu/gcamp_ros2_ws/build/cpp_service_tutorial
[19.184s] -- Install configuration: ""
[19.185s] -- Execute custom install script
[19.211s] -- Symlinking: /home/ubuntu/gcamp_ros2_ws/install/cpp_service_tutorial/lib/cpp_service_tutorial/cpp_simple_service_client_node
[19.254s] -- Symlinking: /home/ubuntu/gcamp_ros2_ws/install/cpp_service_tutorial/lib/cpp_service_tutorial/cpp_simple_service_dummy_server_node
[19.311s] -- Symlinking: /home/ubuntu/gcamp_ros2_ws/install/cpp_service_tutorial/lib/cpp_service_tutorial/srv_server_node
[19.379s] -- Symlinking: /home/ubuntu/gcamp_ros2_ws/install/cpp_service_tutorial/lib/cpp_service_tutorial/srv_client_node
[19.433s] -- Symlinking: /home/ubuntu/gcamp_ros2_ws/install/cpp_service_tutorial/share/ament_index/resource_index/package_run_dependencies/cpp_service_tutorial
[19.480s] -- Symlinking: /home/ubuntu/gcamp_ros2_ws/install/cpp_service_tutorial/share/ament_index/resource_index/parent_prefix_path/cpp_service_tutorial
[19.528s] -- Symlinking: /home/ubuntu/gcamp_ros2_ws/install/cpp_service_tutorial/share/cpp_service_tutorial/environment/ament_prefix_path.sh
[19.584s] -- Symlinking: /home/ubuntu/gcamp_ros2_ws/install/cpp_service_tutorial/share/cpp_service_tutorial/environment/ament_prefix_path.dsv
[19.640s] -- Symlinking: /home/ubuntu/gcamp_ros2_ws/install/cpp_service_tutorial/share/cpp_service_tutorial/environment/path.sh
[19.706s] -- Symlinking: /home/ubuntu/gcamp_ros2_ws/install/cpp_service_tutorial/share/cpp_service_tutorial/environment/path.dsv
[19.760s] -- Symlinking: /home/ubuntu/gcamp_ros2_ws/install/cpp_service_tutorial/share/cpp_service_tutorial/local_setup.bash
[19.784s] -- Symlinking: /home/ubuntu/gcamp_ros2_ws/install/cpp_service_tutorial/share/cpp_service_tutorial/local_setup.sh
[19.816s] -- Symlinking: /home/ubuntu/gcamp_ros2_ws/install/cpp_service_tutorial/share/cpp_service_tutorial/local_setup.zsh
[19.871s] -- Symlinking: /home/ubuntu/gcamp_ros2_ws/install/cpp_service_tutorial/share/cpp_service_tutorial/local_setup.dsv
[19.915s] -- Symlinking: /home/ubuntu/gcamp_ros2_ws/install/cpp_service_tutorial/share/cpp_service_tutorial/package.dsv
[19.982s] -- Symlinking: /home/ubuntu/gcamp_ros2_ws/install/cpp_service_tutorial/share/ament_index/resource_index/packages/cpp_service_tutorial
[20.055s] -- Symlinking: /home/ubuntu/gcamp_ros2_ws/install/cpp_service_tutorial/share/cpp_service_tutorial/cmake/cpp_service_tutorialConfig.cmake
[20.108s] -- Symlinking: /home/ubuntu/gcamp_ros2_ws/install/cpp_service_tutorial/share/cpp_service_tutorial/cmake/cpp_service_tutorialConfig-version.cmake
[20.147s] -- Symlinking: /home/ubuntu/gcamp_ros2_ws/install/cpp_service_tutorial/share/cpp_service_tutorial/package.xml
[20.181s] Invoked command in '/home/ubuntu/gcamp_ros2_ws/build/cpp_service_tutorial' returned '0': CMAKE_PREFIX_PATH=${CMAKE_PREFIX_PATH}:/home/ubuntu/gcamp_ros2_ws/install/py_topic_pkg:/opt/ros/foxy /usr/bin/cmake --install /home/ubuntu/gcamp_ros2_ws/build/cpp_service_tutorial
